[1] "The script is starting..."
[1] "dgCMatrix"
attr(,"package")
[1] "Matrix"
[1] "generating figure for  ./plots/GSE196606_prepare_vlnplot_quality_control_standard_original"
[1] "orig.ident levels() is NULL"

[1] "nCount_RNA levels() is NULL"

[1] "nFeature_RNA levels() is NULL"

[1] "percent.mt levels() is NULL"

[1] "percent.ribo levels() is NULL"

[1] "SampleID levels() is NULL"

[1] "source levels() is NULL"

[1] "nCount_SCT levels() is NULL"

[1] "nFeature_SCT levels() is NULL"

[1] "SCT_snn_res.0.8 levels() is NULL"

[1] "seurat_clusters levels() is not NULL"
 [1] "0"  "1"  "2"  "3"  "4"  "5"  "6"  "7"  "8"  "9"  "10" "11" "12" "13" "14"
[16] "15" "16" "17" "18" "19" "20" "21" "22" "23" "24" "25" "26" "27" "28" "29"
[31] "30" "31" "32" "33" "34" "35" "36" "37" "38" "39" "40" "41" "42" "43" "44"
[46] "45" "46" "47" "48" "49" "50" "51" "52" "53"

[1] "integrated_snn_res.0.6 levels() is not NULL"
 [1] "0"  "1"  "2"  "3"  "4"  "5"  "6"  "7"  "8"  "9"  "10" "11" "12" "13" "14"
[16] "15" "16" "17" "18" "19" "20" "21" "22" "23" "24" "25" "26"

[1] "integrated_snn_res.0.8 levels() is not NULL"
 [1] "0"  "1"  "2"  "3"  "4"  "5"  "6"  "7"  "8"  "9"  "10" "11" "12" "13" "14"
[16] "15" "16" "17" "18" "19" "20" "21" "22" "23" "24" "25" "26" "27" "28" "29"
[31] "30" "31" "32"

[1] "integrated_snn_res.1.2 levels() is not NULL"
 [1] "0"  "1"  "2"  "3"  "4"  "5"  "6"  "7"  "8"  "9"  "10" "11" "12" "13" "14"
[16] "15" "16" "17" "18" "19" "20" "21" "22" "23" "24" "25" "26" "27" "28" "29"
[31] "30" "31" "32" "33" "34" "35" "36" "37" "38" "39"

[1] "integrated_snn_res.1.6 levels() is not NULL"
 [1] "0"  "1"  "2"  "3"  "4"  "5"  "6"  "7"  "8"  "9"  "10" "11" "12" "13" "14"
[16] "15" "16" "17" "18" "19" "20" "21" "22" "23" "24" "25" "26" "27" "28" "29"
[31] "30" "31" "32" "33" "34" "35" "36" "37" "38" "39" "40" "41" "42" "43" "44"

[1] "integrated_snn_res.1.8 levels() is not NULL"
 [1] "0"  "1"  "2"  "3"  "4"  "5"  "6"  "7"  "8"  "9"  "10" "11" "12" "13" "14"
[16] "15" "16" "17" "18" "19" "20" "21" "22" "23" "24" "25" "26" "27" "28" "29"
[31] "30" "31" "32" "33" "34" "35" "36" "37" "38" "39" "40" "41" "42" "43" "44"
[46] "45" "46"

[1] "integrated_snn_res.2 levels() is not NULL"
 [1] "0"  "1"  "2"  "3"  "4"  "5"  "6"  "7"  "8"  "9"  "10" "11" "12" "13" "14"
[16] "15" "16" "17" "18" "19" "20" "21" "22" "23" "24" "25" "26" "27" "28" "29"
[31] "30" "31" "32" "33" "34" "35" "36" "37" "38" "39" "40" "41" "42" "43" "44"
[46] "45" "46" "47" "48"

[1] "integrated_snn_res.2.2 levels() is not NULL"
 [1] "0"  "1"  "2"  "3"  "4"  "5"  "6"  "7"  "8"  "9"  "10" "11" "12" "13" "14"
[16] "15" "16" "17" "18" "19" "20" "21" "22" "23" "24" "25" "26" "27" "28" "29"
[31] "30" "31" "32" "33" "34" "35" "36" "37" "38" "39" "40" "41" "42" "43" "44"
[46] "45" "46" "47" "48" "49" "50" "51" "52" "53"

[1] "group levels() is NULL"

[1] "old_annotation levels() is NULL"

[1] "cellType_final levels() is NULL"

[1] "cellType_corrected levels() is NULL"

[1] "identifier levels() is NULL"

[1] "percent.CARTEx_630 levels() is NULL"

[1] "PFSD.CARTEx_630 levels() is NULL"

[1] "percent.CARTEx_200 levels() is NULL"

[1] "PFSD.CARTEx_200 levels() is NULL"

[1] "percent.CARTEx_84 levels() is NULL"

[1] "PFSD.CARTEx_84 levels() is NULL"

[1] "generating figure for  ./plots/GSE196606_prepare_vlnplot_quality_control_standard_pre"
[1] "generating figure for  ./plots/GSE196606_prepare_vlnplot_quality_control_standard_post"
[1] "generating figure for  ./plots/GSE196606_prepare_varplt_labeled"
[1] "generating figure for  ./plots/GSE196606_prepare_inspect_elbow"
Modularity Optimizer version 1.3.0 by Ludo Waltman and Nees Jan van Eck

Number of nodes: 8118
Number of edges: 311836

Running Louvain algorithm...
Maximum modularity in 10 random starts: 1.0000
Number of communities: 1
Elapsed time: 0 seconds
Modularity Optimizer version 1.3.0 by Ludo Waltman and Nees Jan van Eck

Number of nodes: 8118
Number of edges: 311836

Running Louvain algorithm...
Maximum modularity in 10 random starts: 0.9525
Number of communities: 10
Elapsed time: 0 seconds
Modularity Optimizer version 1.3.0 by Ludo Waltman and Nees Jan van Eck

Number of nodes: 8118
Number of edges: 311836

Running Louvain algorithm...
Maximum modularity in 10 random starts: 0.9310
Number of communities: 14
Elapsed time: 0 seconds
Modularity Optimizer version 1.3.0 by Ludo Waltman and Nees Jan van Eck

Number of nodes: 8118
Number of edges: 311836

Running Louvain algorithm...
Maximum modularity in 10 random starts: 0.9123
Number of communities: 19
Elapsed time: 0 seconds
Modularity Optimizer version 1.3.0 by Ludo Waltman and Nees Jan van Eck

Number of nodes: 8118
Number of edges: 311836

Running Louvain algorithm...
Maximum modularity in 10 random starts: 0.8957
Number of communities: 20
Elapsed time: 0 seconds
Modularity Optimizer version 1.3.0 by Ludo Waltman and Nees Jan van Eck

Number of nodes: 8118
Number of edges: 311836

Running Louvain algorithm...
Maximum modularity in 10 random starts: 0.8793
Number of communities: 21
Elapsed time: 0 seconds
[1] "generating figure for  ./plots/GSE196606_prepare_inspect_clustering"
[1] "Calculating UMAPs..."
[1] "Calculating diffusion maps..."
finding knns......done. Time: 2214.52s
Calculating transition probabilities......done. Time: 0.02s

performing eigen decomposition......done. Time: 0.16s
[1] "Saving Seurat object..."
                                orig.ident nCount_RNA nFeature_RNA percent.mt
C1_Cousin_P1_AAACGCTCACGACGTC-1         C1       4478         1089   8.508263
C1_Cousin_P1_AAACGCTCATGCGTGC-1         C1       5370         1301   9.366853
C1_Cousin_P1_AAAGTGAGTGGATTTC-1         C1       2695         1008   7.384045
C1_Cousin_P1_AACTTCTAGTGGTGAC-1         C1       4738         1027   8.885606
C1_Cousin_P1_AAGCATCAGTGTAGTA-1         C1       7666         1831   9.666058
C1_Cousin_P1_AATGCCAGTCTACATG-1         C1       4904         1169   9.951060
C1_Cousin_P1_ACAACCACAAGTTCCA-1         C1       4613         1209   8.801214
C1_Cousin_P1_ACCAACAGTAACGCGA-1         C1       3872         1410   8.910124
C1_Cousin_P1_ACCCTCAAGTCACTGT-1         C1       9326         1964   9.028522
C1_Cousin_P1_ACGCACGCAATTGTGC-1         C1       5371         1170   9.439583
                                percent.ribo     SampleID                source
C1_Cousin_P1_AAACGCTCACGACGTC-1     53.70701 C1_Cousin_P1 C1_Cousin_P1_filtered
C1_Cousin_P1_AAACGCTCATGCGTGC-1     50.98696 C1_Cousin_P1 C1_Cousin_P1_filtered
C1_Cousin_P1_AAAGTGAGTGGATTTC-1     39.25788 C1_Cousin_P1 C1_Cousin_P1_filtered
C1_Cousin_P1_AACTTCTAGTGGTGAC-1     56.35289 C1_Cousin_P1 C1_Cousin_P1_filtered
C1_Cousin_P1_AAGCATCAGTGTAGTA-1     45.98226 C1_Cousin_P1 C1_Cousin_P1_filtered
C1_Cousin_P1_AATGCCAGTCTACATG-1     52.65090 C1_Cousin_P1 C1_Cousin_P1_filtered
C1_Cousin_P1_ACAACCACAAGTTCCA-1     48.29829 C1_Cousin_P1 C1_Cousin_P1_filtered
C1_Cousin_P1_ACCAACAGTAACGCGA-1     35.04649 C1_Cousin_P1 C1_Cousin_P1_filtered
C1_Cousin_P1_ACCCTCAAGTCACTGT-1     49.89277 C1_Cousin_P1 C1_Cousin_P1_filtered
C1_Cousin_P1_ACGCACGCAATTGTGC-1     55.01769 C1_Cousin_P1 C1_Cousin_P1_filtered
                                nCount_SCT nFeature_SCT SCT_snn_res.0.8
C1_Cousin_P1_AAACGCTCACGACGTC-1       4164         1089               0
C1_Cousin_P1_AAACGCTCATGCGTGC-1       4371         1300               8
C1_Cousin_P1_AAAGTGAGTGGATTTC-1       3591         1007               2
C1_Cousin_P1_AACTTCTAGTGGTGAC-1       4211         1026               0
C1_Cousin_P1_AAGCATCAGTGTAGTA-1       4662         1768               2
C1_Cousin_P1_AATGCCAGTCTACATG-1       4261         1169               0
C1_Cousin_P1_ACAACCACAAGTTCCA-1       4227         1209               8
C1_Cousin_P1_ACCAACAGTAACGCGA-1       3949         1409               2
C1_Cousin_P1_ACCCTCAAGTCACTGT-1       4755         1731               0
C1_Cousin_P1_ACGCACGCAATTGTGC-1       4336         1170               0
                                seurat_clusters integrated_snn_res.0.6
C1_Cousin_P1_AAACGCTCACGACGTC-1              12                      3
C1_Cousin_P1_AAACGCTCATGCGTGC-1              12                      3
C1_Cousin_P1_AAAGTGAGTGGATTTC-1              12                     10
C1_Cousin_P1_AACTTCTAGTGGTGAC-1              12                      3
C1_Cousin_P1_AAGCATCAGTGTAGTA-1              12                      9
C1_Cousin_P1_AATGCCAGTCTACATG-1              12                      3
C1_Cousin_P1_ACAACCACAAGTTCCA-1              12                      6
C1_Cousin_P1_ACCAACAGTAACGCGA-1              12                      8
C1_Cousin_P1_ACCCTCAAGTCACTGT-1              12                      3
C1_Cousin_P1_ACGCACGCAATTGTGC-1              12                      3
                                integrated_snn_res.0.8 integrated_snn_res.1.2
C1_Cousin_P1_AAACGCTCACGACGTC-1                      3                      2
C1_Cousin_P1_AAACGCTCATGCGTGC-1                      3                      2
C1_Cousin_P1_AAAGTGAGTGGATTTC-1                     11                     22
C1_Cousin_P1_AACTTCTAGTGGTGAC-1                      3                      2
C1_Cousin_P1_AAGCATCAGTGTAGTA-1                      9                      9
C1_Cousin_P1_AATGCCAGTCTACATG-1                      3                      2
C1_Cousin_P1_ACAACCACAAGTTCCA-1                      7                     21
C1_Cousin_P1_ACCAACAGTAACGCGA-1                      6                     14
C1_Cousin_P1_ACCCTCAAGTCACTGT-1                      3                      2
C1_Cousin_P1_ACGCACGCAATTGTGC-1                      3                      2
                                integrated_snn_res.1.6 integrated_snn_res.1.8
C1_Cousin_P1_AAACGCTCACGACGTC-1                      0                      1
C1_Cousin_P1_AAACGCTCATGCGTGC-1                      0                      1
C1_Cousin_P1_AAAGTGAGTGGATTTC-1                     24                     24
C1_Cousin_P1_AACTTCTAGTGGTGAC-1                      0                      1
C1_Cousin_P1_AAGCATCAGTGTAGTA-1                     12                     25
C1_Cousin_P1_AATGCCAGTCTACATG-1                      0                      1
C1_Cousin_P1_ACAACCACAAGTTCCA-1                     15                     23
C1_Cousin_P1_ACCAACAGTAACGCGA-1                     29                      9
C1_Cousin_P1_ACCCTCAAGTCACTGT-1                      0                      1
C1_Cousin_P1_ACGCACGCAATTGTGC-1                      0                      1
                                integrated_snn_res.2 integrated_snn_res.2.2
C1_Cousin_P1_AAACGCTCACGACGTC-1                    2                     14
C1_Cousin_P1_AAACGCTCATGCGTGC-1                    2                      3
C1_Cousin_P1_AAAGTGAGTGGATTTC-1                   24                     29
C1_Cousin_P1_AACTTCTAGTGGTGAC-1                    2                      3
C1_Cousin_P1_AAGCATCAGTGTAGTA-1                   28                     23
C1_Cousin_P1_AATGCCAGTCTACATG-1                    2                     14
C1_Cousin_P1_ACAACCACAAGTTCCA-1                   23                     20
C1_Cousin_P1_ACCAACAGTAACGCGA-1                   16                     50
C1_Cousin_P1_ACCCTCAAGTCACTGT-1                   29                     14
C1_Cousin_P1_ACGCACGCAATTGTGC-1                    2                      3
                                  group old_annotation cellType_final
C1_Cousin_P1_AAACGCTCACGACGTC-1 Control     TCD8-naive     TCD8-naive
C1_Cousin_P1_AAACGCTCATGCGTGC-1 Control     TCD8-naive     TCD8-naive
C1_Cousin_P1_AAAGTGAGTGGATTTC-1 Control TCD8-effector2           TCD8
C1_Cousin_P1_AACTTCTAGTGGTGAC-1 Control     TCD8-naive     TCD8-naive
C1_Cousin_P1_AAGCATCAGTGTAGTA-1 Control TCD8-toxic-low     TCD8-toxic
C1_Cousin_P1_AATGCCAGTCTACATG-1 Control     TCD8-naive     TCD8-naive
C1_Cousin_P1_ACAACCACAAGTTCCA-1 Control TCD8-effector1 TCD8-effector1
C1_Cousin_P1_ACCAACAGTAACGCGA-1 Control TCD8-effector2 TCD8-effector2
C1_Cousin_P1_ACCCTCAAGTCACTGT-1 Control     TCD8-naive     TCD8-naive
C1_Cousin_P1_ACGCACGCAATTGTGC-1 Control     TCD8-naive     TCD8-naive
                                cellType_corrected identifier
C1_Cousin_P1_AAACGCTCACGACGTC-1         TCD8-naive  GSE196606
C1_Cousin_P1_AAACGCTCATGCGTGC-1         TCD8-naive  GSE196606
C1_Cousin_P1_AAAGTGAGTGGATTTC-1               TCD8  GSE196606
C1_Cousin_P1_AACTTCTAGTGGTGAC-1         TCD8-naive  GSE196606
C1_Cousin_P1_AAGCATCAGTGTAGTA-1         TCD8-toxic  GSE196606
C1_Cousin_P1_AATGCCAGTCTACATG-1         TCD8-naive  GSE196606
C1_Cousin_P1_ACAACCACAAGTTCCA-1     TCD8-effector1  GSE196606
C1_Cousin_P1_ACCAACAGTAACGCGA-1     TCD8-effector2  GSE196606
C1_Cousin_P1_ACCCTCAAGTCACTGT-1         TCD8-naive  GSE196606
C1_Cousin_P1_ACGCACGCAATTGTGC-1         TCD8-naive  GSE196606
                                percent.CARTEx_630 PFSD.CARTEx_630
C1_Cousin_P1_AAACGCTCACGACGTC-1          0.6922733        3.015873
C1_Cousin_P1_AAACGCTCATGCGTGC-1          0.8752328        4.285714
C1_Cousin_P1_AAAGTGAGTGGATTTC-1          0.8905380        3.015873
C1_Cousin_P1_AACTTCTAGTGGTGAC-1          0.9497678        4.603175
C1_Cousin_P1_AAGCATCAGTGTAGTA-1          1.4870858        7.936508
C1_Cousin_P1_AATGCCAGTCTACATG-1          0.4893964        2.857143
C1_Cousin_P1_ACAACCACAAGTTCCA-1          0.5853024        3.333333
C1_Cousin_P1_ACCAACAGTAACGCGA-1          1.7303719        5.079365
C1_Cousin_P1_ACCCTCAAGTCACTGT-1          0.9543213        7.301587
C1_Cousin_P1_ACGCACGCAATTGTGC-1          0.7075033        4.126984
                                percent.CARTEx_200 PFSD.CARTEx_200
C1_Cousin_P1_AAACGCTCACGACGTC-1          0.2009826             2.0
C1_Cousin_P1_AAACGCTCATGCGTGC-1          0.2234637             2.5
C1_Cousin_P1_AAAGTGAGTGGATTTC-1          0.4081633             4.0
C1_Cousin_P1_AACTTCTAGTGGTGAC-1          0.2321655             3.5
C1_Cousin_P1_AAGCATCAGTGTAGTA-1          0.7044091             7.0
C1_Cousin_P1_AATGCCAGTCTACATG-1          0.1427406             2.0
C1_Cousin_P1_ACAACCACAAGTTCCA-1          0.1951008             3.5
C1_Cousin_P1_ACCAACAGTAACGCGA-1          0.5681818             2.5
C1_Cousin_P1_ACCCTCAAGTCACTGT-1          0.2251769             5.5
C1_Cousin_P1_ACGCACGCAATTGTGC-1          0.1117110             1.5
                                percent.CARTEx_84 PFSD.CARTEx_84 RNA_snn_res.0
C1_Cousin_P1_AAACGCTCACGACGTC-1        0.00000000       0.000000             0
C1_Cousin_P1_AAACGCTCATGCGTGC-1        0.00000000       0.000000             0
C1_Cousin_P1_AAAGTGAGTGGATTTC-1        0.03710575       1.190476             0
C1_Cousin_P1_AACTTCTAGTGGTGAC-1        0.06331786       3.571429             0
C1_Cousin_P1_AAGCATCAGTGTAGTA-1        0.39133838       4.761905             0
C1_Cousin_P1_AATGCCAGTCTACATG-1        0.02039152       1.190476             0
C1_Cousin_P1_ACAACCACAAGTTCCA-1        0.08671147       2.380952             0
C1_Cousin_P1_ACCAACAGTAACGCGA-1        0.30991736       1.190476             0
C1_Cousin_P1_ACCCTCAAGTCACTGT-1        0.04289084       2.380952             0
C1_Cousin_P1_ACGCACGCAATTGTGC-1        0.00000000       0.000000             0
                                RNA_snn_res.0.2 RNA_snn_res.0.4 RNA_snn_res.0.6
C1_Cousin_P1_AAACGCTCACGACGTC-1               7              10              12
C1_Cousin_P1_AAACGCTCATGCGTGC-1               7              10              12
C1_Cousin_P1_AAAGTGAGTGGATTTC-1               7              10              12
C1_Cousin_P1_AACTTCTAGTGGTGAC-1               7              10              12
C1_Cousin_P1_AAGCATCAGTGTAGTA-1               7              10              12
C1_Cousin_P1_AATGCCAGTCTACATG-1               7              10              12
C1_Cousin_P1_ACAACCACAAGTTCCA-1               7              10              12
C1_Cousin_P1_ACCAACAGTAACGCGA-1               1              10              12
C1_Cousin_P1_ACCCTCAAGTCACTGT-1               7              10              12
C1_Cousin_P1_ACGCACGCAATTGTGC-1               7              10              12
                                RNA_snn_res.0.8 RNA_snn_res.1 DC1rank DC2rank
C1_Cousin_P1_AAACGCTCACGACGTC-1              12            13     259    7900
C1_Cousin_P1_AAACGCTCATGCGTGC-1              12            13     194    7955
C1_Cousin_P1_AAAGTGAGTGGATTTC-1              12            13    1418    6835
C1_Cousin_P1_AACTTCTAGTGGTGAC-1              12            13     105    8028
C1_Cousin_P1_AAGCATCAGTGTAGTA-1              12            13    1353    6826
C1_Cousin_P1_AATGCCAGTCTACATG-1              12            13    1044    6760
C1_Cousin_P1_ACAACCACAAGTTCCA-1              12            13     163    7967
C1_Cousin_P1_ACCAACAGTAACGCGA-1              12            13    1826    4827
C1_Cousin_P1_ACCCTCAAGTCACTGT-1              12            13       9    8106
C1_Cousin_P1_ACGCACGCAATTGTGC-1              12            13     120    8010
                                        dpt
C1_Cousin_P1_AAACGCTCACGACGTC-1 0.011267917
C1_Cousin_P1_AAACGCTCATGCGTGC-1 0.012604280
C1_Cousin_P1_AAAGTGAGTGGATTTC-1 0.004791688
C1_Cousin_P1_AACTTCTAGTGGTGAC-1 0.016291037
C1_Cousin_P1_AAGCATCAGTGTAGTA-1 0.005402258
C1_Cousin_P1_AATGCCAGTCTACATG-1 0.006606286
C1_Cousin_P1_ACAACCACAAGTTCCA-1 0.014000985
C1_Cousin_P1_ACCAACAGTAACGCGA-1 0.005214913
C1_Cousin_P1_ACCCTCAAGTCACTGT-1 0.051248706
C1_Cousin_P1_ACGCACGCAATTGTGC-1 0.015238355
[1] "generating figure for  ./plots/GSE196606_prepare_umap_seurat_clusters"
[1] "generating figure for  ./plots/GSE196606_prepare_umap_group"
[1] "generating figure for  ./plots/GSE196606_prepare_umap_cell_type"
[1] "generating figure for  ./plots/GSE196606_prepare_umap_orig_ident"
# A tibble: 10,784 × 7
# Groups:   cluster [21]
       p_val avg_log2FC pct.1 pct.2 p_val_adj cluster gene    
       <dbl>      <dbl> <dbl> <dbl>     <dbl> <fct>   <chr>   
 1 0               1.91 0.979 0.403 0         0       FGFBP2  
 2 0               2.85 0.624 0.113 0         0       HLA-DRB5
 3 0               6.92 0.26  0.004 0         0       MYOM2   
 4 0               1.48 0.998 0.825 0         0       S100A4  
 5 0               1.44 1     0.988 0         0       ACTB    
 6 9.53e-301       1.17 0.999 0.951 1.57e-296 0       SH3BGRL3
 7 4.20e-295       1.20 1     0.942 6.92e-291 0       PFN1    
 8 2.38e-274       2.52 0.577 0.13  3.93e-270 0       HLA-DQA1
 9 1.51e-270       1.22 0.994 0.923 2.48e-266 0       S100A6  
10 4.70e-265       1.40 0.985 0.485 7.74e-261 0       GZMH    
# ℹ 10,774 more rows
[1] "generating figure for  ./plots/GSE196606_prepare_cluster_markers_heatmap"
[1] "Cluster: 0"
# A tibble: 10 × 7
       p_val avg_log2FC pct.1 pct.2 p_val_adj cluster gene    
       <dbl>      <dbl> <dbl> <dbl>     <dbl> <fct>   <chr>   
 1 0               1.91 0.979 0.403 0         0       FGFBP2  
 2 0               2.85 0.624 0.113 0         0       HLA-DRB5
 3 0               6.92 0.26  0.004 0         0       MYOM2   
 4 0               1.48 0.998 0.825 0         0       S100A4  
 5 0               1.44 1     0.988 0         0       ACTB    
 6 9.53e-301       1.17 0.999 0.951 1.57e-296 0       SH3BGRL3
 7 4.20e-295       1.20 1     0.942 6.92e-291 0       PFN1    
 8 2.38e-274       2.52 0.577 0.13  3.93e-270 0       HLA-DQA1
 9 1.51e-270       1.22 0.994 0.923 2.48e-266 0       S100A6  
10 4.70e-265       1.40 0.985 0.485 7.74e-261 0       GZMH    
[1] "Cluster: 1"
# A tibble: 10 × 7
       p_val avg_log2FC pct.1 pct.2 p_val_adj cluster gene  
       <dbl>      <dbl> <dbl> <dbl>     <dbl> <fct>   <chr> 
 1 0               2.07 0.936 0.305 0         1       GNLY  
 2 0               2.19 0.855 0.304 0         1       GZMB  
 3 0               1.06 1     0.977 0         1       MT-ND1
 4 7.91e-291       2.06 0.861 0.388 1.30e-286 1       PRF1  
 5 2.09e-289       3.17 0.496 0.091 3.44e-285 1       CX3CR1
 6 1.05e-277       1.32 0.996 0.826 1.73e-273 1       S100A4
 7 3.13e-268       1.70 0.922 0.476 5.16e-264 1       KLRD1 
 8 2.35e-242       1.92 0.813 0.343 3.87e-238 1       LGALS1
 9 1.80e-225       2.01 0.754 0.328 2.97e-221 1       KLRG1 
10 2.70e-221       1.07 0.988 0.924 4.45e-217 1       S100A6
[1] "Cluster: 2"
# A tibble: 10 × 7
       p_val avg_log2FC pct.1 pct.2 p_val_adj cluster gene   
       <dbl>      <dbl> <dbl> <dbl>     <dbl> <fct>   <chr>  
 1 0               2.80 0.899 0.191 0         2       CCR7   
 2 0               2.10 0.787 0.213 0         2       RCAN3  
 3 2.86e-299       2.43 0.611 0.122 4.71e-295 2       TXK    
 4 2.66e-293       2.04 0.747 0.193 4.39e-289 2       LEF1   
 5 2.15e-279       1.51 0.981 0.433 3.54e-275 2       LTB    
 6 6.90e-253       1.61 0.927 0.424 1.14e-248 2       PIK3IP1
 7 1.97e-243       2.11 0.567 0.122 3.25e-239 2       MAL    
 8 3.79e-234       2.11 0.63  0.165 6.24e-230 2       PASK   
 9 4.15e-233       1.31 0.988 0.482 6.84e-229 2       IL7R   
10 2.65e-231       2.52 0.447 0.079 4.36e-227 2       ACTN1  
[1] "Cluster: 3"
# A tibble: 10 × 7
       p_val avg_log2FC pct.1 pct.2 p_val_adj cluster gene    
       <dbl>      <dbl> <dbl> <dbl>     <dbl> <fct>   <chr>   
 1 0               1.77 1     0.679 0         3       NKG7    
 2 1.23e-299       1.37 0.999 0.712 2.03e-295 3       CCL5    
 3 1.12e-272       1.19 0.999 0.935 1.85e-268 3       IL32    
 4 1.92e-265       1.19 1     0.95  3.17e-261 3       CD52    
 5 3.59e-257       1.11 0.999 0.943 5.91e-253 3       PFN1    
 6 3.62e-253       2.22 0.801 0.329 5.96e-249 3       STAT1   
 7 1.99e-250       1.56 0.948 0.495 3.28e-246 3       GZMH    
 8 7.53e-246       1.82 0.878 0.373 1.24e-241 3       HLA-DRB1
 9 3.06e-237       1.06 0.999 0.952 5.04e-233 3       SH3BGRL3
10 1.29e-232       1.40 0.994 0.586 2.13e-228 3       GZMA    
[1] "Cluster: 4"
# A tibble: 10 × 7
       p_val avg_log2FC pct.1 pct.2 p_val_adj cluster gene  
       <dbl>      <dbl> <dbl> <dbl>     <dbl> <fct>   <chr> 
 1 0               3.49 0.885 0.192 0         4       METRNL
 2 1.44e-262       1.97 0.995 0.772 2.36e-258 4       CXCR4 
 3 4.18e-261       2.91 0.769 0.222 6.89e-257 4       CREM  
 4 1.05e-215       1.93 0.968 0.542 1.74e-211 4       DUSP2 
 5 6.08e-205       1.49 0.994 0.805 1.00e-200 4       SRGN  
 6 7.74e-205       1.94 0.942 0.57  1.27e-200 4       PIK3R1
 7 1.06e-151       1.39 1     0.967 1.75e-147 4       FTH1  
 8 7.40e-146       2.29 0.568 0.167 1.22e-141 4       FOSL2 
 9 2.54e-145       1.06 0.998 0.951 4.19e-141 4       BTG1  
10 1.92e-142       2.00 0.765 0.374 3.16e-138 4       TUBA4A
[1] "Cluster: 5"
# A tibble: 10 × 7
       p_val avg_log2FC pct.1 pct.2 p_val_adj cluster gene   
       <dbl>      <dbl> <dbl> <dbl>     <dbl> <fct>   <chr>  
 1 0               2.19 0.895 0.144 0         5       RPS4Y1 
 2 9.39e-253       3.07 0.476 0.061 1.55e-248 5       DDX3Y  
 3 2.51e-170       3.15 0.32  0.039 4.14e-166 5       UTY    
 4 3.21e-156       3.03 0.311 0.041 5.29e-152 5       USP9Y  
 5 8.86e-136       1.92 0.716 0.282 1.46e-131 5       CMC1   
 6 5.88e-106       1.07 0.971 0.801 9.69e-102 5       TSC22D3
 7 9.79e- 94       2.32 0.333 0.076 1.61e- 89 5       KLRF1  
 8 3.18e- 93       1.10 0.891 0.575 5.24e- 89 5       PIK3R1 
 9 6.22e- 89       3.45 0.139 0.013 1.02e- 84 5       KDM5D  
10 9.63e- 88       2.87 0.194 0.028 1.59e- 83 5       PRKY   
[1] "Cluster: 6"
# A tibble: 10 × 7
       p_val avg_log2FC pct.1 pct.2 p_val_adj cluster gene  
       <dbl>      <dbl> <dbl> <dbl>     <dbl> <fct>   <chr> 
 1 0               3.03 0.948 0.145 0         6       RPS4Y1
 2 8.98e-189       1.03 0.998 0.962 1.48e-184 6       RPS10 
 3 4.61e-182       1.14 1     0.976 7.60e-178 6       TXNIP 
 4 5.53e-178       1.92 0.772 0.221 9.11e-174 6       LEF1  
 5 3.07e-175       2.17 0.442 0.066 5.06e-171 6       DDX3Y 
 6 1.40e-165       1.82 0.787 0.244 2.31e-161 6       RCAN3 
 7 1.07e-141       2.58 0.315 0.042 1.76e-137 6       USP9Y 
 8 5.47e-131       2.46 0.304 0.042 9.01e-127 6       UTY   
 9 2.60e-125       1.91 0.553 0.147 4.28e-121 6       MAL   
10 3.85e-125       1.77 0.662 0.213 6.35e-121 6       AIF1  
[1] "Cluster: 7"
# A tibble: 10 × 7
       p_val avg_log2FC pct.1 pct.2 p_val_adj cluster gene 
       <dbl>      <dbl> <dbl> <dbl>     <dbl> <fct>   <chr>
 1 0               5.69 0.985 0.075 0         7       HBA2 
 2 0               6.13 0.928 0.092 0         7       HBB  
 3 0               5.28 0.879 0.058 0         7       HBA1 
 4 8.67e-175       2.32 0.884 0.285 1.43e-170 7       CMC1 
 5 1.68e-163       2.29 0.825 0.248 2.76e-159 7       GZMK 
 6 2.13e-111       1.55 0.972 0.555 3.50e-107 7       DUSP2
 7 1.01e- 83       2.25 0.374 0.08  1.66e- 79 7       KLRF1
 8 1.42e- 80       1.07 0.992 0.779 2.35e- 76 7       CXCR4
 9 4.11e- 74       2.93 0.247 0.041 6.77e- 70 7       SYNM 
10 3.82e- 60       6.59 0.049 0.001 6.30e- 56 7       HBD  
[1] "Cluster: 8"
# A tibble: 10 × 7
       p_val avg_log2FC pct.1 pct.2 p_val_adj cluster gene  
       <dbl>      <dbl> <dbl> <dbl>     <dbl> <fct>   <chr> 
 1 1.95e-197       2.74 0.686 0.134 3.21e-193 8       FOSB  
 2 1.11e-160       1.02 1     0.988 1.83e-156 8       MT-ND4
 3 7.87e-141       2.40 0.686 0.189 1.30e-136 8       FOS   
 4 1.23e-134       1.81 0.964 0.473 2.02e-130 8       LTB   
 5 2.40e-120       2.09 0.647 0.176 3.96e-116 8       RPS4Y1
 6 2.66e- 91       1.94 0.675 0.263 4.39e- 87 8       CD27  
 7 1.27e- 89       1.66 0.86  0.481 2.10e- 85 8       JUN   
 8 1.70e- 79       1.84 0.613 0.224 2.79e- 75 8       AIF1  
 9 7.04e- 78       2.05 0.506 0.158 1.16e- 73 8       MAL   
10 3.22e- 76       1.51 0.766 0.369 5.30e- 72 8       SELL  
[1] "Cluster: 9"
# A tibble: 10 × 7
       p_val avg_log2FC pct.1 pct.2 p_val_adj cluster gene    
       <dbl>      <dbl> <dbl> <dbl>     <dbl> <fct>   <chr>   
 1 1.16e-114       2.85 0.44  0.065 1.92e-110 9       HLA-DQA2
 2 5.18e- 94       2.22 0.625 0.161 8.53e- 90 9       HLA-DRB5
 3 8.67e- 90       2.32 0.596 0.154 1.43e- 85 9       CD160   
 4 1.99e- 71       2.07 0.585 0.172 3.28e- 67 9       HLA-DQA1
 5 4.24e- 66       2.18 0.535 0.158 6.99e- 62 9       PMAIP1  
 6 3.33e- 61       1.36 0.767 0.298 5.48e- 57 9       CMC1    
 7 3.29e- 54       1.78 0.625 0.248 5.41e- 50 9       HLA-DRA 
 8 1.51e- 53       2.37 0.305 0.063 2.48e- 49 9       PDLIM1  
 9 8.95e- 51       1.23 0.873 0.502 1.47e- 46 9       HLA-DPA1
10 1.51e- 47       1.38 0.847 0.568 2.49e- 43 9       COTL1   
[1] "Cluster: 10"
# A tibble: 10 × 7
      p_val avg_log2FC pct.1 pct.2 p_val_adj cluster gene  
      <dbl>      <dbl> <dbl> <dbl>     <dbl> <fct>   <chr> 
 1 8.27e-79       1.67 0.957 0.482  1.36e-74 10      LTB   
 2 1.94e-70       1.82 0.729 0.261  3.19e-66 10      GZMK  
 3 3.05e-64       1.56 0.977 0.804  5.03e-60 10      JUNB  
 4 7.57e-63       1.86 0.442 0.108  1.25e-58 10      HBA2  
 5 4.43e-56       1.90 0.473 0.127  7.29e-52 10      GPR183
 6 4.07e-49       1.21 0.938 0.527  6.70e-45 10      IL7R  
 7 7.76e-48       1.55 0.36  0.089  1.28e-43 10      HBA1  
 8 1.06e-37       1.52 0.616 0.256  1.74e-33 10      NR4A2 
 9 1.11e-36       1.47 0.678 0.331  1.82e-32 10      CLDND1
10 2.24e-33       1.16 0.624 0.269  3.69e-29 10      RCAN3 
[1] "Cluster: 11"
# A tibble: 10 × 7
      p_val avg_log2FC pct.1 pct.2 p_val_adj cluster gene    
      <dbl>      <dbl> <dbl> <dbl>     <dbl> <fct>   <chr>   
 1 9.91e-96       1.25 1     0.979  1.63e-91 11      MT-ND1  
 2 2.51e-89       1.68 0.983 0.831  4.13e-85 11      RBM39   
 3 6.10e-70       2.12 0.834 0.501  1.01e-65 11      PRPF4B  
 4 1.24e-63       1.48 0.928 0.785  2.04e-59 11      PRRC2C  
 5 1.44e-50       1.31 0.928 0.845  2.37e-46 11      FUS     
 6 3.82e-50       2.55 0.489 0.161  6.29e-46 11      PMAIP1  
 7 4.34e-49       1.49 0.834 0.615  7.15e-45 11      BCLAF1  
 8 2.54e-47       2.67 0.515 0.195  4.18e-43 11      HIST1H1C
 9 1.08e-46       1.85 0.749 0.478  1.78e-42 11      OGA     
10 1.19e-46       2.25 0.6   0.286  1.96e-42 11      MT-ND6  
[1] "Cluster: 12"
# A tibble: 10 × 7
      p_val avg_log2FC pct.1 pct.2 p_val_adj cluster gene   
      <dbl>      <dbl> <dbl> <dbl>     <dbl> <fct>   <chr>  
 1 6.91e-95       2.32 0.829 0.248  1.14e-90 12      CREM   
 2 1.00e-89       1.79 1     0.969  1.65e-85 12      FTH1   
 3 3.00e-88       2.30 0.806 0.255  4.94e-84 12      ZNF331 
 4 7.55e-84       2.32 0.787 0.254  1.24e-79 12      NR4A2  
 5 1.35e-77       1.58 0.995 0.783  2.23e-73 12      CXCR4  
 6 1.65e-77       1.95 0.768 0.231  2.71e-73 12      METRNL 
 7 2.55e-75       2.68 0.427 0.073  4.21e-71 12      AREG   
 8 1.00e-74       1.45 1     0.894  1.65e-70 12      ZFP36L2
 9 3.47e-71       1.73 0.991 0.804  5.71e-67 12      JUNB   
10 1.32e-65       1.52 0.976 0.588  2.17e-61 12      PIK3R1 
[1] "Cluster: 13"
# A tibble: 10 × 7
      p_val avg_log2FC pct.1 pct.2 p_val_adj cluster gene      
      <dbl>      <dbl> <dbl> <dbl>     <dbl> <fct>   <chr>     
 1 1.82e-73       1.14 1     0.996  3.00e-69 13      RPL27A    
 2 1.23e-67       1.26 0.989 0.995  2.03e-63 13      RPL7      
 3 3.63e-64       3.42 0.313 0.044  5.99e-60 13      AP001267.5
 4 3.91e-43       8.14 0.038 0.001  6.45e-39 13      CCL2      
 5 4.72e-38       2.58 0.824 0.6    7.77e-34 13      RPS17     
 6 5.99e-36       1.38 0.995 0.969  9.86e-32 13      FTH1      
 7 3.33e-35       2.63 0.346 0.087  5.49e-31 13      RELB      
 8 1.04e-31       2.69 0.319 0.083  1.71e-27 13      SNX9      
 9 1.04e-30       1.28 0.984 0.978  1.71e-26 13      RPL31     
10 5.75e-27       1.39 0.742 0.52   9.48e-23 13      NFKBIA    
[1] "Cluster: 14"
# A tibble: 10 × 7
      p_val avg_log2FC pct.1 pct.2 p_val_adj cluster gene   
      <dbl>      <dbl> <dbl> <dbl>     <dbl> <fct>   <chr>  
 1 2.05e-82       2.49 0.691 0.15   3.38e-78 14      FOSB   
 2 5.88e-50       1.74 0.963 0.489  9.69e-46 14      JUN    
 3 1.20e-34       1.97 0.58  0.205  1.97e-30 14      FOS    
 4 1.83e-32       1.32 0.895 0.489  3.01e-28 14      LTB    
 5 1.35e-29       1.52 0.66  0.274  2.22e-25 14      CD27   
 6 3.74e-23       7.39 0.012 0      6.16e-19 14      TMEM246
 7 9.94e-23       3.96 0.068 0.005  1.64e-18 14      CPNE7  
 8 1.45e-22       1.37 0.617 0.277  2.38e-18 14      GIMAP1 
 9 3.30e-22       1.77 0.321 0.093  5.43e-18 14      AQP3   
10 1.79e-19       1.03 0.765 0.442  2.95e-15 14      GIMAP4 
[1] "Cluster: 15"
# A tibble: 10 × 7
       p_val avg_log2FC pct.1 pct.2 p_val_adj cluster gene  
       <dbl>      <dbl> <dbl> <dbl>     <dbl> <fct>   <chr> 
 1 0               6.12 0.628 0.022 0         15      IFIT3 
 2 0               6.26 0.405 0.008 0         15      IFIT1 
 3 7.00e-192       5.11 0.397 0.015 1.15e-187 15      RSAD2 
 4 3.82e-124       4.59 0.364 0.021 6.29e-120 15      CMPK2 
 5 1.08e-114       4.14 0.421 0.031 1.78e-110 15      OAS3  
 6 1.67e-108       2.49 0.983 0.186 2.76e-104 15      RPS4Y1
 7 7.33e-106       4.14 0.43  0.036 1.21e-101 15      SGK1  
 8 3.39e- 98       3.24 0.636 0.085 5.58e- 94 15      HELZ2 
 9 4.48e- 92       3.39 0.752 0.139 7.38e- 88 15      SOCS3 
10 3.26e- 88       3.03 0.702 0.121 5.37e- 84 15      MX1   
[1] "Cluster: 16"
# A tibble: 10 × 7
       p_val avg_log2FC pct.1 pct.2 p_val_adj cluster gene  
       <dbl>      <dbl> <dbl> <dbl>     <dbl> <fct>   <chr> 
 1 9.28e-149       2.46 0.978 0.109 1.53e-144 16      HBA2  
 2 2.18e-127       1.41 0.956 0.123 3.60e-123 16      HBB   
 3 1.13e-119       2.22 0.813 0.089 1.86e-115 16      HBA1  
 4 6.70e-100       3.83 0.604 0.06  1.10e- 95 16      S100B 
 5 9.37e- 45       7.52 0.033 0     1.54e- 40 16      DMRTA1
 6 9.15e- 41       5.43 0.077 0.002 1.51e- 36 16      ABO   
 7 2.94e- 40       8.61 0.022 0     4.84e- 36 16      ACSM6 
 8 5.98e- 36       1.80 0.835 0.274 9.85e- 32 16      RCAN3 
 9 4.50e- 33       2.00 0.659 0.174 7.41e- 29 16      TXK   
10 1.69e- 32       1.92 0.725 0.22  2.78e- 28 16      NELL2 
[1] "Cluster: 17"
# A tibble: 10 × 7
       p_val avg_log2FC pct.1 pct.2 p_val_adj cluster gene   
       <dbl>      <dbl> <dbl> <dbl>     <dbl> <fct>   <chr>  
 1 2.53e-287       8.42 0.235 0.001 4.17e-283 17      KIR2DL4
 2 6.31e-181       5.92 0.338 0.006 1.04e-176 17      KIR2DL1
 3 6.01e-132       5.10 0.368 0.012 9.91e-128 17      KIR3DL2
 4 5.26e-124       5.81 0.265 0.006 8.67e-120 17      KIR2DL3
 5 1.43e-113       5.27 0.25  0.006 2.35e-109 17      KIR3DL1
 6 4.59e-100       4.21 0.559 0.039 7.56e- 96 17      KLRC2  
 7 9.23e- 96       3.99 0.603 0.047 1.52e- 91 17      TYROBP 
 8 2.56e- 90       6.16 0.206 0.005 4.21e- 86 17      B3GNT7 
 9 2.32e- 87       4.72 0.294 0.012 3.82e- 83 17      KLRC3  
10 3.76e- 85       7.03 0.088 0.001 6.19e- 81 17      TFCP2L1
[1] "Cluster: 18"
# A tibble: 10 × 7
       p_val avg_log2FC pct.1 pct.2 p_val_adj cluster gene  
       <dbl>      <dbl> <dbl> <dbl>     <dbl> <fct>   <chr> 
 1 0               7.20 0.912 0.015 0         18      NRGN  
 2 0               7.14 0.719 0.007 0         18      CAVIN2
 3 0               7.15 0.614 0.007 0         18      GNG11 
 4 2.98e-302       8.48 0.246 0.001 4.92e-298 18      TREML1
 5 1.44e-292       7.38 0.316 0.002 2.38e-288 18      SPARC 
 6 1.77e-272       6.30 0.614 0.013 2.91e-268 18      PF4   
 7 2.24e-224       7.35 0.281 0.002 3.68e-220 18      PF4V1 
 8 3.15e-223       7.60 0.246 0.002 5.19e-219 18      MYL9  
 9 3.20e-206       6.86 0.316 0.004 5.26e-202 18      TUBB1 
10 5.28e-194       5.79 0.754 0.031 8.70e-190 18      PPBP  
[1] "Cluster: 19"
# A tibble: 10 × 7
      p_val avg_log2FC pct.1 pct.2 p_val_adj cluster gene    
      <dbl>      <dbl> <dbl> <dbl>     <dbl> <fct>   <chr>   
 1 2.79e-53       4.12 0.527 0.056  4.59e-49 19      SCML1   
 2 9.78e-34       8.69 0.018 0      1.61e-29 19      CHRND   
 3 9.78e-34       9.01 0.018 0      1.61e-29 19      LDLRAD3 
 4 9.78e-34       8.76 0.018 0      1.61e-29 19      SERINC4 
 5 9.78e-34       8.69 0.018 0      1.61e-29 19      COL9A3  
 6 9.78e-34       8.91 0.018 0      1.61e-29 19      CASQ1   
 7 9.78e-34       8.87 0.018 0      1.61e-29 19      PMEL    
 8 9.78e-34       9.53 0.018 0      1.61e-29 19      GPR179  
 9 9.78e-34       8.50 0.018 0      1.61e-29 19      ACP4    
10 9.78e-34       9.07 0.018 0      1.61e-29 19      HIST1H4L
[1] "Cluster: 20"
# A tibble: 10 × 7
   p_val avg_log2FC pct.1 pct.2 p_val_adj cluster gene    
   <dbl>      <dbl> <dbl> <dbl>     <dbl> <fct>   <chr>   
 1     0       9.99 0.867 0.001         0 20      IGHD    
 2     0       8.60 0.867 0.002         0 20      BANK1   
 3     0      10.0  0.8   0.001         0 20      FCRL1   
 4     0       8.60 0.733 0.001         0 20      CD22    
 5     0       9.36 0.6   0.001         0 20      COBLL1  
 6     0       9.10 0.467 0             0 20      ARHGAP24
 7     0       9.37 0.467 0.001         0 20      PAX5    
 8     0       8.36 0.4   0.001         0 20      EBF1    
 9     0       8.72 0.4   0.001         0 20      FCER2   
10     0       9.05 0.333 0             0 20      GAPT    
[1] "Cluster: 0"
[1] "FGFBP2, HLA-DRB5, MYOM2, S100A4, ACTB, SH3BGRL3, PFN1, HLA-DQA1, S100A6, GZMH"

[1] "Cluster: 1"
[1] "GNLY, GZMB, MT-ND1, PRF1, CX3CR1, S100A4, KLRD1, LGALS1, KLRG1, S100A6"

[1] "Cluster: 2"
[1] "CCR7, RCAN3, TXK, LEF1, LTB, PIK3IP1, MAL, PASK, IL7R, ACTN1"

[1] "Cluster: 3"
[1] "NKG7, CCL5, IL32, CD52, PFN1, STAT1, GZMH, HLA-DRB1, SH3BGRL3, GZMA"

[1] "Cluster: 4"
[1] "METRNL, CXCR4, CREM, DUSP2, SRGN, PIK3R1, FTH1, FOSL2, BTG1, TUBA4A"

[1] "Cluster: 5"
[1] "RPS4Y1, DDX3Y, UTY, USP9Y, CMC1, TSC22D3, KLRF1, PIK3R1, KDM5D, PRKY"

[1] "Cluster: 6"
[1] "RPS4Y1, RPS10, TXNIP, LEF1, DDX3Y, RCAN3, USP9Y, UTY, MAL, AIF1"

[1] "Cluster: 7"
[1] "HBA2, HBB, HBA1, CMC1, GZMK, DUSP2, KLRF1, CXCR4, SYNM, HBD"

[1] "Cluster: 8"
[1] "FOSB, MT-ND4, FOS, LTB, RPS4Y1, CD27, JUN, AIF1, MAL, SELL"

[1] "Cluster: 9"
[1] "HLA-DQA2, HLA-DRB5, CD160, HLA-DQA1, PMAIP1, CMC1, HLA-DRA, PDLIM1, HLA-DPA1, COTL1"

[1] "Cluster: 10"
[1] "LTB, GZMK, JUNB, HBA2, GPR183, IL7R, HBA1, NR4A2, CLDND1, RCAN3"

[1] "Cluster: 11"
[1] "MT-ND1, RBM39, PRPF4B, PRRC2C, FUS, PMAIP1, BCLAF1, HIST1H1C, OGA, MT-ND6"

[1] "Cluster: 12"
[1] "CREM, FTH1, ZNF331, NR4A2, CXCR4, METRNL, AREG, ZFP36L2, JUNB, PIK3R1"

[1] "Cluster: 13"
[1] "RPL27A, RPL7, AP001267.5, CCL2, RPS17, FTH1, RELB, SNX9, RPL31, NFKBIA"

[1] "Cluster: 14"
[1] "FOSB, JUN, FOS, LTB, CD27, TMEM246, CPNE7, GIMAP1, AQP3, GIMAP4"

[1] "Cluster: 15"
[1] "IFIT3, IFIT1, RSAD2, CMPK2, OAS3, RPS4Y1, SGK1, HELZ2, SOCS3, MX1"

[1] "Cluster: 16"
[1] "HBA2, HBB, HBA1, S100B, DMRTA1, ABO, ACSM6, RCAN3, TXK, NELL2"

[1] "Cluster: 17"
[1] "KIR2DL4, KIR2DL1, KIR3DL2, KIR2DL3, KIR3DL1, KLRC2, TYROBP, B3GNT7, KLRC3, TFCP2L1"

[1] "Cluster: 18"
[1] "NRGN, CAVIN2, GNG11, TREML1, SPARC, PF4, PF4V1, MYL9, TUBB1, PPBP"

[1] "Cluster: 19"
[1] "SCML1, CHRND, LDLRAD3, SERINC4, COL9A3, CASQ1, PMEL, GPR179, ACP4, HIST1H4L"

[1] "Cluster: 20"
[1] "IGHD, BANK1, FCRL1, CD22, COBLL1, ARHGAP24, PAX5, EBF1, FCER2, GAPT"

[1] "The script has completed..."
    user   system  elapsed 
2617.981   67.512 2705.405 
R version 4.2.0 (2022-04-22)
Platform: x86_64-pc-linux-gnu (64-bit)
Running under: CentOS Linux 7 (Core)

Matrix products: default
BLAS/LAPACK: /share/software/user/open/openblas/0.3.10/lib/libopenblas_haswellp-r0.3.10.so

locale:
 [1] LC_CTYPE=en_US.UTF-8       LC_NUMERIC=C              
 [3] LC_TIME=en_US.UTF-8        LC_COLLATE=en_US.UTF-8    
 [5] LC_MONETARY=en_US.UTF-8    LC_MESSAGES=en_US.UTF-8   
 [7] LC_PAPER=en_US.UTF-8       LC_NAME=C                 
 [9] LC_ADDRESS=C               LC_TELEPHONE=C            
[11] LC_MEASUREMENT=en_US.UTF-8 LC_IDENTIFICATION=C       

attached base packages:
[1] grid      stats4    stats     graphics  grDevices utils     datasets 
[8] methods   base     

other attached packages:
 [1] ComplexHeatmap_2.14.0       ComplexUpset_1.3.3         
 [3] ggbeeswarm_0.7.2            glmGamPoi_1.10.2           
 [5] ROGUE_1.0                   clustree_0.5.1             
 [7] ggraph_2.1.0                EnhancedVolcano_1.16.0     
 [9] ggrepel_0.9.5               patchwork_1.2.0            
[11] data.table_1.15.0           destiny_3.12.0             
[13] scuttle_1.11.3              SingleCellExperiment_1.20.1
[15] SingleR_2.0.0               SummarizedExperiment_1.28.0
[17] Biobase_2.58.0              GenomicRanges_1.50.2       
[19] GenomeInfoDb_1.34.9         IRanges_2.32.0             
[21] S4Vectors_0.36.2            BiocGenerics_0.44.0        
[23] MatrixGenerics_1.10.0       matrixStats_1.1.0          
[25] dplyr_1.1.4                 stringr_1.5.1              
[27] ggplotify_0.1.2             ggpubr_0.6.0               
[29] ggplot2_3.4.4               Seurat_5.0.1               
[31] SeuratObject_5.0.1          sp_2.1-3                   

loaded via a namespace (and not attached):
  [1] rsvd_1.0.5                vcd_1.4-12               
  [3] ica_1.0-3                 class_7.3-22             
  [5] foreach_1.5.2             lmtest_0.9-40            
  [7] crayon_1.5.2              laeken_0.5.3             
  [9] MASS_7.3-60.0.1           nlme_3.1-164             
 [11] backports_1.4.1           rlang_1.1.3              
 [13] XVector_0.38.0            ROCR_1.0-11              
 [15] irlba_2.3.5.1             limma_3.54.2             
 [17] smoother_1.1              BiocParallel_1.32.6      
 [19] rjson_0.2.21              glue_1.7.0               
 [21] sctransform_0.4.1         parallel_4.2.0           
 [23] vipor_0.4.7               spatstat.sparse_3.0-3    
 [25] dotCall64_1.1-1           spatstat.geom_3.2-8      
 [27] tidyselect_1.2.0          fitdistrplus_1.1-11      
 [29] tidyr_1.3.1               zoo_1.8-12               
 [31] xtable_1.8-4              RcppHNSW_0.6.0           
 [33] magrittr_2.0.3            cli_3.6.2                
 [35] zlibbioc_1.44.0           miniUI_0.1.1.1           
 [37] RcppEigen_0.3.3.9.4       fastDummies_1.7.3        
 [39] shiny_1.8.0               BiocSingular_1.14.0      
 [41] clue_0.3-65               cluster_2.1.6            
 [43] tidygraph_1.3.0           pcaMethods_1.90.0        
 [45] tibble_3.2.1              listenv_0.9.1            
 [47] png_0.1-8                 future_1.33.1            
 [49] withr_3.0.0               bitops_1.0-7             
 [51] ggforce_0.4.1             ranger_0.16.0            
 [53] plyr_1.8.9                e1071_1.7-14             
 [55] pillar_1.9.0              GlobalOptions_0.1.2      
 [57] cachem_1.0.8              fs_1.6.3                 
 [59] scatterplot3d_0.3-44      TTR_0.24.4               
 [61] GetoptLong_1.0.5          DelayedMatrixStats_1.20.0
 [63] xts_0.13.2                vctrs_0.6.5              
 [65] ellipsis_0.3.2            generics_0.1.3           
 [67] tools_4.2.0               beeswarm_0.4.0           
 [69] munsell_0.5.0             tweenr_2.0.2             
 [71] proxy_0.4-27              DelayedArray_0.24.0      
 [73] fastmap_1.1.1             compiler_4.2.0           
 [75] abind_1.4-5               httpuv_1.6.14            
 [77] plotly_4.10.4             GenomeInfoDbData_1.2.9   
 [79] gridExtra_2.3             lattice_0.22-5           
 [81] deldir_2.0-2              utf8_1.2.3               
 [83] later_1.3.2               jsonlite_1.8.8           
 [85] ggplot.multistats_1.0.0   scales_1.3.0             
 [87] ScaledMatrix_1.6.0        pbapply_1.7-2            
 [89] carData_3.0-5             sparseMatrixStats_1.10.0 
 [91] lazyeval_0.2.2            promises_1.2.1           
 [93] car_3.1-2                 doParallel_1.0.17        
 [95] goftest_1.2-3             spatstat.utils_3.0-4     
 [97] reticulate_1.35.0         checkmate_2.3.1          
 [99] cowplot_1.1.3             Rtsne_0.17               
[101] uwot_0.1.16               igraph_1.6.0             
[103] survival_3.5-8            systemfonts_1.0.5        
[105] htmltools_0.5.7           memoise_2.0.1            
[107] graphlayouts_1.1.0        viridisLite_0.4.2        
[109] digest_0.6.34             mime_0.12                
[111] spam_2.10-0               yulab.utils_0.1.4        
[113] future.apply_1.11.1       splines_4.2.0            
[115] labeling_0.4.3            RCurl_1.98-1.14          
[117] broom_1.0.5               colorspace_2.1-0         
[119] shape_1.4.6               ggrastr_1.0.2            
[121] nnet_7.3-19               Rcpp_1.0.12              
[123] RANN_2.6.1                circlize_0.4.15          
[125] fansi_1.0.4               VIM_6.2.2                
[127] parallelly_1.37.0         R6_2.5.1                 
[129] ggridges_0.5.6            lifecycle_1.0.4          
[131] curl_5.2.0                ggsignif_0.6.4           
[133] leiden_0.4.3.1            robustbase_0.99-2        
[135] Matrix_1.6-5              RcppAnnoy_0.0.22         
[137] RColorBrewer_1.1-3        iterators_1.0.14         
[139] spatstat.explore_3.2-6    htmlwidgets_1.6.4        
[141] beachmat_2.14.2           polyclip_1.10-6          
[143] purrr_1.0.2               gridGraphics_0.5-1       
[145] globals_0.16.2            spatstat.random_3.2-2    
[147] progressr_0.14.0          codetools_0.2-19         
[149] RSpectra_0.16-1           gtable_0.3.4             
[151] tensor_1.5                httr_1.4.7               
[153] KernSmooth_2.23-20        stringi_1.7.8            
[155] presto_1.0.0              reshape2_1.4.4           
[157] farver_2.1.1              viridis_0.6.5            
[159] ggthemes_5.1.0            hexbin_1.28.3            
[161] boot_1.3-28.1             scattermore_1.2          
[163] DEoptimR_1.1-3            spatstat.data_3.0-4      
[165] pkgconfig_2.0.3           knn.covertree_1.0        
[167] rstatix_0.7.2            
