[1] "The script is starting..."
[1] "generating figure for  ./plots/GSE151511_prepare_vlnplot_quality_control_standard_original"
[1] "orig.ident levels() is NULL"

[1] "nCount_RNA levels() is NULL"

[1] "nFeature_RNA levels() is NULL"

[1] "percent.mt levels() is NULL"

[1] "identifier levels() is NULL"

[1] "percent.CARTEx_630 levels() is NULL"

[1] "PFSD.CARTEx_630 levels() is NULL"

[1] "percent.CARTEx_200 levels() is NULL"

[1] "PFSD.CARTEx_200 levels() is NULL"

[1] "percent.CARTEx_84 levels() is NULL"

[1] "PFSD.CARTEx_84 levels() is NULL"

[1] "ClinicalResponse levels() is not NULL"
[1] "CR" "PR" "PD" "NE"

[1] "EMR levels() is not NULL"
[1] "GOOD" "BAD"  "NE"  

[1] "Responder levels() is not NULL"
[1] "R"  "NR" "NE"

[1] "CRS levels() is not NULL"
[1] "1" "2" "3" "4"

[1] "ICANS levels() is not NULL"
[1] "0" "1" "2" "3" "4"

[1] "generating figure for  ./plots/GSE151511_prepare_vlnplot_quality_control_standard_pre"
[1] "generating figure for  ./plots/GSE151511_prepare_vlnplot_quality_control_standard_post"
[1] "generating figure for  ./plots/GSE151511_prepare_varplt_labeled"
[1] "generating figure for  ./plots/GSE151511_prepare_inspect_elbow"
Modularity Optimizer version 1.3.0 by Ludo Waltman and Nees Jan van Eck

Number of nodes: 49962
Number of edges: 1491158

Running Louvain algorithm...
Maximum modularity in 10 random starts: 1.0000
Number of communities: 1
Elapsed time: 12 seconds
Modularity Optimizer version 1.3.0 by Ludo Waltman and Nees Jan van Eck

Number of nodes: 49962
Number of edges: 1491158

Running Louvain algorithm...
Maximum modularity in 10 random starts: 0.9134
Number of communities: 7
Elapsed time: 11 seconds
Modularity Optimizer version 1.3.0 by Ludo Waltman and Nees Jan van Eck

Number of nodes: 49962
Number of edges: 1491158

Running Louvain algorithm...
Maximum modularity in 10 random starts: 0.8793
Number of communities: 12
Elapsed time: 12 seconds
Modularity Optimizer version 1.3.0 by Ludo Waltman and Nees Jan van Eck

Number of nodes: 49962
Number of edges: 1491158

Running Louvain algorithm...
Maximum modularity in 10 random starts: 0.8573
Number of communities: 15
Elapsed time: 11 seconds
Modularity Optimizer version 1.3.0 by Ludo Waltman and Nees Jan van Eck

Number of nodes: 49962
Number of edges: 1491158

Running Louvain algorithm...
Maximum modularity in 10 random starts: 0.8421
Number of communities: 19
Elapsed time: 11 seconds
Modularity Optimizer version 1.3.0 by Ludo Waltman and Nees Jan van Eck

Number of nodes: 49962
Number of edges: 1491158

Running Louvain algorithm...
Maximum modularity in 10 random starts: 0.8307
Number of communities: 23
Elapsed time: 11 seconds
[1] "generating figure for  ./plots/GSE151511_prepare_inspect_clustering"
[1] "Calculating UMAPs..."
[1] "Saving Seurat object..."
                        orig.ident nCount_RNA nFeature_RNA percent.mt
pt01_AAACGGGTCACATACG-1       pt01      10664         3043   2.334959
pt01_AAACGGGTCTGATTCT-1       pt01      10486         2978   2.126645
pt01_AAAGATGGTTCACCTC-1       pt01       7138         2271   2.605772
pt01_AAAGCAAAGCGCTCCA-1       pt01      15906         3702   3.508110
pt01_AAAGCAAAGCGTCTAT-1       pt01      11434         3011   2.466328
pt01_AAAGCAAAGGCAAAGA-1       pt01       7234         2382   2.958253
pt01_AAAGCAACAAACAACA-1       pt01       5471         2059   2.942789
pt01_AAAGCAACACCTATCC-1       pt01       7051         2277   1.474968
pt01_AAAGCAAGTGAAAGAG-1       pt01       3773         1468   2.040816
pt01_AAATGCCGTAGGGTAC-1       pt01       7561         2331   3.213861
                        identifier percent.CARTEx_630 PFSD.CARTEx_630
pt01_AAACGGGTCACATACG-1  GSE151511          0.7501875        7.777778
pt01_AAACGGGTCTGATTCT-1  GSE151511          1.1634560        8.888889
pt01_AAAGATGGTTCACCTC-1  GSE151511          1.1067526        7.301587
pt01_AAAGCAAAGCGCTCCA-1  GSE151511          0.6852760        8.888889
pt01_AAAGCAAAGCGTCTAT-1  GSE151511          0.7084135        8.095238
pt01_AAAGCAAAGGCAAAGA-1  GSE151511          0.4976500        3.809524
pt01_AAAGCAACAAACAACA-1  GSE151511          1.0966916        5.555556
pt01_AAAGCAACACCTATCC-1  GSE151511          1.3756914        6.507937
pt01_AAAGCAAGTGAAAGAG-1  GSE151511          3.0744765        5.079365
pt01_AAATGCCGTAGGGTAC-1  GSE151511          1.4548340        8.571429
                        percent.CARTEx_200 PFSD.CARTEx_200 percent.CARTEx_84
pt01_AAACGGGTCACATACG-1         0.20630158             6.5        0.06564141
pt01_AAACGGGTCTGATTCT-1         0.36238795            11.0        0.13351135
pt01_AAAGATGGTTCACCTC-1         0.25217148             6.0        0.02801905
pt01_AAAGCAAAGCGCTCCA-1         0.19489501             6.0        0.11316484
pt01_AAAGCAAAGCGTCTAT-1         0.20115445             7.5        0.04372923
pt01_AAAGCAAAGGCAAAGA-1         0.06911805             1.5        0.04147083
pt01_AAAGCAACAAACAACA-1         0.12794736             3.5        0.05483458
pt01_AAAGCAACACCTATCC-1         0.22691817             5.0        0.07091193
pt01_AAAGCAAGTGAAAGAG-1         2.46488206             7.0        1.88179168
pt01_AAATGCCGTAGGGTAC-1         0.47612750             7.5        0.13225764
                        PFSD.CARTEx_84 ClinicalResponse  EMR Responder CRS
pt01_AAACGGGTCACATACG-1       5.952381               CR GOOD         R   2
pt01_AAACGGGTCTGATTCT-1       9.523810               CR GOOD         R   2
pt01_AAAGATGGTTCACCTC-1       2.380952               CR GOOD         R   2
pt01_AAAGCAAAGCGCTCCA-1       5.952381               CR GOOD         R   2
pt01_AAAGCAAAGCGTCTAT-1       3.571429               CR GOOD         R   2
pt01_AAAGCAAAGGCAAAGA-1       1.190476               CR GOOD         R   2
pt01_AAAGCAACAAACAACA-1       3.571429               CR GOOD         R   2
pt01_AAAGCAACACCTATCC-1       3.571429               CR GOOD         R   2
pt01_AAAGCAAGTGAAAGAG-1       7.142857               CR GOOD         R   2
pt01_AAATGCCGTAGGGTAC-1       7.142857               CR GOOD         R   2
                        ICANS RNA_snn_res.0 RNA_snn_res.0.2 RNA_snn_res.0.4
pt01_AAACGGGTCACATACG-1     3             0               2               0
pt01_AAACGGGTCTGATTCT-1     3             0               2               0
pt01_AAAGATGGTTCACCTC-1     3             0               0               3
pt01_AAAGCAAAGCGCTCCA-1     3             0               2               0
pt01_AAAGCAAAGCGTCTAT-1     3             0               2               0
pt01_AAAGCAAAGGCAAAGA-1     3             0               2               0
pt01_AAAGCAACAAACAACA-1     3             0               2               0
pt01_AAAGCAACACCTATCC-1     3             0               2               0
pt01_AAAGCAAGTGAAAGAG-1     3             0               0               1
pt01_AAATGCCGTAGGGTAC-1     3             0               0               1
                        RNA_snn_res.0.6 RNA_snn_res.0.8 RNA_snn_res.1
pt01_AAACGGGTCACATACG-1               0               1             4
pt01_AAACGGGTCTGATTCT-1               0               1             4
pt01_AAAGATGGTTCACCTC-1               3               3             2
pt01_AAAGCAAAGCGCTCCA-1               0               1             4
pt01_AAAGCAAAGCGTCTAT-1               0               1             4
pt01_AAAGCAAAGGCAAAGA-1               0               1             4
pt01_AAAGCAACAAACAACA-1               0               1             4
pt01_AAAGCAACACCTATCC-1               0               1             4
pt01_AAAGCAAGTGAAAGAG-1               1               0             3
pt01_AAATGCCGTAGGGTAC-1               1               0             5
                        seurat_clusters
pt01_AAACGGGTCACATACG-1               0
pt01_AAACGGGTCTGATTCT-1               0
pt01_AAAGATGGTTCACCTC-1               3
pt01_AAAGCAAAGCGCTCCA-1               0
pt01_AAAGCAAAGCGTCTAT-1               0
pt01_AAAGCAAAGGCAAAGA-1               0
pt01_AAAGCAACAAACAACA-1               0
pt01_AAAGCAACACCTATCC-1               0
pt01_AAAGCAAGTGAAAGAG-1               1
pt01_AAATGCCGTAGGGTAC-1               1
[1] "generating figure for  ./plots/GSE151511_prepare_umap_seurat_clusters"
[1] "generating figure for  ./plots/GSE151511_prepare_umap_seurat_clusters_highlight"
[1] "generating figure for  ./plots/GSE151511_prepare_umap_patient"
[1] "generating figure for  ./plots/GSE151511_prepare_umap_clinicalresponse"
[1] "generating figure for  ./plots/GSE151511_prepare_umap_responder"
[1] "generating figure for  ./plots/GSE151511_prepare_umap_EMR"
[1] "generating figure for  ./plots/GSE151511_prepare_barplot_patient_seurat_clusters"
[1] "generating figure for  ./plots/GSE151511_prepare_barplot_clinical_response_seurat_clusters"
[1] "generating figure for  ./plots/GSE151511_prepare_barplot_EMR_seurat_clusters"
[1] "generating figure for  ./plots/GSE151511_prepare_barplot_CRS_seurat_clusters"
[1] "generating figure for  ./plots/GSE151511_prepare_barplot_ICANS_seurat_clusters"
# A tibble: 9,498 × 7
# Groups:   cluster [23]
   p_val avg_log2FC pct.1 pct.2 p_val_adj cluster gene    
   <dbl>      <dbl> <dbl> <dbl>     <dbl> <fct>   <chr>   
 1     0       3.65 0.667 0.112         0 0       EGLN3   
 2     0       2.95 0.61  0.172         0 0       TNFRSF4 
 3     0       2.46 0.629 0.198         0 0       TNFRSF18
 4     0       1.98 0.746 0.338         0 0       IL9R    
 5     0       3.28 0.431 0.074         0 0       FXYD7   
 6     0       2.22 0.927 0.572         0 0       GATA3   
 7     0       1.47 0.873 0.53          0 0       CAPG    
 8     0       4.06 0.354 0.03          0 0       PTGDR2  
 9     0       1.47 0.919 0.605         0 0       TIMP1   
10     0       1.36 0.766 0.455         0 0       IL10RA  
# ℹ 9,488 more rows
[1] "generating figure for  ./plots/GSE151511_prepare_cluster_markers_heatmap"
[1] "Cluster: 0"
# A tibble: 10 × 7
   p_val avg_log2FC pct.1 pct.2 p_val_adj cluster gene    
   <dbl>      <dbl> <dbl> <dbl>     <dbl> <fct>   <chr>   
 1     0       3.65 0.667 0.112         0 0       EGLN3   
 2     0       2.95 0.61  0.172         0 0       TNFRSF4 
 3     0       2.46 0.629 0.198         0 0       TNFRSF18
 4     0       1.98 0.746 0.338         0 0       IL9R    
 5     0       3.28 0.431 0.074         0 0       FXYD7   
 6     0       2.22 0.927 0.572         0 0       GATA3   
 7     0       1.47 0.873 0.53          0 0       CAPG    
 8     0       4.06 0.354 0.03          0 0       PTGDR2  
 9     0       1.47 0.919 0.605         0 0       TIMP1   
10     0       1.36 0.766 0.455         0 0       IL10RA  
[1] "Cluster: 1"
# A tibble: 10 × 7
   p_val avg_log2FC pct.1 pct.2 p_val_adj cluster gene  
   <dbl>      <dbl> <dbl> <dbl>     <dbl> <fct>   <chr> 
 1     0       1.69 0.953 0.452         0 1       UBE2C 
 2     0       1.50 0.885 0.385         0 1       CDK1  
 3     0       1.58 0.886 0.399         0 1       TOP2A 
 4     0       1.61 0.906 0.432         0 1       NUSAP1
 5     0       1.74 0.764 0.304         0 1       GTSE1 
 6     0       1.60 0.779 0.331         0 1       AURKB 
 7     0       1.35 0.843 0.396         0 1       CCNA2 
 8     0       1.64 0.765 0.327         0 1       KIFC1 
 9     0       1.56 0.736 0.315         0 1       CDCA8 
10     0       1.18 0.971 0.551         0 1       RRM2  
[1] "Cluster: 2"
# A tibble: 10 × 7
       p_val avg_log2FC pct.1 pct.2 p_val_adj cluster gene 
       <dbl>      <dbl> <dbl> <dbl>     <dbl> <fct>   <chr>
 1 0               1.54 0.701 0.371 0         2       GINS2
 2 0               1.55 0.73  0.414 0         2       MCM5 
 3 0               1.09 0.768 0.496 0         2       MCM7 
 4 0               1.24 0.721 0.461 0         2       MCM3 
 5 0               1.29 0.605 0.381 0         2       MCM6 
 6 1.47e-305       1.16 0.659 0.443 4.82e-301 2       CDCA7
 7 7.12e-302       1.60 0.501 0.288 2.33e-297 2       MCM2 
 8 8.47e-266       1.33 0.562 0.368 2.77e-261 2       HELLS
 9 1.05e-246       1.36 0.52  0.329 3.43e-242 2       MCM4 
10 3.19e-216       1.30 0.467 0.275 1.05e-211 2       UNG  
[1] "Cluster: 3"
# A tibble: 10 × 7
       p_val avg_log2FC pct.1 pct.2 p_val_adj cluster gene 
       <dbl>      <dbl> <dbl> <dbl>     <dbl> <fct>   <chr>
 1 0               1.94 0.592 0.32  0         3       CD27 
 2 0               1.31 0.677 0.541 0         3       ISG20
 3 0               1.26 0.998 0.985 0         3       CD52 
 4 0               1.02 0.988 0.984 0         3       RPS29
 5 0               1.16 1     1     0         3       RPS27
 6 1.02e-248       1.09 0.708 0.64  3.35e-244 3       TXNIP
 7 2.23e-235       1.18 0.721 0.746 7.30e-231 3       NEAT1
 8 3.19e-204       1.03 0.694 0.728 1.04e-199 3       ATP5I
 9 6.92e-184       1.06 0.704 0.789 2.27e-179 3       NOSIP
10 3.39e-167       1.30 0.548 0.426 1.11e-162 3       MAL  
[1] "Cluster: 4"
# A tibble: 10 × 7
   p_val avg_log2FC pct.1 pct.2 p_val_adj cluster gene  
   <dbl>      <dbl> <dbl> <dbl>     <dbl> <fct>   <chr> 
 1     0       2.85 0.768 0.211         0 4       MXD3  
 2     0       2.38 0.834 0.292         0 4       PLK1  
 3     0       2.43 0.942 0.403         0 4       TOP2A 
 4     0       2.24 0.975 0.458         0 4       UBE2C 
 5     0       2.23 0.811 0.308         0 4       GTSE1 
 6     0       2.29 0.819 0.316         0 4       CDCA8 
 7     0       2.10 0.938 0.437         0 4       NUSAP1
 8     0       2.22 0.871 0.383         0 4       CENPF 
 9     0       2.42 0.778 0.292         0 4       ASPM  
10     0       2.00 0.879 0.394         0 4       CDK1  
[1] "Cluster: 5"
# A tibble: 10 × 7
       p_val avg_log2FC pct.1 pct.2 p_val_adj cluster gene  
       <dbl>      <dbl> <dbl> <dbl>     <dbl> <fct>   <chr> 
 1 0               1.81 0.585 0.258 0         5       LRRN3 
 2 0               1.23 0.647 0.323 0         5       CD27  
 3 0               1.17 0.736 0.417 0         5       MAL   
 4 0               1.20 0.811 0.536 0         5       ISG20 
 5 0               2.94 0.312 0.067 0         5       FCER1G
 6 0               1.25 0.999 0.971 0         5       LTB   
 7 2.82e-269       1.05 0.79  0.64  9.22e-265 5       FLT3LG
 8 2.19e-227       1.70 0.421 0.197 7.18e-223 5       AQP3  
 9 4.54e-222       2.16 0.233 0.071 1.49e-217 5       FXYD2 
10 5.13e-213       2.05 0.266 0.092 1.68e-208 5       REG4  
[1] "Cluster: 6"
# A tibble: 10 × 7
   p_val avg_log2FC pct.1 pct.2 p_val_adj cluster gene 
   <dbl>      <dbl> <dbl> <dbl>     <dbl> <fct>   <chr>
 1     0       2.87 0.718 0.283         0 6       GZMH 
 2     0       2.60 0.654 0.248         0 6       CCL4 
 3     0       1.30 0.858 0.636         0 6       HOPX 
 4     0       1.32 0.904 0.717         0 6       PRF1 
 5     0       1.80 0.982 0.811         0 6       GZMB 
 6     0       1.04 0.972 0.864         0 6       CST7 
 7     0       1.25 0.992 0.89          0 6       CCL5 
 8     0       1.09 0.893 0.797         0 6       ITGB2
 9     0       1.04 0.995 0.917         0 6       GZMA 
10     0       1.63 0.999 0.953         0 6       NKG7 
[1] "Cluster: 7"
# A tibble: 10 × 7
       p_val avg_log2FC pct.1 pct.2 p_val_adj cluster gene 
       <dbl>      <dbl> <dbl> <dbl>     <dbl> <fct>   <chr>
 1 0               1.71 0.857 0.395 0         7       CDC20
 2 0               1.68 0.79  0.383 0         7       CCNB2
 3 0               1.63 0.712 0.34  0         7       CCNB1
 4 0               1.22 0.792 0.455 0         7       BIRC5
 5 0               1.25 0.775 0.446 0         7       CDKN3
 6 0               1.74 0.646 0.32  0         7       TROAP
 7 0               1.29 0.981 0.776 0         7       PTTG1
 8 0               1.24 0.996 0.832 0         7       HMGB2
 9 1.60e-247       1.14 0.711 0.401 5.25e-243 7       CENPF
10 1.19e-220       1.26 0.685 0.438 3.89e-216 7       HMGB3
[1] "Cluster: 8"
# A tibble: 10 × 7
   p_val avg_log2FC pct.1 pct.2 p_val_adj cluster gene   
   <dbl>      <dbl> <dbl> <dbl>     <dbl> <fct>   <chr>  
 1     0       2.28 0.938 0.244         0 8       NPM3   
 2     0       1.98 0.797 0.173         0 8       PYCR1  
 3     0       1.64 0.841 0.226         0 8       SLC29A1
 4     0       1.88 0.947 0.336         0 8       GCSH   
 5     0       1.62 0.821 0.213         0 8       IFRD2  
 6     0       1.67 0.853 0.246         0 8       SLC43A3
 7     0       1.53 0.842 0.238         0 8       BATF3  
 8     0       1.56 0.833 0.23          0 8       FAM216A
 9     0       1.49 0.927 0.333         0 8       GNL3   
10     0       1.83 0.98  0.386         0 8       FKBP4  
[1] "Cluster: 9"
# A tibble: 10 × 7
   p_val avg_log2FC pct.1 pct.2 p_val_adj cluster gene    
   <dbl>      <dbl> <dbl> <dbl>     <dbl> <fct>   <chr>   
 1     0       1.91 0.87  0.328         0 9       IFNG    
 2     0       1.37 0.75  0.248         0 9       CCL4    
 3     0       1.55 0.761 0.286         0 9       GZMH    
 4     0       1.33 0.836 0.38          0 9       GINS2   
 5     0       1.17 0.945 0.501         0 9       MCM7    
 6     0       1.76 0.657 0.215         0 9       CCL3    
 7     0       1.27 0.862 0.423         0 9       MCM5    
 8     0       1.75 0.624 0.187         0 9       PLEK    
 9     0       1.63 0.565 0.179         0 9       KLRG1   
10     0       1.50 0.982 0.607         0 9       HLA-DQA1
[1] "Cluster: 10"
# A tibble: 10 × 7
   p_val avg_log2FC pct.1 pct.2 p_val_adj cluster gene 
   <dbl>      <dbl> <dbl> <dbl>     <dbl> <fct>   <chr>
 1     0       1.53 0.933 0.376         0 10      GINS2
 2     0       1.40 0.933 0.42          0 10      MCM5 
 3     0       1.48 0.781 0.271         0 10      UNG  
 4     0       1.20 0.864 0.38          0 10      MCM6 
 5     0       1.37 0.935 0.453         0 10      FEN1 
 6     0       1.23 0.865 0.386         0 10      CLSPN
 7     0       1.12 0.933 0.465         0 10      MCM3 
 8     0       1.29 0.887 0.422         0 10      GMNN 
 9     0       1.27 0.965 0.501         0 10      MCM7 
10     0       1.54 0.691 0.227         0 10      CDC6 
[1] "Cluster: 11"
# A tibble: 10 × 7
       p_val avg_log2FC pct.1 pct.2 p_val_adj cluster gene    
       <dbl>      <dbl> <dbl> <dbl>     <dbl> <fct>   <chr>   
 1 0               1.92 0.724 0.256 0         11      HLA-DQA2
 2 0               1.69 0.612 0.188 0         11      AK4     
 3 0               2.15 0.398 0.093 0         11      ZBED2   
 4 0               1.40 0.949 0.667 0         11      FAM162A 
 5 0               2.47 0.36  0.084 0         11      GJB2    
 6 0               1.01 0.949 0.682 0         11      IMPDH2  
 7 0               4.61 0.095 0.004 0         11      KCNMB1  
 8 9.11e-286       2.28 0.239 0.046 2.98e-281 11      MT3     
 9 8.48e-278       1.13 0.786 0.382 2.78e-273 11      GINS2   
10 1.39e-275       1.37 0.647 0.277 4.56e-271 11      UNG     
[1] "Cluster: 12"
# A tibble: 10 × 7
   p_val avg_log2FC pct.1 pct.2 p_val_adj cluster gene    
   <dbl>      <dbl> <dbl> <dbl>     <dbl> <fct>   <chr>   
 1     0       2.93 0.773 0.196         0 12      PLAC8   
 2     0       3.10 0.734 0.186         0 12      CCR7    
 3     0       2.16 0.862 0.322         0 12      CD27    
 4     0       2.78 0.634 0.15          0 12      LEF1    
 5     0       2.43 0.685 0.244         0 12      IFITM3  
 6     0       3.07 0.547 0.115         0 12      ATHL1   
 7     0       1.63 0.846 0.42          0 12      MAL     
 8     0       1.83 0.675 0.261         0 12      LRRN3   
 9     0       3.90 0.407 0.032         0 12      TCF7    
10     0       2.91 0.461 0.096         0 12      C1orf228
[1] "Cluster: 13"
# A tibble: 10 × 7
   p_val avg_log2FC pct.1 pct.2 p_val_adj cluster gene   
   <dbl>      <dbl> <dbl> <dbl>     <dbl> <fct>   <chr>  
 1     0       1.86 0.779 0.254         0 13      NPM3   
 2     0       1.67 0.902 0.385         0 13      NOP16  
 3     0       1.74 0.757 0.254         0 13      SLC43A3
 4     0       1.74 0.748 0.246         0 13      BATF3  
 5     0       1.51 0.917 0.418         0 13      MRTO4  
 6     0       1.61 0.809 0.316         0 13      NME1   
 7     0       1.08 0.866 0.379         0 13      GINS2  
 8     0       1.45 0.907 0.424         0 13      NOLC1  
 9     0       1.63 0.712 0.235         0 13      SLC29A1
10     0       1.43 0.864 0.395         0 13      FKBP4  
[1] "Cluster: 14"
# A tibble: 10 × 7
   p_val avg_log2FC pct.1 pct.2 p_val_adj cluster gene      
   <dbl>      <dbl> <dbl> <dbl>     <dbl> <fct>   <chr>     
 1     0       2.07 0.91  0.25          0 14      HLA-DQA2  
 2     0       2.93 0.937 0.313         0 14      AOAH      
 3     0       2.07 0.772 0.265         0 14      AD000671.6
 4     0       2.03 0.88  0.383         0 14      IGFLR1    
 5     0       2.07 0.76  0.273         0 14      KLRD1     
 6     0       2.70 0.65  0.167         0 14      FGFBP2    
 7     0       1.49 0.814 0.331         0 14      IFNG      
 8     0       1.77 0.806 0.368         0 14      APOBEC3H  
 9     0       2.35 0.59  0.179         0 14      KLRG1     
10     0       1.71 0.686 0.29          0 14      OASL      
[1] "Cluster: 15"
# A tibble: 10 × 7
   p_val avg_log2FC pct.1 pct.2 p_val_adj cluster gene   
   <dbl>      <dbl> <dbl> <dbl>     <dbl> <fct>   <chr>  
 1     0       3.06 0.617 0.065         0 15      IL17RB 
 2     0       1.53 0.907 0.355         0 15      IL9R   
 3     0       1.23 0.582 0.146         0 15      EGLN3  
 4     0       1.45 0.617 0.196         0 15      TNFRSF4
 5     0       1.06 0.967 0.59          0 15      GATA3  
 6     0       1.33 0.497 0.128         0 15      KRT7   
 7     0       1.91 0.468 0.106         0 15      AGPAT9 
 8     0       2.00 0.453 0.095         0 15      IL5    
 9     0       1.66 0.469 0.12          0 15      LIF    
10     0       2.81 0.375 0.035         0 15      CHDH   
[1] "Cluster: 16"
# A tibble: 10 × 7
   p_val avg_log2FC pct.1 pct.2 p_val_adj cluster gene  
   <dbl>      <dbl> <dbl> <dbl>     <dbl> <fct>   <chr> 
 1     0       1.74 0.978 0.408         0 16      CDK1  
 2     0       1.52 0.954 0.421         0 16      TOP2A 
 3     0       1.89 0.812 0.286         0 16      SPC25 
 4     0       1.63 0.966 0.454         0 16      NUSAP1
 5     0       1.60 0.851 0.344         0 16      PKMYT1
 6     0       1.26 0.983 0.476         0 16      UBE2C 
 7     0       1.56 0.844 0.346         0 16      KIFC1 
 8     0       1.70 0.815 0.319         0 16      CDCA5 
 9     0       1.33 0.909 0.416         0 16      CCNA2 
10     0       1.43 0.845 0.352         0 16      AURKB 
[1] "Cluster: 17"
# A tibble: 10 × 7
   p_val avg_log2FC pct.1 pct.2 p_val_adj cluster gene      
   <dbl>      <dbl> <dbl> <dbl>     <dbl> <fct>   <chr>     
 1     0       2.09 0.688 0.224         0 17      TSC22D3   
 2     0       1.79 0.698 0.272         0 17      AD000671.6
 3     0       1.68 0.81  0.389         0 17      IGFLR1    
 4     0       1.93 0.68  0.272         0 17      ACP5      
 5     0       1.47 0.975 0.571         0 17      RPS4Y1    
 6     0       1.53 0.867 0.472         0 17      IL10RA    
 7     0       2.01 0.99  0.636         0 17      TXNIP     
 8     0       2.99 0.45  0.098         0 17      PASK      
 9     0       1.75 0.966 0.624         0 17      TIMP1     
10     0       1.94 0.935 0.629         0 17      SAT1      
[1] "Cluster: 18"
# A tibble: 10 × 7
       p_val avg_log2FC pct.1 pct.2 p_val_adj cluster gene     
       <dbl>      <dbl> <dbl> <dbl>     <dbl> <fct>   <chr>    
 1 5.00e-280       2.16 0.745 0.399 1.64e-275 18      HIST1H2AJ
 2 4.39e-240       1.44 0.95  0.54  1.44e-235 18      GNLY     
 3 1.94e-227       1.38 0.893 0.733 6.36e-223 18      WDR74    
 4 2.38e-190       1.07 0.972 0.85  7.80e-186 18      HLA-DRB1 
 5 4.36e-176       1.50 0.796 0.595 1.43e-171 18      JUN      
 6 4.18e-159       1.13 0.891 0.575 1.37e-154 18      RPS4Y1   
 7 4.23e-135       1.48 0.748 0.661 1.39e-130 18      BATF     
 8 1.72e-108       1.35 0.475 0.226 5.62e-104 18      CCL3     
 9 1.77e- 99       1.02 0.792 0.618 5.81e- 95 18      HLA-DQA1 
10 4.44e- 96       1.99 0.493 0.308 1.46e- 91 18      PTCH2    
[1] "Cluster: 19"
# A tibble: 10 × 7
       p_val avg_log2FC pct.1 pct.2 p_val_adj cluster gene     
       <dbl>      <dbl> <dbl> <dbl>     <dbl> <fct>   <chr>    
 1 0               1.88 0.879 0.396 0         19      HIST1H2AJ
 2 0               2.10 0.739 0.302 0         19      PTCH2    
 3 0               1.85 0.972 0.731 0         19      WDR74    
 4 0               1.23 1     0.849 0         19      HLA-DRB1 
 5 1.77e-292       1.14 0.984 0.796 5.80e-288 19      HLA-DPB1 
 6 3.02e-248       1.65 0.832 0.556 9.89e-244 19      CHCHD10  
 7 6.31e-243       1.15 0.962 0.614 2.07e-238 19      HLA-DQA1 
 8 1.41e-233       1.61 0.829 0.47  4.61e-229 19      RNU12    
 9 1.13e-229       3.52 0.195 0.028 3.70e-225 19      MT1G     
10 9.10e-228       1.34 0.887 0.561 2.98e-223 19      UBE2S    
[1] "Cluster: 20"
# A tibble: 10 × 7
   p_val avg_log2FC pct.1 pct.2 p_val_adj cluster gene  
   <dbl>      <dbl> <dbl> <dbl>     <dbl> <fct>   <chr> 
 1     0       1.95 0.848 0.253         0 20      CKAP2L
 2     0       1.65 0.817 0.235         0 20      MXD3  
 3     0       1.69 0.859 0.278         0 20      KIF2C 
 4     0       1.70 0.868 0.303         0 20      CDCA3 
 5     0       1.74 0.874 0.315         0 20      PLK1  
 6     0       1.78 0.795 0.237         0 20      KIF23 
 7     0       1.57 0.913 0.355         0 20      AURKB 
 8     0       1.66 0.806 0.25          0 20      HJURP 
 9     0       1.52 0.866 0.312         0 20      ASPM  
10     0       1.54 0.835 0.285         0 20      DLGAP5
[1] "Cluster: 21"
# A tibble: 10 × 7
   p_val avg_log2FC pct.1 pct.2 p_val_adj cluster gene  
   <dbl>      <dbl> <dbl> <dbl>     <dbl> <fct>   <chr> 
 1     0       1.87 0.963 0.314         0 21      PLK1  
 2     0       1.98 0.96  0.343         0 21      CCNB1 
 3     0       1.75 0.944 0.331         0 21      NUF2  
 4     0       1.51 0.891 0.284         0 21      DLGAP5
 5     0       1.48 0.895 0.303         0 21      CDCA3 
 6     0       1.56 0.869 0.277         0 21      HMMR  
 7     0       1.42 0.901 0.311         0 21      ASPM  
 8     0       1.82 0.837 0.247         0 21      CENPE 
 9     0       1.51 0.842 0.255         0 21      CENPA 
10     0       1.51 0.963 0.388         0 21      CCNB2 
[1] "Cluster: 22"
# A tibble: 10 × 7
   p_val avg_log2FC pct.1 pct.2 p_val_adj cluster gene   
   <dbl>      <dbl> <dbl> <dbl>     <dbl> <fct>   <chr>  
 1     0      10.9  0.953 0.001         0 22      MARCKS 
 2     0       7.82 0.938 0.012         0 22      LAMP3  
 3     0      10.9  0.914 0.009         0 22      CCL22  
 4     0       6.25 0.938 0.038         0 22      MGLL   
 5     0       7.60 0.938 0.038         0 22      FSCN1  
 6     0      10.4  0.875 0.001         0 22      BASP1  
 7     0      10.5  0.875 0.001         0 22      TNFAIP2
 8     0       7.76 0.883 0.014         0 22      CD40   
 9     0       7.54 0.852 0.028         0 22      EBI3   
10     0       7.45 0.828 0.009         0 22      TYROBP 
[1] "Cluster: 0"
[1] "EGLN3, TNFRSF4, TNFRSF18, IL9R, FXYD7, GATA3, CAPG, PTGDR2, TIMP1, IL10RA"

[1] "Cluster: 1"
[1] "UBE2C, CDK1, TOP2A, NUSAP1, GTSE1, AURKB, CCNA2, KIFC1, CDCA8, RRM2"

[1] "Cluster: 2"
[1] "GINS2, MCM5, MCM7, MCM3, MCM6, CDCA7, MCM2, HELLS, MCM4, UNG"

[1] "Cluster: 3"
[1] "CD27, ISG20, CD52, RPS29, RPS27, TXNIP, NEAT1, ATP5I, NOSIP, MAL"

[1] "Cluster: 4"
[1] "MXD3, PLK1, TOP2A, UBE2C, GTSE1, CDCA8, NUSAP1, CENPF, ASPM, CDK1"

[1] "Cluster: 5"
[1] "LRRN3, CD27, MAL, ISG20, FCER1G, LTB, FLT3LG, AQP3, FXYD2, REG4"

[1] "Cluster: 6"
[1] "GZMH, CCL4, HOPX, PRF1, GZMB, CST7, CCL5, ITGB2, GZMA, NKG7"

[1] "Cluster: 7"
[1] "CDC20, CCNB2, CCNB1, BIRC5, CDKN3, TROAP, PTTG1, HMGB2, CENPF, HMGB3"

[1] "Cluster: 8"
[1] "NPM3, PYCR1, SLC29A1, GCSH, IFRD2, SLC43A3, BATF3, FAM216A, GNL3, FKBP4"

[1] "Cluster: 9"
[1] "IFNG, CCL4, GZMH, GINS2, MCM7, CCL3, MCM5, PLEK, KLRG1, HLA-DQA1"

[1] "Cluster: 10"
[1] "GINS2, MCM5, UNG, MCM6, FEN1, CLSPN, MCM3, GMNN, MCM7, CDC6"

[1] "Cluster: 11"
[1] "HLA-DQA2, AK4, ZBED2, FAM162A, GJB2, IMPDH2, KCNMB1, MT3, GINS2, UNG"

[1] "Cluster: 12"
[1] "PLAC8, CCR7, CD27, LEF1, IFITM3, ATHL1, MAL, LRRN3, TCF7, C1orf228"

[1] "Cluster: 13"
[1] "NPM3, NOP16, SLC43A3, BATF3, MRTO4, NME1, GINS2, NOLC1, SLC29A1, FKBP4"

[1] "Cluster: 14"
[1] "HLA-DQA2, AOAH, AD000671.6, IGFLR1, KLRD1, FGFBP2, IFNG, APOBEC3H, KLRG1, OASL"

[1] "Cluster: 15"
[1] "IL17RB, IL9R, EGLN3, TNFRSF4, GATA3, KRT7, AGPAT9, IL5, LIF, CHDH"

[1] "Cluster: 16"
[1] "CDK1, TOP2A, SPC25, NUSAP1, PKMYT1, UBE2C, KIFC1, CDCA5, CCNA2, AURKB"

[1] "Cluster: 17"
[1] "TSC22D3, AD000671.6, IGFLR1, ACP5, RPS4Y1, IL10RA, TXNIP, PASK, TIMP1, SAT1"

[1] "Cluster: 18"
[1] "HIST1H2AJ, GNLY, WDR74, HLA-DRB1, JUN, RPS4Y1, BATF, CCL3, HLA-DQA1, PTCH2"

[1] "Cluster: 19"
[1] "HIST1H2AJ, PTCH2, WDR74, HLA-DRB1, HLA-DPB1, CHCHD10, HLA-DQA1, RNU12, MT1G, UBE2S"

[1] "Cluster: 20"
[1] "CKAP2L, MXD3, KIF2C, CDCA3, PLK1, KIF23, AURKB, HJURP, ASPM, DLGAP5"

[1] "Cluster: 21"
[1] "PLK1, CCNB1, NUF2, DLGAP5, CDCA3, HMMR, ASPM, CENPE, CENPA, CCNB2"

[1] "Cluster: 22"
[1] "MARCKS, LAMP3, CCL22, MGLL, FSCN1, BASP1, TNFAIP2, CD40, EBI3, TYROBP"

[1] "The script has completed..."
    user   system  elapsed 
1469.116  204.102 1695.635 
R version 4.2.0 (2022-04-22)
Platform: x86_64-pc-linux-gnu (64-bit)
Running under: CentOS Linux 7 (Core)

Matrix products: default
BLAS/LAPACK: /share/software/user/open/openblas/0.3.10/lib/libopenblas_haswellp-r0.3.10.so

locale:
 [1] LC_CTYPE=en_US.UTF-8       LC_NUMERIC=C              
 [3] LC_TIME=en_US.UTF-8        LC_COLLATE=en_US.UTF-8    
 [5] LC_MONETARY=en_US.UTF-8    LC_MESSAGES=en_US.UTF-8   
 [7] LC_PAPER=en_US.UTF-8       LC_NAME=C                 
 [9] LC_ADDRESS=C               LC_TELEPHONE=C            
[11] LC_MEASUREMENT=en_US.UTF-8 LC_IDENTIFICATION=C       

attached base packages:
[1] grid      stats4    stats     graphics  grDevices utils     datasets 
[8] methods   base     

other attached packages:
 [1] ca_0.71.1                   ComplexHeatmap_2.14.0      
 [3] ComplexUpset_1.3.3          ggbeeswarm_0.7.2           
 [5] glmGamPoi_1.10.2            ROGUE_1.0                  
 [7] clustree_0.5.1              ggraph_2.1.0               
 [9] EnhancedVolcano_1.16.0      ggrepel_0.9.5              
[11] patchwork_1.2.0             data.table_1.15.0          
[13] destiny_3.12.0              scuttle_1.11.3             
[15] SingleCellExperiment_1.20.1 SingleR_2.0.0              
[17] SummarizedExperiment_1.28.0 Biobase_2.58.0             
[19] GenomicRanges_1.50.2        GenomeInfoDb_1.34.9        
[21] IRanges_2.32.0              S4Vectors_0.36.2           
[23] BiocGenerics_0.44.0         MatrixGenerics_1.10.0      
[25] matrixStats_1.1.0           dplyr_1.1.4                
[27] stringr_1.5.1               ggplotify_0.1.2            
[29] ggpubr_0.6.0                ggplot2_3.4.4              
[31] Seurat_5.0.1                SeuratObject_5.0.1         
[33] sp_2.1-3                   

loaded via a namespace (and not attached):
  [1] rsvd_1.0.5                vcd_1.4-12               
  [3] ica_1.0-3                 class_7.3-22             
  [5] foreach_1.5.2             lmtest_0.9-40            
  [7] crayon_1.5.2              laeken_0.5.3             
  [9] MASS_7.3-60.0.1           nlme_3.1-164             
 [11] backports_1.4.1           rlang_1.1.3              
 [13] XVector_0.38.0            ROCR_1.0-11              
 [15] irlba_2.3.5.1             limma_3.54.2             
 [17] smoother_1.1              BiocParallel_1.32.6      
 [19] rjson_0.2.21              glue_1.7.0               
 [21] sctransform_0.4.1         parallel_4.2.0           
 [23] vipor_0.4.7               spatstat.sparse_3.0-3    
 [25] dotCall64_1.1-1           spatstat.geom_3.2-8      
 [27] tidyselect_1.2.0          fitdistrplus_1.1-11      
 [29] tidyr_1.3.1               zoo_1.8-12               
 [31] xtable_1.8-4              RcppHNSW_0.6.0           
 [33] magrittr_2.0.3            cli_3.6.2                
 [35] zlibbioc_1.44.0           miniUI_0.1.1.1           
 [37] RcppEigen_0.3.3.9.4       fastDummies_1.7.3        
 [39] shiny_1.8.0               BiocSingular_1.14.0      
 [41] clue_0.3-65               cluster_2.1.6            
 [43] tidygraph_1.3.0           pcaMethods_1.90.0        
 [45] tibble_3.2.1              listenv_0.9.1            
 [47] png_0.1-8                 future_1.33.1            
 [49] withr_3.0.0               bitops_1.0-7             
 [51] ggforce_0.4.1             ranger_0.16.0            
 [53] plyr_1.8.9                e1071_1.7-14             
 [55] pillar_1.9.0              GlobalOptions_0.1.2      
 [57] cachem_1.0.8              fs_1.6.3                 
 [59] scatterplot3d_0.3-44      TTR_0.24.4               
 [61] GetoptLong_1.0.5          DelayedMatrixStats_1.20.0
 [63] xts_0.13.2                vctrs_0.6.5              
 [65] ellipsis_0.3.2            generics_0.1.3           
 [67] tools_4.2.0               beeswarm_0.4.0           
 [69] munsell_0.5.0             tweenr_2.0.2             
 [71] proxy_0.4-27              DelayedArray_0.24.0      
 [73] fastmap_1.1.1             compiler_4.2.0           
 [75] abind_1.4-5               httpuv_1.6.14            
 [77] plotly_4.10.4             GenomeInfoDbData_1.2.9   
 [79] gridExtra_2.3             lattice_0.22-5           
 [81] deldir_2.0-2              utf8_1.2.3               
 [83] later_1.3.2               jsonlite_1.8.8           
 [85] ggplot.multistats_1.0.0   scales_1.3.0             
 [87] ScaledMatrix_1.6.0        pbapply_1.7-2            
 [89] carData_3.0-5             sparseMatrixStats_1.10.0 
 [91] lazyeval_0.2.2            promises_1.2.1           
 [93] car_3.1-2                 doParallel_1.0.17        
 [95] R.utils_2.12.3            goftest_1.2-3            
 [97] spatstat.utils_3.0-4      reticulate_1.35.0        
 [99] checkmate_2.3.1           cowplot_1.1.3            
[101] Rtsne_0.17                uwot_0.1.16              
[103] igraph_1.6.0              survival_3.5-8           
[105] systemfonts_1.0.5         htmltools_0.5.7          
[107] memoise_2.0.1             graphlayouts_1.1.0       
[109] viridisLite_0.4.2         digest_0.6.34            
[111] mime_0.12                 spam_2.10-0              
[113] yulab.utils_0.1.4         future.apply_1.11.1      
[115] R.oo_1.26.0               splines_4.2.0            
[117] labeling_0.4.3            Cairo_1.6-2              
[119] RCurl_1.98-1.14           broom_1.0.5              
[121] colorspace_2.1-0          shape_1.4.6              
[123] ggrastr_1.0.2             nnet_7.3-19              
[125] Rcpp_1.0.12               RANN_2.6.1               
[127] circlize_0.4.15           fansi_1.0.4              
[129] VIM_6.2.2                 parallelly_1.37.0        
[131] R6_2.5.1                  ggridges_0.5.6           
[133] lifecycle_1.0.4           curl_5.2.0               
[135] ggsignif_0.6.4            leiden_0.4.3.1           
[137] robustbase_0.99-2         Matrix_1.6-5             
[139] RcppAnnoy_0.0.22          RColorBrewer_1.1-3       
[141] iterators_1.0.14          spatstat.explore_3.2-6   
[143] htmlwidgets_1.6.4         beachmat_2.14.2          
[145] polyclip_1.10-6           purrr_1.0.2              
[147] gridGraphics_0.5-1        globals_0.16.2           
[149] spatstat.random_3.2-2     progressr_0.14.0         
[151] codetools_0.2-19          RSpectra_0.16-1          
[153] R.methodsS3_1.8.2         gtable_0.3.4             
[155] tensor_1.5                httr_1.4.7               
[157] KernSmooth_2.23-20        presto_1.0.0             
[159] stringi_1.7.8             reshape2_1.4.4           
[161] farver_2.1.1              viridis_0.6.5            
[163] ggthemes_5.1.0            hexbin_1.28.3            
[165] boot_1.3-28.1             scattermore_1.2          
[167] DEoptimR_1.1-3            spatstat.data_3.0-4      
[169] pkgconfig_2.0.3           rstatix_0.7.2            
