Loading required package: SeuratObject
Loading required package: sp
‘SeuratObject’ was built with package ‘Matrix’ 1.6.4 but the current
version is 1.6.5; it is recomended that you reinstall ‘SeuratObject’ as
the ABI for ‘Matrix’ may have changed

Attaching package: ‘SeuratObject’

The following object is masked from ‘package:base’:

    intersect

Loading required package: ggplot2

Attaching package: ‘dplyr’

The following objects are masked from ‘package:stats’:

    filter, lag

The following objects are masked from ‘package:base’:

    intersect, setdiff, setequal, union

Loading required package: SummarizedExperiment
Loading required package: MatrixGenerics
Loading required package: matrixStats

Attaching package: ‘matrixStats’

The following object is masked from ‘package:dplyr’:

    count


Attaching package: ‘MatrixGenerics’

The following objects are masked from ‘package:matrixStats’:

    colAlls, colAnyNAs, colAnys, colAvgsPerRowSet, colCollapse,
    colCounts, colCummaxs, colCummins, colCumprods, colCumsums,
    colDiffs, colIQRDiffs, colIQRs, colLogSumExps, colMadDiffs,
    colMads, colMaxs, colMeans2, colMedians, colMins, colOrderStats,
    colProds, colQuantiles, colRanges, colRanks, colSdDiffs, colSds,
    colSums2, colTabulates, colVarDiffs, colVars, colWeightedMads,
    colWeightedMeans, colWeightedMedians, colWeightedSds,
    colWeightedVars, rowAlls, rowAnyNAs, rowAnys, rowAvgsPerColSet,
    rowCollapse, rowCounts, rowCummaxs, rowCummins, rowCumprods,
    rowCumsums, rowDiffs, rowIQRDiffs, rowIQRs, rowLogSumExps,
    rowMadDiffs, rowMads, rowMaxs, rowMeans2, rowMedians, rowMins,
    rowOrderStats, rowProds, rowQuantiles, rowRanges, rowRanks,
    rowSdDiffs, rowSds, rowSums2, rowTabulates, rowVarDiffs, rowVars,
    rowWeightedMads, rowWeightedMeans, rowWeightedMedians,
    rowWeightedSds, rowWeightedVars

Loading required package: GenomicRanges
Loading required package: stats4
Loading required package: BiocGenerics

Attaching package: ‘BiocGenerics’

The following objects are masked from ‘package:dplyr’:

    combine, intersect, setdiff, union

The following object is masked from ‘package:SeuratObject’:

    intersect

The following objects are masked from ‘package:stats’:

    IQR, mad, sd, var, xtabs

The following objects are masked from ‘package:base’:

    anyDuplicated, aperm, append, as.data.frame, basename, cbind,
    colnames, dirname, do.call, duplicated, eval, evalq, Filter, Find,
    get, grep, grepl, intersect, is.unsorted, lapply, Map, mapply,
    match, mget, order, paste, pmax, pmax.int, pmin, pmin.int,
    Position, rank, rbind, Reduce, rownames, sapply, setdiff, sort,
    table, tapply, union, unique, unsplit, which.max, which.min

Loading required package: S4Vectors

Attaching package: ‘S4Vectors’

The following objects are masked from ‘package:dplyr’:

    first, rename

The following objects are masked from ‘package:base’:

    expand.grid, I, unname

Loading required package: IRanges

Attaching package: ‘IRanges’

The following objects are masked from ‘package:dplyr’:

    collapse, desc, slice

The following object is masked from ‘package:sp’:

    %over%

Loading required package: GenomeInfoDb
Loading required package: Biobase
Welcome to Bioconductor

    Vignettes contain introductory material; view with
    'browseVignettes()'. To cite Bioconductor, see
    'citation("Biobase")', and for packages 'citation("pkgname")'.


Attaching package: ‘Biobase’

The following object is masked from ‘package:MatrixGenerics’:

    rowMedians

The following objects are masked from ‘package:matrixStats’:

    anyMissing, rowMedians


Attaching package: ‘SummarizedExperiment’

The following object is masked from ‘package:Seurat’:

    Assays

The following object is masked from ‘package:SeuratObject’:

    Assays

Loading required package: SingleCellExperiment

Attaching package: ‘destiny’

The following object is masked from ‘package:SummarizedExperiment’:

    distance

The following object is masked from ‘package:GenomicRanges’:

    distance

The following object is masked from ‘package:IRanges’:

    distance


Attaching package: ‘data.table’

The following object is masked from ‘package:SummarizedExperiment’:

    shift

The following object is masked from ‘package:GenomicRanges’:

    shift

The following object is masked from ‘package:IRanges’:

    shift

The following objects are masked from ‘package:S4Vectors’:

    first, second

The following objects are masked from ‘package:dplyr’:

    between, first, last

Loading required package: ggrepel
Loading required package: ggraph

Attaching package: ‘ggraph’

The following object is masked from ‘package:sp’:

    geometry


Attaching package: ‘glmGamPoi’

The following object is masked from ‘package:dplyr’:

    vars

The following object is masked from ‘package:ggplot2’:

    vars

Loading required package: grid
========================================
ComplexHeatmap version 2.14.0
Bioconductor page: http://bioconductor.org/packages/ComplexHeatmap/
Github page: https://github.com/jokergoo/ComplexHeatmap
Documentation: http://jokergoo.github.io/ComplexHeatmap-reference

If you use it in published research, please cite either one:
- Gu, Z. Complex Heatmap Visualization. iMeta 2022.
- Gu, Z. Complex heatmaps reveal patterns and correlations in multidimensional 
    genomic data. Bioinformatics 2016.


The new InteractiveComplexHeatmap package can directly export static 
complex heatmaps into an interactive Shiny app with zero effort. Have a try!

This message can be suppressed by:
  suppressPackageStartupMessages(library(ComplexHeatmap))
========================================

Warning: Feature names cannot have underscores ('_'), replacing with dashes ('-')
Normalizing layer: counts
Performing log-normalization
0%   10   20   30   40   50   60   70   80   90   100%
[----|----|----|----|----|----|----|----|----|----|
**************************************************|
Scale for y is already present.
Adding another scale for y, which will replace the existing scale.
Scale for y is already present.
Adding another scale for y, which will replace the existing scale.
Scale for y is already present.
Adding another scale for y, which will replace the existing scale.
Warning messages:
1: Removed 63 rows containing non-finite values (`stat_ydensity()`). 
2: Removed 63 rows containing missing values (`geom_point()`). 
3: Removed 63 rows containing non-finite values (`stat_ydensity()`). 
4: Removed 63 rows containing missing values (`geom_point()`). 
5: Removed 63 rows containing non-finite values (`stat_ydensity()`). 
6: Removed 63 rows containing missing values (`geom_point()`). 
Warning message:
The `slot` argument of `GetAssayData()` is deprecated as of SeuratObject 5.0.0.
ℹ Please use the `layer` argument instead. 
Saving 7 x 7 in image
Saving 7 x 7 in image
Saving 7 x 7 in image
Saving 7 x 7 in image
Saving 7 x 7 in image
Saving 7 x 7 in image
Finding variable features for layer counts
Calculating gene variances
0%   10   20   30   40   50   60   70   80   90   100%
[----|----|----|----|----|----|----|----|----|----|
**************************************************|
Calculating feature variances of standardized and clipped values
0%   10   20   30   40   50   60   70   80   90   100%
[----|----|----|----|----|----|----|----|----|----|
**************************************************|
When using repel, set xnudge and ynudge to 0 for optimal results
Warning messages:
1: Transformation introduced infinite values in continuous x-axis 
2: ggrepel: 9 unlabeled data points (too many overlaps). Consider increasing max.overlaps 
3: Transformation introduced infinite values in continuous x-axis 
4: ggrepel: 9 unlabeled data points (too many overlaps). Consider increasing max.overlaps 
5: Transformation introduced infinite values in continuous x-axis 
6: ggrepel: 9 unlabeled data points (too many overlaps). Consider increasing max.overlaps 
Centering and scaling data matrix
  |                                                                              |                                                                      |   0%  |                                                                              |==============                                                        |  20%  |                                                                              |============================                                          |  40%  |                                                                              |==========================================                            |  60%  |                                                                              |========================================================              |  80%  |                                                                              |======================================================================| 100%
PC_ 1 
Positive:  IL7R, CXCR4, TNFAIP3, JUNB, TSC22D3, TXNIP, AOAH, DUSP1, MT-CO3, DNAJB1 
	   CD44, RPL27A, PLAC8, YPEL5, TC2N, FTL, RPS29, CCR7, SLC2A3, RPS20 
	   STAT4, FAU, RPL12, CLK1, RPS28, DUSP2, EEF1D, RPL34, GPR183, FOS 
Negative:  STMN1, NME1, CKS1B, PRDX3, MCM5, MCM3, SNRPD1, PCNA, DUT, FABP5 
	   NUSAP1, TMEM106C, COX5A, RPA3, GNG5, NDUFB3, DCTPP1, ATP5G3, CDK4, PTTG1 
	   PSMB3, SNRPE, LSM2, PSMA2, PSMA4, BANF1, RANBP1, NUDT1, SAE1, FKBP1A 
PC_ 2 
Positive:  LMNA, CREM, YPEL5, ZNF331, RGCC, HSPD1, DNAJA1, IFRD1, CXCR4, SELK 
	   TUBB4B, ATP1B3, FAM177A1, BIRC3, KPNA2, TUBA1B, TUBA4A, TNFAIP3, EIF4A3, DCTN6 
	   EIF5, CKS2, SNHG16, JMJD6, DNAJB1, HSPE1, TSC22D3, RP11-138A9.1, NFKBIA, NASP 
Negative:  GIMAP4, GIMAP7, GIMAP5, DENND2D, GZMA, CD38, SASH3, TBC1D10C, SIRPG, SLAMF7 
	   PTPN6, RAC2, PRF1, CCL3, PTPRCAP, CCR5, TRAF3IP3, CCL4, NKG7, IFI44L 
	   CXCR6, ZBP1, PVRIG, CORO1A, PYHIN1, STAT1, MYL12A, CLIC1, C5orf56, RP11-345J4.6 
PC_ 3 
Positive:  HAVCR2, VCAM1, CTLA4, PRF1, TNFRSF9, PDCD1, CXCL13, NKG7, GZMB, AC069363.1 
	   RGS1, GPR56, CCL3, MIR155HG, CCL4, HLA-DRB1, CXCR6, CST7, TIGIT, CREM 
	   GZMH, GEM, RGS2, SNAP47, HLA-DPA1, CD27, ACP5, PAM, RAB27A, RNF19A 
Negative:  IL7R, CCR7, PLAC8, SELL, TMEM123, RPL36A, LTB, RPS21, RP11-466H18.1, GPR183 
	   CCDC109B, RPL38, FOS, EEF1B2, RPS28, SPINT2, GZMM, STAT4, RPL36, CD52 
	   RPL14, TC2N, RPS5, RPL34, GIMAP5, RPL39, RPL27A, RPL37, GRAP2, RPL27 
PC_ 4 
Positive:  CXCL13, TNFRSF9, PON2, LIG1, MIR155HG, TNFRSF18, MCM7, MCM5, MCM3, CDK4 
	   ITGAE, RNU2-2P, FCRL3, IMPDH2, RANBP1, PAM, C19orf48, POLD2, ATP5G1, STMN1 
	   SNAP47, HAVCR2, CLEC2D, NCAPH2, DUT, HSPB1, DCTPP1, RPA3, NME1, PDCD1 
Negative:  ANXA1, SLC2A3, GZMA, CD69, GZMH, STOM, NFKBIZ, FOS, BTG2, CNN2 
	   IER2, CD52, DUSP1, MYL12A, AOAH, PPP1R15A, PDE4B, YPEL5, C12orf75, PIK3R1 
	   SAMD3, GZMK, CLIC1, S100A4, MIR24-2, JUNB, DUSP2, DNAJA1, VIM, LDHA 
PC_ 5 
Positive:  FCRL3, FAIM3, CRTAM, PIK3IP1, TNFRSF9, CD27, IGFLR1, IL7R, RPS13, AREG 
	   CCR7, RPL12, RPL37, C17orf76-AS1, TIGIT, NELL2, SIRPG, ZNF331, RP11-466H18.1, EIF3E 
	   CADM1, RPL39, RPL18, ITM2A, RPL36A, RPS2, SNAP47, RPL36, EVI2A, DENND2D 
Negative:  GZMH, GZMA, ANXA2, GZMB, STMN1, ITM2C, LIG1, MCM7, C12orf75, PCNA 
	   NKG7, NUSAP1, LGALS1, NUDT1, GNLY, CKS1B, TPM4, VIM, NCAPH2, KIF22 
	   APOBEC3G, TMEM106C, HIST1H4C, TNF, EMP3, ANXA1, DUT, PIM1, PLP2, SAMD3 
Computing nearest neighbor graph
Computing SNN
0%   10   20   30   40   50   60   70   80   90   100%
[----|----|----|----|----|----|----|----|----|----|
**************************************************|
0%   10   20   30   40   50   60   70   80   90   100%
[----|----|----|----|----|----|----|----|----|----|
**************************************************|
0%   10   20   30   40   50   60   70   80   90   100%
[----|----|----|----|----|----|----|----|----|----|
**************************************************|
0%   10   20   30   40   50   60   70   80   90   100%
[----|----|----|----|----|----|----|----|----|----|
**************************************************|
0%   10   20   30   40   50   60   70   80   90   100%
[----|----|----|----|----|----|----|----|----|----|
**************************************************|
0%   10   20   30   40   50   60   70   80   90   100%
[----|----|----|----|----|----|----|----|----|----|
**************************************************|
Warning: The default method for RunUMAP has changed from calling Python UMAP via reticulate to the R-native UWOT using the cosine metric
To use Python UMAP via reticulate, set umap.method to 'umap-learn' and metric to 'correlation'
This message will be shown once per session
09:48:39 UMAP embedding parameters a = 0.9922 b = 1.112
Found more than one class "dist" in cache; using the first, from namespace 'spam'
Also defined by ‘BiocGenerics’
09:48:39 Read 4619 rows and found 12 numeric columns
09:48:39 Using Annoy for neighbor search, n_neighbors = 30
Found more than one class "dist" in cache; using the first, from namespace 'spam'
Also defined by ‘BiocGenerics’
09:48:39 Building Annoy index with metric = cosine, n_trees = 50
0%   10   20   30   40   50   60   70   80   90   100%
[----|----|----|----|----|----|----|----|----|----|
**************************************************|
09:48:40 Writing NN index file to temp file /tmp/RtmpNTu6Td/file1b52f63b640f
09:48:40 Searching Annoy index using 1 thread, search_k = 3000
09:48:41 Annoy recall = 100%
09:48:42 Commencing smooth kNN distance calibration using 1 thread with target n_neighbors = 30
09:48:43 Initializing from normalized Laplacian + noise (using RSpectra)
09:48:43 Commencing optimization for 500 epochs, with 189082 positive edges
Using method 'umap'
0%   10   20   30   40   50   60   70   80   90   100%
[----|----|----|----|----|----|----|----|----|----|
**************************************************|
09:48:56 Optimization finished
Warning messages:
1: In DiffusionMap(sce, k = k_int, verbose = TRUE) :
  You have 5000 genes. Consider passing e.g. n_pcs = 50 to speed up computation.
2: In (function (data, k, ..., query = NULL, distance = c("euclidean",  :
  find_knn does not yet support sparse matrices, converting data to a dense matrix.
3: 'as(<dsCMatrix>, "dsTMatrix")' is deprecated.
Use 'as(., "TsparseMatrix")' instead.
See help("Deprecated") and help("Matrix-deprecated"). 
Saving 7 x 7 in image
Saving 7 x 7 in image
Saving 7 x 7 in image
Saving 7 x 7 in image
Saving 7 x 7 in image
Saving 7 x 7 in image
Warning message:
`aes_string()` was deprecated in ggplot2 3.0.0.
ℹ Please use tidy evaluation idioms with `aes()`.
ℹ See also `vignette("ggplot2-in-packages")` for more information. 
Calculating cluster 0
Calculating cluster 1
Calculating cluster 2
Calculating cluster 3
Calculating cluster 4
Calculating cluster 5
Calculating cluster 6
Calculating cluster 7
Calculating cluster 8
Calculating cluster 9
Calculating cluster 10
