           orig.ident nCount_RNA nFeature_RNA          source_name     organism
A12_P6_M11        A12   1655.205         1864 Melanoma single cell Homo sapiens
A4_P3_M11          A4   1935.864         2200 Melanoma single cell Homo sapiens
A4_P6_M11          A4   1482.521         1681 Melanoma single cell Homo sapiens
A6_P6_M11          A6   1839.977         2088 Melanoma single cell Homo sapiens
A7_P2_M11          A7   1117.562         1235 Melanoma single cell Homo sapiens
A7_P6_M11          A7   1521.303         1725 Melanoma single cell Homo sapiens
           characteristics_patinet_ID_Prebaseline_Post_ontreatment
A12_P6_M11                                                  Pre_P1
A4_P3_M11                                                   Pre_P1
A4_P6_M11                                                   Pre_P1
A6_P6_M11                                                   Pre_P1
A7_P2_M11                                                   Pre_P1
A7_P6_M11                                                   Pre_P1
           characteristics_response characteristics_therapy percent.mt
A12_P6_M11                        R              anti-CTLA4  0.1833925
A4_P3_M11                         R              anti-CTLA4  0.2075370
A4_P6_M11                         R              anti-CTLA4  0.2706002
A6_P6_M11                         R              anti-CTLA4  0.2073468
A7_P2_M11                         R              anti-CTLA4  0.3759499
A7_P6_M11                         R              anti-CTLA4  0.2770853
           identifier percent.CARTEx_630 PFSD.CARTEx_630 percent.CARTEx_200
A12_P6_M11  GSE120575           4.369291       12.380952           1.603513
A4_P3_M11   GSE120575           3.200346       10.952381           1.270396
A4_P6_M11   GSE120575           3.632717        9.047619           1.251821
A6_P6_M11   GSE120575           3.458972       10.952381           1.242346
A7_P2_M11   GSE120575           3.396290        6.666667           1.116956
A7_P6_M11   GSE120575           2.964980        7.936508           1.046010
           PFSD.CARTEx_200 percent.CARTEx_84 PFSD.CARTEx_84 Timepoint
A12_P6_M11            14.0         0.4948631      10.714286       Pre
A4_P3_M11             13.5         0.4434504      10.714286       Pre
A4_P6_M11              9.5         0.4579349       8.333333       Pre
A6_P6_M11             12.5         0.3775609       9.523810       Pre
A7_P2_M11              7.0         0.3988475       5.952381       Pre
A7_P6_M11              9.0         0.1697835       3.571429       Pre
           Timepoint_Response RNA_snn_res.0 RNA_snn_res.0.2 RNA_snn_res.0.4
A12_P6_M11              Pre-R             0               1               4
A4_P3_M11               Pre-R             0               3               3
A4_P6_M11               Pre-R             0               1               2
A6_P6_M11               Pre-R             0               3               3
A7_P2_M11               Pre-R             0               1               2
A7_P6_M11               Pre-R             0               1               2
           RNA_snn_res.0.6 RNA_snn_res.0.8 RNA_snn_res.1 seurat_clusters
A12_P6_M11               5               3             7               4
A4_P3_M11                3               1             2               3
A4_P6_M11                4               2             4               2
A6_P6_M11                3               6             5               3
A7_P2_M11                4               2             4               2
A7_P6_M11                4               2             4               2
           DC1rank DC2rank          dpt     S.Score   G2M.Score Phase old.ident
A12_P6_M11    2118    2078 -0.008201219  0.02340309 -0.12370857     S         7
A4_P3_M11     2245    2214 -0.007547771 -0.37624668  0.01684298   G2M         2
A4_P6_M11      628     620 -0.024929042  0.20426698  0.06471172     S         4
A6_P6_M11     3850    3823 -0.004394117  0.87610767  0.17192878     S         5
A7_P2_M11      516     501 -0.027151253  0.32942828 -0.16876131     S         4
A7_P6_M11     3444    3370 -0.004658279 -0.15697005  0.16480485   G2M         4
[1] "generating figure for  ./plots/GSE120575_prepare_ridgeplt"
[1] "generating figure for  ./plots/GSE120575_prepare_PCAplot"
[1] "generating figure for  ./plots/GSE120575_prepare_PCAplot_regressed"
     orig.ident  Phase     N
         <fctr> <fctr> <int>
  1:        A12      S    13
  2:         A4    G2M    17
  3:         A4      S    17
  4:         A6      S    15
  5:         A7      S    12
 ---                        
284:         A1    G2M     2
285:         C2     G1    24
286:         C9      S    10
287:         F3    G2M     9
288:         A1      S     1
[1] "generating figure for  ./plots/GSE120575_prepare_barplot_phase"
[1] "generating figure for  ./plots/GSE120575_prepare_umap_phase"
[1] "generating figure for  ./plots/GSE120575_prepare_umap_phase_highlight"
    celltype.l1       celltype.l2     N
         <fctr>            <fctr> <int>
 1:     other T               gdT   835
 2:       CD8 T           CD8 TEM  1796
 3:       CD8 T           CD8 TCM  2883
 4:     other T               dnT   181
 5:           B    B intermediate   899
 6:       CD4 T           CD4 TCM 14889
 7:          DC               pDC   284
 8:          NK                NK  1546
 9:           B           B naive   903
10:        Mono         CD14 Mono  3673
11:           B       Plasmablast   299
12:       CD4 T         CD4 Naive  1403
13:       CD4 T              Treg   298
14:        Mono         CD16 Mono   891
15:       other              HSPC   300
16:          NK  NK Proliferating   214
17:       CD4 T           CD4 TEM   703
18:       CD8 T         CD8 Naive  1148
19:     other T              MAIT   600
20:           B          B memory   597
21:          NK     NK_CD56bright   291
22:          DC              cDC2   472
23:       other          Platelet   566
24:       other             Eryth    81
25:       CD4 T           CD4 CTL   296
26:          DC              cDC1   150
27:       CD4 T CD4 Proliferating    57
28:       other               ILC   131
29:          DC              ASDC    16
30:       CD8 T CD8 Proliferating    31
    celltype.l1       celltype.l2     N
         label.main                    label.fine     N
             <char>                        <char> <int>
 1:    CD8+ T cells             Naive CD8 T cells     4
 2:    CD8+ T cells    Central memory CD8 T cells     4
 3:    CD8+ T cells   Effector memory CD8 T cells     4
 4:    CD8+ T cells Terminal effector CD8 T cells     4
 5:         T cells                    MAIT cells     4
 6:         T cells                Vd2 gd T cells     4
 7:         T cells            Non-Vd2 gd T cells     4
 8:    CD4+ T cells     Follicular helper T cells     4
 9:    CD4+ T cells            T regulatory cells     4
10:    CD4+ T cells                     Th1 cells     4
11:    CD4+ T cells                Th1/Th17 cells     4
12:    CD4+ T cells                    Th17 cells     4
13:    CD4+ T cells                     Th2 cells     4
14:    CD4+ T cells             Naive CD4 T cells     4
15:     Progenitors              Progenitor cells     4
16:         B cells                 Naive B cells     4
17:         B cells   Non-switched memory B cells     4
18:         B cells             Exhausted B cells     4
19:         B cells       Switched memory B cells     4
20:         B cells                  Plasmablasts     4
21:       Monocytes           Classical monocytes     4
22:       Monocytes        Intermediate monocytes     4
23:       Monocytes       Non classical monocytes     4
24:        NK cells          Natural killer cells     4
25: Dendritic cells  Plasmacytoid dendritic cells     4
26: Dendritic cells       Myeloid dendritic cells     4
27:     Neutrophils       Low-density neutrophils     4
28:       Basophils         Low-density basophils     4
29:    CD4+ T cells Terminal effector CD4 T cells     2
         label.main                    label.fine     N
[1] "CD8+ T cells"
       label.main                       label.fine     N
           <char>                           <char> <int>
 1:       B cells                   B cells, naive   106
 2:     Monocytes                 Monocytes, CD14+   106
 3:     Monocytes                 Monocytes, CD16+   105
 4:      NK cells                         NK cells   105
 5: T cells, CD4+       T cells, CD4+, memory TREG   104
 6: T cells, CD4+             T cells, CD4+, naive   103
 7: T cells, CD4+ T cells, CD4+, naive, stimulated   102
 8: T cells, CD4+        T cells, CD4+, naive TREG   104
 9: T cells, CD4+               T cells, CD4+, TFH   104
10: T cells, CD4+               T cells, CD4+, Th1   104
11: T cells, CD4+            T cells, CD4+, Th1_17   104
12: T cells, CD4+              T cells, CD4+, Th17   104
13: T cells, CD4+               T cells, CD4+, Th2   104
14: T cells, CD8+             T cells, CD8+, naive   104
15: T cells, CD8+ T cells, CD8+, naive, stimulated   102
[1] "T cells, CD8+"

CD8 Naive 
     4619 
             azimuth
A12_P6_M11 CD8 Naive
[1] "generating figure for  ./plots/GSE120575_umap_predicted_azimuth"
ERROR : No cells found  for  CD8 Proliferating 
[1] "generating figure for  ./plots/GSE120575_prepare_umap_predicted_azimuth_highlight"

   Central memory CD8 T cells   Effector memory CD8 T cells 
                         1235                          1073 
            Naive CD8 T cells Terminal effector CD8 T cells 
                          117                          2194 
                                  monaco
A12_P6_M11   Effector memory CD8 T cells
A4_P6_M11     Central memory CD8 T cells
B5_P6_M11  Terminal effector CD8 T cells
H3_P4_M11              Naive CD8 T cells
[1] "generating figure for  ./plots/GSE120575_prepare_umap_predicted_monaco"
[1] "generating figure for  ./plots/GSE120575_prepare_umap_predicted_monaco_highlight"

            T cells, CD8+, naive T cells, CD8+, naive, stimulated 
                            4104                              515 
                                       dice
A12_P6_M11             T cells, CD8+, naive
E7_P1_M11  T cells, CD8+, naive, stimulated
[1] "generating figure for  ./plots/GSE120575_umap_predicted_dice"
[1] "generating figure for  ./plots/GSE120575_prepare_umap_predicted_dice_highlight"
[1] "generating figure for  ./plots/GSE120575_prepare_featureplot_Tcell_markers"
     azimuth                        monaco                             dice
      <fctr>                        <fctr>                           <fctr>
1: CD8 Naive   Effector memory CD8 T cells             T cells, CD8+, naive
2: CD8 Naive    Central memory CD8 T cells             T cells, CD8+, naive
3: CD8 Naive Terminal effector CD8 T cells             T cells, CD8+, naive
4: CD8 Naive    Central memory CD8 T cells T cells, CD8+, naive, stimulated
5: CD8 Naive Terminal effector CD8 T cells T cells, CD8+, naive, stimulated
6: CD8 Naive             Naive CD8 T cells             T cells, CD8+, naive
7: CD8 Naive   Effector memory CD8 T cells T cells, CD8+, naive, stimulated
8: CD8 Naive             Naive CD8 T cells T cells, CD8+, naive, stimulated
       N
   <int>
1:   978
2:  1104
3:  1916
4:   131
5:   278
6:   106
7:    95
8:    11
[1] "generating figure for  ./plots/GSE120575_prepare_barplot_azimuth_seurat_clusters"
[1] "generating figure for  ./plots/GSE120575_prepare_barplot_monaco_seurat_clusters"
[1] "generating figure for  ./plots/GSE120575_prepare_barplot_dice_seurat_clusters"
[1] "generating figure for  ./plots/GSE120575_prepare_barplot_azimuth_response"
[1] "generating figure for  ./plots/GSE120575_prepare_barplot_monaco_response"
[1] "generating figure for  ./plots/GSE120575_prepare_barplot_dice_response"
[1] "generating figure for  ./plots/GSE120575_prepare_barplot_phase_response"
[1] "generating figure for  ./plots/GSE120575_prepare_umap_sig_activationi"
ERROR : No cells found  for  5 
ERROR : No cells found  for  -4 
ERROR : No cells found  for  -5 
[1] "generating figure for  ./plots/GSE120575_prepare_umap_sig_activationi_highlight"
[1] "generating figure for  ./plots/GSE120575_prepare_umap_sig_anergyi"
ERROR : No cells found  for  5 
ERROR : No cells found  for  -4 
ERROR : No cells found  for  -5 
[1] "generating figure for  ./plots/GSE120575_prepare_umap_sig_anergyi_highlight"
[1] "generating figure for  ./plots/GSE120575_prepare_umap_sig_stemnessi"
ERROR : No cells found  for  5 
ERROR : No cells found  for  -4 
ERROR : No cells found  for  -5 
[1] "generating figure for  ./plots/GSE120575_prepare_umap_sig_stemnessi_highlight"
[1] "generating figure for  ./plots/GSE120575_prepare_umap_sig_senescencei"
ERROR : No cells found  for  5 
ERROR : No cells found  for  -4 
ERROR : No cells found  for  -5 
[1] "generating figure for  ./plots/GSE120575_prepare_umap_sig_senescencei_highlight"
[1] "generating figure for  ./plots/GSE120575_prepare_umap_CARTEx_84"
[1] "generating figure for  ./plots/GSE120575_prepare_umap_CARTEx_200"
[1] "generating figure for  ./plots/GSE120575_prepare_umap_CARTEx_630"
[1] "generating figure for  ./plots/GSE120575_prepare_umap_sig_activation"
[1] "generating figure for  ./plots/GSE120575_prepare_umap_sig_anergy"
[1] "generating figure for  ./plots/GSE120575_prepare_umap_sig_stemness"
[1] "generating figure for  ./plots/GSE120575_prepare_umap_sig_senescence"
[1] "generating figure for  ./plots/GSE120575_prepare_umap_NKlike_Tex"
[1] "generating figure for  ./plots/GSE120575_prepare_umap_LCMV_Tex"
[1] "generating figure for  ./plots/GSE120575_prepare_umap_BBD_Tex"
[1] "generating figure for  ./plots/GSE120575_prepare_umap_PD1_Tex"
           orig.ident nCount_RNA nFeature_RNA          source_name     organism
A12_P6_M11        A12   1655.205         1864 Melanoma single cell Homo sapiens
A4_P3_M11          A4   1935.864         2200 Melanoma single cell Homo sapiens
A4_P6_M11          A4   1482.521         1681 Melanoma single cell Homo sapiens
A6_P6_M11          A6   1839.977         2088 Melanoma single cell Homo sapiens
A7_P2_M11          A7   1117.562         1235 Melanoma single cell Homo sapiens
A7_P6_M11          A7   1521.303         1725 Melanoma single cell Homo sapiens
A9_P4_M11          A9   1874.753         2113 Melanoma single cell Homo sapiens
B10_P1_M11        B10   1186.708         1308 Melanoma single cell Homo sapiens
B10_P3_M11        B10   1284.119         1434 Melanoma single cell Homo sapiens
B10_P6_M11        B10   1892.852         2143 Melanoma single cell Homo sapiens
           characteristics_patinet_ID_Prebaseline_Post_ontreatment
A12_P6_M11                                                  Pre_P1
A4_P3_M11                                                   Pre_P1
A4_P6_M11                                                   Pre_P1
A6_P6_M11                                                   Pre_P1
A7_P2_M11                                                   Pre_P1
A7_P6_M11                                                   Pre_P1
A9_P4_M11                                                   Pre_P1
B10_P1_M11                                                  Pre_P1
B10_P3_M11                                                  Pre_P1
B10_P6_M11                                                  Pre_P1
           characteristics_response characteristics_therapy percent.mt
A12_P6_M11                        R              anti-CTLA4  0.1833925
A4_P3_M11                         R              anti-CTLA4  0.2075370
A4_P6_M11                         R              anti-CTLA4  0.2706002
A6_P6_M11                         R              anti-CTLA4  0.2073468
A7_P2_M11                         R              anti-CTLA4  0.3759499
A7_P6_M11                         R              anti-CTLA4  0.2770853
A9_P4_M11                         R              anti-CTLA4  0.2205391
B10_P1_M11                        R              anti-CTLA4  0.3404403
B10_P3_M11                        R              anti-CTLA4  0.3350712
B10_P6_M11                        R              anti-CTLA4  0.1951100
           identifier percent.CARTEx_630 PFSD.CARTEx_630 percent.CARTEx_200
A12_P6_M11  GSE120575           4.369291       12.380952          1.6035130
A4_P3_M11   GSE120575           3.200346       10.952381          1.2703959
A4_P6_M11   GSE120575           3.632717        9.047619          1.2518211
A6_P6_M11   GSE120575           3.458972       10.952381          1.2423457
A7_P2_M11   GSE120575           3.396290        6.666667          1.1169557
A7_P6_M11   GSE120575           2.964980        7.936508          1.0460104
A9_P4_M11   GSE120575           4.301602       13.809524          1.5496583
B10_P1_M11  GSE120575           4.191458        8.412698          1.6523491
B10_P3_M11  GSE120575           1.403022        3.333333          0.3081206
B10_P6_M11  GSE120575           3.847662       12.539683          1.4483547
           PFSD.CARTEx_200 percent.CARTEx_84 PFSD.CARTEx_84 Timepoint
A12_P6_M11            14.0         0.4948631      10.714286       Pre
A4_P3_M11             13.5         0.4434504      10.714286       Pre
A4_P6_M11              9.5         0.4579349       8.333333       Pre
A6_P6_M11             12.5         0.3775609       9.523810       Pre
A7_P2_M11              7.0         0.3988475       5.952381       Pre
A7_P6_M11              9.0         0.1697835       3.571429       Pre
A9_P4_M11             15.5         0.5703564      14.285714       Pre
B10_P1_M11            10.5         0.4610052       7.142857       Pre
B10_P3_M11             2.0         0.0000000       0.000000       Pre
B10_P6_M11            14.5         0.3366601       8.333333       Pre
           Timepoint_Response RNA_snn_res.0 RNA_snn_res.0.2 RNA_snn_res.0.4
A12_P6_M11              Pre-R             0               1               4
A4_P3_M11               Pre-R             0               3               3
A4_P6_M11               Pre-R             0               1               2
A6_P6_M11               Pre-R             0               3               3
A7_P2_M11               Pre-R             0               1               2
A7_P6_M11               Pre-R             0               1               2
A9_P4_M11               Pre-R             0               1               4
B10_P1_M11              Pre-R             0               1               2
B10_P3_M11              Pre-R             0               2               1
B10_P6_M11              Pre-R             0               1               4
           RNA_snn_res.0.6 RNA_snn_res.0.8 RNA_snn_res.1 seurat_clusters
A12_P6_M11               5               3             7               4
A4_P3_M11                3               1             2               3
A4_P6_M11                4               2             4               2
A6_P6_M11                3               6             5               3
A7_P2_M11                4               2             4               2
A7_P6_M11                4               2             4               2
A9_P4_M11                5               3             7               4
B10_P1_M11               4               2             4               2
B10_P3_M11               1               4             0               1
B10_P6_M11               5               3             7               4
           DC1rank DC2rank          dpt     S.Score   G2M.Score Phase old.ident
A12_P6_M11    2118    2078 -0.008201219  0.02340309 -0.12370857     S         7
A4_P3_M11     2245    2214 -0.007547771 -0.37624668  0.01684298   G2M         2
A4_P6_M11      628     620 -0.024929042  0.20426698  0.06471172     S         4
A6_P6_M11     3850    3823 -0.004394117  0.87610767  0.17192878     S         5
A7_P2_M11      516     501 -0.027151253  0.32942828 -0.16876131     S         4
A7_P6_M11     3444    3370 -0.004658279 -0.15697005  0.16480485   G2M         4
A9_P4_M11     3078    3014 -0.005579850 -0.29366253  0.33839167   G2M         7
B10_P1_M11    1083    1069 -0.015857362 -0.09389924 -0.19705277    G1         4
B10_P3_M11    3751    3774 -0.004253043 -0.20156859 -0.29760901    G1         0
B10_P6_M11     759     745 -0.022850613  0.24130254  0.02603390     S         7
             azimuth                      monaco                 dice
A12_P6_M11 CD8 Naive Effector memory CD8 T cells T cells, CD8+, naive
A4_P3_M11  CD8 Naive Effector memory CD8 T cells T cells, CD8+, naive
A4_P6_M11  CD8 Naive  Central memory CD8 T cells T cells, CD8+, naive
A6_P6_M11  CD8 Naive Effector memory CD8 T cells T cells, CD8+, naive
A7_P2_M11  CD8 Naive  Central memory CD8 T cells T cells, CD8+, naive
A7_P6_M11  CD8 Naive  Central memory CD8 T cells T cells, CD8+, naive
A9_P4_M11  CD8 Naive Effector memory CD8 T cells T cells, CD8+, naive
B10_P1_M11 CD8 Naive Effector memory CD8 T cells T cells, CD8+, naive
B10_P3_M11 CD8 Naive  Central memory CD8 T cells T cells, CD8+, naive
B10_P6_M11 CD8 Naive Effector memory CD8 T cells T cells, CD8+, naive
            CARTEx_630 CARTEx_630i CARTEx_200 CARTEx_200i  CARTEx_84 CARTEx_84i
A12_P6_M11  2.41921122           2  2.1000641           2  2.0770473          2
A4_P3_M11   1.21069835           1  1.4576115           1  1.9314898          2
A4_P6_M11   0.60677306           1  0.3867317           0  1.5522962          2
A6_P6_M11   1.45524153           1  1.1019335           1  1.3850473          1
A7_P2_M11  -0.16555363           0 -0.3607493           0  0.7634227          1
A7_P6_M11   0.09950475           0  0.0588325           0 -0.3986327          0
A9_P4_M11   2.76131405           3  2.2598431           2  3.0298694          3
B10_P1_M11  0.80560377           1  1.0726417           1  1.2695080          1
B10_P3_M11 -2.06578114          -2 -2.2983240          -2 -1.7281711         -2
B10_P6_M11  1.97523370           2  1.8199014           2  1.0642321          1
             Activation     Anergy    Stemness   Senescence Activationi Anergyi
A12_P6_M11 -1.741502263  1.3576868  0.93340920  0.005144165          -2       1
A4_P3_M11   0.104702556 -0.3544256 -0.16947580  0.452291406           0       0
A4_P6_M11  -0.073375767  0.4956220 -0.04053382  0.650331503           0       0
A6_P6_M11  -2.184258559 -0.1586015  0.89208482  1.241959879          -2       0
A7_P2_M11  -0.608107338  0.9003178 -0.31312295 -0.529987511          -1       1
A7_P6_M11   0.055977609  0.7440654  0.62765561 -1.615106638           0       1
A9_P4_M11  -0.006337471  0.6330003  0.49193476 -0.367806654           0       1
B10_P1_M11  0.783232464  2.5576221 -0.80670405  1.112500208           1       3
B10_P3_M11  0.257298889 -1.6312192 -0.47780231 -0.137942327           0      -2
B10_P6_M11  0.118651927  1.7615181  0.70330196  1.041937876           0       2
           Stemnessi Senescencei  NKlike_Tex    LCMV_Tex     BBD_Tex
A12_P6_M11         1           0  2.19074924  1.03949696  0.11586377
A4_P3_M11          0           0 -0.24577032 -0.30675427 -1.09609675
A4_P6_M11          0           1 -0.60811205 -1.08807797 -0.13310346
A6_P6_M11          1           1  1.21341279  2.46331088 -0.52119715
A7_P2_M11          0          -1 -1.09446825 -0.67157862  0.96553738
A7_P6_M11          1          -2 -1.26617178 -0.04612556 -0.19742335
A9_P4_M11          0           0  1.94494509  0.69037414  0.47832226
B10_P1_M11        -1           1 -0.01924243  1.07948591  0.32086795
B10_P3_M11         0           0 -0.83871329 -1.76610431  0.07549192
B10_P6_M11         1           1  0.68076088  0.09002262 -0.22826959
               PD1_Tex NKlike_Texi LCMV_Texi BBD_Texi PD1_Texi
A12_P6_M11  1.02050802           2         1        0        1
A4_P3_M11  -0.09537134           0         0       -1        0
A4_P6_M11  -1.79329444          -1        -1        0       -2
A6_P6_M11   1.32555228           1         2       -1        1
A7_P2_M11  -0.98377600          -1        -1        1       -1
A7_P6_M11  -1.36882829          -1         0        0       -1
A9_P4_M11   1.45302333           2         1        0        1
B10_P1_M11 -1.00334992           0         1        0       -1
B10_P3_M11 -2.12619712          -1        -2        0       -2
B10_P6_M11  1.58067609           1         0        0        2
[1] "generating figure for  ./plots/GSE120575_prepare_vlnplot_response_exhaustion_markers"
[1] "generating figure for  ./plots/GSE120575_prepare_scatterplot_CARTEx_200_activation_triple_checkpoint_expression"
[1] "generating figure for  ./plots/GSE120575_prepare_corr_triple_checkpoint_expression_phase"
[1] "generating figure for  ./plots/GSE120575_prepare_corr_timepoint_response_phase"
[1] "generating figure for  ./plots/GSE120575_prepare_corr_monaco_phase"
[1] "generating figure for  ./plots/GSE120575_prepare_corr_timepoint_response_monaco"
[1] "generating figure for  ./plots/GSE120575_prepare_corr_triple_checkpoint_expression_CARTEx_200i"
[1] "generating figure for  ./plots/GSE120575_prepare_corr_NKlike_Texi_CARTEx_200i"
[1] "generating figure for  ./plots/GSE120575_prepare_corr_activationi_CARTEx_200i"
[1] "generating figure for  ./plots/GSE120575_prepare_corr_anergyi_CARTEx_200i"
[1] "generating figure for  ./plots/GSE120575_prepare_corr_anergyi_NKlike_Texi"
[1] "generating figure for  ./plots/GSE120575_prepare_barplot_monaco_timepoint_response_baseline"
[1] "generating figure for  ./plots/GSE120575_prepare_vlnplot_response_exhaustion_markers_baseline"
[1] "The script has completed..."
