[1] "The script is starting..."
[1] "dgCMatrix"
attr(,"package")
[1] "Matrix"
[1] "generating figure for  ./plots/Zenodo3993994_blood_prepare_vlnplot_quality_control_standard_original"
[1] "orig.ident levels() is not NULL"
[1] "SeuratProject"

[1] "nCount_RNA levels() is NULL"

[1] "nFeature_RNA levels() is NULL"

[1] "cell levels() is NULL"

[1] "sample levels() is NULL"

[1] "sampleType levels() is not NULL"
[1] "Parkinson(Blood)" "Control(Blood)"   "Alzheimer(CSF)"   "MCI(CSF)"        
[5] "Control(CSF)"    

[1] "clusterID levels() is NULL"

[1] "clusterAnno levels() is NULL"

[1] "cellType levels() is NULL"

[1] "cellType2 levels() is NULL"

[1] "clonotype levels() is NULL"

[1] "alpha_CDR3_aa levels() is NULL"

[1] "beta_CDR3_aa levels() is NULL"

[1] "percent.mt levels() is NULL"

[1] "identifier levels() is NULL"

[1] "percent.CARTEx_630 levels() is NULL"

[1] "PFSD.CARTEx_630 levels() is NULL"

[1] "percent.CARTEx_200 levels() is NULL"

[1] "PFSD.CARTEx_200 levels() is NULL"

[1] "percent.CARTEx_84 levels() is NULL"

[1] "PFSD.CARTEx_84 levels() is NULL"

[1] "Disease levels() is not NULL"
[1] "Parkinson (B)" "Control (B)"   "Alzheimer (C)" "MCI (C)"      
[5] "Control (C)"  

[1] "sampleSource levels() is not NULL"
[1] "Blood" "CSF"  

[1] "generating figure for  ./plots/Zenodo3993994_blood_prepare_vlnplot_quality_control_standard_pre"
[1] "generating figure for  ./plots/Zenodo3993994_blood_prepare_vlnplot_quality_control_standard_post"
[1] "generating figure for  ./plots/Zenodo3993994_blood_prepare_varplt_labeled"
[1] "generating figure for  ./plots/Zenodo3993994_blood_prepare_inspect_elbow"
Modularity Optimizer version 1.3.0 by Ludo Waltman and Nees Jan van Eck

Number of nodes: 26414
Number of edges: 849930

Running Louvain algorithm...
Maximum modularity in 10 random starts: 1.0000
Number of communities: 1
Elapsed time: 3 seconds
Modularity Optimizer version 1.3.0 by Ludo Waltman and Nees Jan van Eck

Number of nodes: 26414
Number of edges: 849930

Running Louvain algorithm...
Maximum modularity in 10 random starts: 0.9404
Number of communities: 12
Elapsed time: 5 seconds
Modularity Optimizer version 1.3.0 by Ludo Waltman and Nees Jan van Eck

Number of nodes: 26414
Number of edges: 849930

Running Louvain algorithm...
Maximum modularity in 10 random starts: 0.9140
Number of communities: 14
Elapsed time: 5 seconds
Modularity Optimizer version 1.3.0 by Ludo Waltman and Nees Jan van Eck

Number of nodes: 26414
Number of edges: 849930

Running Louvain algorithm...
Maximum modularity in 10 random starts: 0.8958
Number of communities: 18
Elapsed time: 4 seconds
Modularity Optimizer version 1.3.0 by Ludo Waltman and Nees Jan van Eck

Number of nodes: 26414
Number of edges: 849930

Running Louvain algorithm...
Maximum modularity in 10 random starts: 0.8798
Number of communities: 19
Elapsed time: 4 seconds
Modularity Optimizer version 1.3.0 by Ludo Waltman and Nees Jan van Eck

Number of nodes: 26414
Number of edges: 849930

Running Louvain algorithm...
Maximum modularity in 10 random starts: 0.8650
Number of communities: 19
Elapsed time: 4 seconds
[1] "generating figure for  ./plots/Zenodo3993994_blood_prepare_inspect_clustering"
[1] "Calculating UMAPs..."
[1] "Calculating diffusion maps..."
finding knns......done. Time: 29433.20s
Calculating transition probabilities......done. Time: 0.04s

performing eigen decomposition......done. Time: 1.69s
[1] "Saving Seurat object..."
                       orig.ident nCount_RNA nFeature_RNA                cell
N1-AAAGATGAGCTAACAA SeuratProject       5468         1586 N1-AAAGATGAGCTAACAA
N1-AGATCTGAGTGAATTG SeuratProject       4544         1454 N1-AGATCTGAGTGAATTG
N1-CACATAGTCGCACTCT SeuratProject       4614         1584 N1-CACATAGTCGCACTCT
N1-CTCTAATTCAAGAAGT SeuratProject       7504         2145 N1-CTCTAATTCAAGAAGT
N1-GCGCAGTGTGATAAGT SeuratProject       4541         1385 N1-GCGCAGTGTGATAAGT
N1-TCAACGATCAGGTTCA SeuratProject       4066         1369 N1-TCAACGATCAGGTTCA
N1-AAATGCCAGCTGATAA SeuratProject       4046         1577 N1-AAATGCCAGCTGATAA
N1-AACTCCCAGGTGGGTT SeuratProject       2871         1304 N1-AACTCCCAGGTGGGTT
N1-AACTCTTCATCCTTGC SeuratProject       2664         1084 N1-AACTCTTCATCCTTGC
N1-AAGACCTCACAGCGTC SeuratProject       3777         1289 N1-AAGACCTCACAGCGTC
                    sample     sampleType clusterID
N1-AAAGATGAGCTAACAA     N1 Control(Blood)        C8
N1-AGATCTGAGTGAATTG     N1 Control(Blood)        C8
N1-CACATAGTCGCACTCT     N1 Control(Blood)        C8
N1-CTCTAATTCAAGAAGT     N1 Control(Blood)        C2
N1-GCGCAGTGTGATAAGT     N1 Control(Blood)        C8
N1-TCAACGATCAGGTTCA     N1 Control(Blood)        C8
N1-AAATGCCAGCTGATAA     N1 Control(Blood)        C4
N1-AACTCCCAGGTGGGTT     N1 Control(Blood)        C4
N1-AACTCTTCATCCTTGC     N1 Control(Blood)        C7
N1-AAGACCTCACAGCGTC     N1 Control(Blood)        C7
                                        clusterAnno cellType
N1-AAAGATGAGCTAACAA          C8: Naive CD8+ T cells      CD8
N1-AGATCTGAGTGAATTG          C8: Naive CD8+ T cells      CD8
N1-CACATAGTCGCACTCT          C8: Naive CD8+ T cells      CD8
N1-CTCTAATTCAAGAAGT C2: Central memory CD4+ T cells      CD4
N1-GCGCAGTGTGATAAGT          C8: Naive CD8+ T cells      CD8
N1-TCAACGATCAGGTTCA          C8: Naive CD8+ T cells      CD8
N1-AAATGCCAGCTGATAA   C4: Transitional CD8+ T cells      CD8
N1-AACTCCCAGGTGGGTT   C4: Transitional CD8+ T cells      CD8
N1-AACTCTTCATCCTTGC                   C7: Th2 cells      CD4
N1-AAGACCTCACAGCGTC                   C7: Th2 cells      CD4
                                      cellType2      clonotype   alpha_CDR3_aa
N1-AAAGATGAGCTAACAA          Naive CD8+ T cells clonotype13285 CGTSTWAGTASKLTF
N1-AGATCTGAGTGAATTG          Naive CD8+ T cells clonotype86747                
N1-CACATAGTCGCACTCT          Naive CD8+ T cells  clonotype9668 CVVNGRGTGANNLFF
N1-CTCTAATTCAAGAAGT Central memory CD4+ T cells clonotype69702 CAARVGGTSYGKLTF
N1-GCGCAGTGTGATAAGT          Naive CD8+ T cells clonotype38129   CATVDFNDYKLSF
N1-TCAACGATCAGGTTCA          Naive CD8+ T cells clonotype64452  CAYRLMNRDDKIIF
N1-AAATGCCAGCTGATAA   Transitional CD8+ T cells  clonotype3228    CAVSVDGQKLLF
N1-AACTCCCAGGTGGGTT   Transitional CD8+ T cells   clonotype229   CAYRSANSFKTIF
N1-AACTCTTCATCCTTGC                   Th2 cells   clonotype645   CAVKRDSSYKLIF
N1-AAGACCTCACAGCGTC                   Th2 cells clonotype32417    CVVNSGYSTLTF
                         beta_CDR3_aa percent.mt    identifier
N1-AAAGATGAGCTAACAA   CASSATGYSNQPQHF   6.181419 Zenodo3993994
N1-AGATCTGAGTGAATTG CASSQDATGGMNTEAFF   6.117958 Zenodo3993994
N1-CACATAGTCGCACTCT      CSAPDSLGGYTF   5.288253 Zenodo3993994
N1-CTCTAATTCAAGAAGT     CASSLGYQETQYF   3.278252 Zenodo3993994
N1-GCGCAGTGTGATAAGT       CASSFSGELFF   5.659546 Zenodo3993994
N1-TCAACGATCAGGTTCA CASSLGLAGAVYNEQFF   5.459911 Zenodo3993994
N1-AAATGCCAGCTGATAA   CASRRTSGSTDTQYF   5.981216 Zenodo3993994
N1-AACTCCCAGGTGGGTT     CASKPGSNEKLFF   4.702194 Zenodo3993994
N1-AACTCTTCATCCTTGC     CASSYGGNTEAFF   1.426426 Zenodo3993994
N1-AAGACCTCACAGCGTC  CASSPRGGGQEDTQYF   4.050834 Zenodo3993994
                    percent.CARTEx_630 PFSD.CARTEx_630 percent.CARTEx_200
N1-AAAGATGAGCTAACAA          0.4572056        2.539683         0.14630578
N1-AGATCTGAGTGAATTG          0.7042254        4.126984         0.15404930
N1-CACATAGTCGCACTCT          0.6068487        3.492063         0.13003901
N1-CTCTAATTCAAGAAGT          0.5597015        3.650794         0.06663113
N1-GCGCAGTGTGATAAGT          0.5725611        3.015873         0.13212949
N1-TCAACGATCAGGTTCA          0.6148549        2.857143         0.14756517
N1-AAATGCCAGCTGATAA          0.9886307        4.603175         0.27187346
N1-AACTCCCAGGTGGGTT          1.8808777        5.555556         0.73145246
N1-AACTCTTCATCCTTGC          0.6381381        1.746032         0.11261261
N1-AAGACCTCACAGCGTC          0.5030447        2.539683         0.13238020
                    PFSD.CARTEx_200 percent.CARTEx_84 PFSD.CARTEx_84
N1-AAAGATGAGCTAACAA             2.0        0.10972933       3.571429
N1-AGATCTGAGTGAATTG             2.5        0.04401408       2.380952
N1-CACATAGTCGCACTCT             2.5        0.02167317       1.190476
N1-CTCTAATTCAAGAAGT             2.0        0.02665245       2.380952
N1-GCGCAGTGTGATAAGT             1.5        0.06606474       2.380952
N1-TCAACGATCAGGTTCA             2.0        0.04918839       2.380952
N1-AAATGCCAGCTGATAA             4.0        0.14829461       3.571429
N1-AACTCCCAGGTGGGTT             6.5        0.27864855       5.952381
N1-AACTCTTCATCCTTGC             1.0        0.03753754       1.190476
N1-AAGACCTCACAGCGTC             2.0        0.05295208       2.380952
                        Disease sampleSource RNA_snn_res.0 RNA_snn_res.0.2
N1-AAAGATGAGCTAACAA Control (B)        Blood             0               2
N1-AGATCTGAGTGAATTG Control (B)        Blood             0               2
N1-CACATAGTCGCACTCT Control (B)        Blood             0               2
N1-CTCTAATTCAAGAAGT Control (B)        Blood             0               0
N1-GCGCAGTGTGATAAGT Control (B)        Blood             0               2
N1-TCAACGATCAGGTTCA Control (B)        Blood             0               2
N1-AAATGCCAGCTGATAA Control (B)        Blood             0               0
N1-AACTCCCAGGTGGGTT Control (B)        Blood             0               0
N1-AACTCTTCATCCTTGC Control (B)        Blood             0               0
N1-AAGACCTCACAGCGTC Control (B)        Blood             0               0
                    RNA_snn_res.0.4 RNA_snn_res.0.6 RNA_snn_res.0.8
N1-AAAGATGAGCTAACAA               0               2               1
N1-AGATCTGAGTGAATTG               0               2               1
N1-CACATAGTCGCACTCT               0               2               1
N1-CTCTAATTCAAGAAGT               3               3               2
N1-GCGCAGTGTGATAAGT               0               2               1
N1-TCAACGATCAGGTTCA               0               2               1
N1-AAATGCCAGCTGATAA               2               0               3
N1-AACTCCCAGGTGGGTT               2               0               3
N1-AACTCTTCATCCTTGC               3               3               2
N1-AAGACCTCACAGCGTC               3               3               2
                    RNA_snn_res.1 seurat_clusters DC1rank DC2rank         dpt
N1-AAAGATGAGCTAACAA             1               2   14220   22631 0.005145402
N1-AGATCTGAGTGAATTG             1               2   19151   23766 0.008258672
N1-CACATAGTCGCACTCT             1               2    7452   20424 0.003277488
N1-CTCTAATTCAAGAAGT             2               3   17509   20867 0.005051721
N1-GCGCAGTGTGATAAGT             1               2    5124   21975 0.003386891
N1-TCAACGATCAGGTTCA             1               2   14113   23320 0.005722458
N1-AAATGCCAGCTGATAA             3               0    8600   14262 0.001520885
N1-AACTCCCAGGTGGGTT             3               0    7255   15843 0.001556427
N1-AACTCTTCATCCTTGC             2               3   11877   18308 0.003227255
N1-AAGACCTCACAGCGTC             2               3   10310   18472 0.003112082
[1] "generating figure for  ./plots/Zenodo3993994_blood_prepare_umap_seurat_clusters"
[1] "generating figure for  ./plots/Zenodo3993994_blood_prepare_umap_seurat_clusters_highlight"
[1] "generating figure for  ./plots/Zenodo3993994_blood_prepare_umap_disease"
ERROR : No cells found  for  Alzheimer (C) 
ERROR : No cells found  for  MCI (C) 
ERROR : No cells found  for  Control (C) 
[1] "generating figure for  ./plots/Zenodo3993994_blood_prepare_umap_disease_highlight"
[1] "generating figure for  ./plots/Zenodo3993994_blood_prepare_umap_sample_source"
[1] "generating figure for  ./plots/Zenodo3993994_blood_prepare_umap_sample_type"
[1] "generating figure for  ./plots/Zenodo3993994_blood_prepare_dmap_seurat_clusters"
[1] "generating figure for  ./plots/Zenodo3993994_blood_prepare_dmap_disease"
[1] "generating figure for  ./plots/Zenodo3993994_blood_prepare_barplot_disease_seurat_clusters"
[1] "generating figure for  ./plots/Zenodo3993994_blood_prepare_barplot_sample_source_seurat_clusters"
# A tibble: 8,636 × 7
# Groups:   cluster [19]
   p_val avg_log2FC pct.1 pct.2 p_val_adj cluster gene  
   <dbl>      <dbl> <dbl> <dbl>     <dbl> <fct>   <chr> 
 1     0       2.12 0.961 0.306         0 0       FGFBP2
 2     0       1.70 0.918 0.319         0 0       GZMB  
 3     0       1.75 0.998 0.438         0 0       GZMH  
 4     0       2.14 0.74  0.229         0 0       FCGR3A
 5     0       1.73 0.751 0.257         0 0       ADGRG1
 6     0       1.65 0.788 0.295         0 0       CX3CR1
 7     0       1.58 0.827 0.347         0 0       GNLY  
 8     0       1.16 0.849 0.407         0 0       KLRD1 
 9     0       1.83 0.61  0.181         0 0       PRSS23
10     0       1.47 0.713 0.295         0 0       S1PR5 
# ℹ 8,626 more rows
[1] "generating figure for  ./plots/Zenodo3993994_blood_prepare_cluster_markers_heatmap"
[1] "Cluster: 0"
# A tibble: 10 × 7
   p_val avg_log2FC pct.1 pct.2 p_val_adj cluster gene  
   <dbl>      <dbl> <dbl> <dbl>     <dbl> <fct>   <chr> 
 1     0       2.12 0.961 0.306         0 0       FGFBP2
 2     0       1.70 0.918 0.319         0 0       GZMB  
 3     0       1.75 0.998 0.438         0 0       GZMH  
 4     0       2.14 0.74  0.229         0 0       FCGR3A
 5     0       1.73 0.751 0.257         0 0       ADGRG1
 6     0       1.65 0.788 0.295         0 0       CX3CR1
 7     0       1.58 0.827 0.347         0 0       GNLY  
 8     0       1.16 0.849 0.407         0 0       KLRD1 
 9     0       1.83 0.61  0.181         0 0       PRSS23
10     0       1.47 0.713 0.295         0 0       S1PR5 
[1] "Cluster: 1"
# A tibble: 10 × 7
   p_val avg_log2FC pct.1 pct.2 p_val_adj cluster gene   
   <dbl>      <dbl> <dbl> <dbl>     <dbl> <fct>   <chr>  
 1     0       2.55 0.947 0.278         0 1       CCR7   
 2     0       2.28 0.907 0.287         0 1       LEF1   
 3     0       2.56 0.72  0.155         0 1       ACTN1  
 4     0       1.51 0.944 0.444         0 1       SELL   
 5     0       1.69 0.881 0.397         0 1       TCF7   
 6     0       1.76 0.806 0.336         0 1       LDLRAP1
 7     0       2.41 0.568 0.123         0 1       AIF1   
 8     0       2.09 0.599 0.156         0 1       MAL    
 9     0       1.66 0.67  0.24          0 1       NELL2  
10     0       1.47 0.849 0.446         0 1       PIK3IP1
[1] "Cluster: 2"
# A tibble: 10 × 7
       p_val avg_log2FC pct.1 pct.2 p_val_adj cluster gene    
       <dbl>      <dbl> <dbl> <dbl>     <dbl> <fct>   <chr>   
 1 0               1.23 0.941 0.588 0         2       LTB     
 2 0               1.31 0.976 0.637 0         2       IL7R    
 3 0               1.64 0.467 0.15  0         2       GPR183  
 4 0               1.93 0.404 0.112 0         2       CD82    
 5 0               2.72 0.249 0.045 0         2       CRIP2   
 6 2.52e-286       2.52 0.196 0.035 3.97e-282 2       CAPG    
 7 1.84e-254       1.19 0.682 0.387 2.90e-250 2       PLP2    
 8 2.75e-231       1.33 0.514 0.236 4.34e-227 2       AQP3    
 9 2.09e-222       4.78 0.056 0.002 3.30e-218 2       PTGDR2  
10 2.87e-191       1.96 0.193 0.048 4.52e-187 2       IFNG-AS1
[1] "Cluster: 3"
# A tibble: 10 × 7
       p_val avg_log2FC pct.1 pct.2 p_val_adj cluster gene    
       <dbl>      <dbl> <dbl> <dbl>     <dbl> <fct>   <chr>   
 1 0               1.54 0.751 0.386 0         3       CMC1    
 2 0               1.33 0.769 0.41  0         3       DUSP2   
 3 0               1.15 0.444 0.149 0         3       GZMK    
 4 0               1.30 0.985 0.892 0         3       CD74    
 5 2.99e-272       1.01 0.802 0.466 4.72e-268 3       CCL4    
 6 1.49e-246       1.30 0.539 0.249 2.36e-242 3       TIGIT   
 7 6.27e-218       3.31 0.145 0.025 9.89e-214 3       TRAV25  
 8 9.67e-216       1.53 0.444 0.194 1.53e-211 3       CCL4L2  
 9 1.85e-185       1.54 0.389 0.17  2.92e-181 3       HLA-DQB1
10 3.24e-182       1.35 0.428 0.197 5.11e-178 3       EOMES   
[1] "Cluster: 4"
# A tibble: 10 × 7
   p_val avg_log2FC pct.1 pct.2 p_val_adj cluster gene   
   <dbl>      <dbl> <dbl> <dbl>     <dbl> <fct>   <chr>  
 1     0       3.52 0.696 0.083         0 4       KLRC3  
 2     0       1.92 0.759 0.251         0 4       FCGR3A 
 3     0       1.30 0.906 0.423         0 4       KLRD1  
 4     0       5.48 0.496 0.014         0 4       KIR2DL3
 5     0       3.10 0.564 0.085         0 4       KLRF1  
 6     0       4.58 0.506 0.035         0 4       TYROBP 
 7     0       2.03 0.838 0.368         0 4       GNLY   
 8     0       5.20 0.487 0.021         0 4       KIR3DL2
 9     0       1.12 0.911 0.472         0 4       GZMH   
10     0       1.15 0.79  0.358         0 4       GZMB   
[1] "Cluster: 5"
# A tibble: 10 × 7
       p_val avg_log2FC pct.1 pct.2 p_val_adj cluster gene    
       <dbl>      <dbl> <dbl> <dbl>     <dbl> <fct>   <chr>   
 1 0               1.14 0.857 0.353 0         5       RPS4Y1  
 2 0               1.50 0.816 0.391 0         5       CMC1    
 3 0               1.97 0.574 0.178 0         5       HLA-DQA2
 4 0               1.50 0.638 0.255 0         5       HLA-DQA1
 5 0               1.25 0.516 0.152 0         5       GZMK    
 6 0               1.13 0.994 0.894 0         5       CD74    
 7 1.24e-238       1.08 0.773 0.42  1.96e-234 5       DUSP2   
 8 6.75e-231       2.69 0.157 0.022 1.07e-226 5       TRBV5-6 
 9 4.19e-210       1.36 0.632 0.336 6.61e-206 5       SH2D1A  
10 1.90e-151       1.95 0.215 0.059 2.99e-147 5       MS4A1   
[1] "Cluster: 6"
# A tibble: 10 × 7
   p_val avg_log2FC pct.1 pct.2 p_val_adj cluster gene  
   <dbl>      <dbl> <dbl> <dbl>     <dbl> <fct>   <chr> 
 1     0       1.97 0.933 0.312         0 6       CCR7  
 2     0       1.97 0.962 0.347         0 6       RPS4Y1
 3     0       1.71 0.886 0.319         0 6       LEF1  
 4     0       2.15 0.726 0.182         0 6       ACTN1 
 5     0       1.70 0.754 0.254         0 6       NELL2 
 6     0       1.24 0.934 0.469         0 6       SELL  
 7     0       1.34 0.876 0.421         0 6       TCF7  
 8     0       1.83 0.6   0.178         0 6       MAL   
 9     0       1.67 0.684 0.265         0 6       CD55  
10     0       2.54 0.479 0.091         0 6       LRRN3 
[1] "Cluster: 7"
# A tibble: 10 × 7
   p_val avg_log2FC pct.1 pct.2 p_val_adj cluster gene    
   <dbl>      <dbl> <dbl> <dbl>     <dbl> <fct>   <chr>   
 1     0       2.13 0.972 0.346         0 7       FGFBP2  
 2     0       1.96 0.972 0.353         0 7       GZMB    
 3     0       1.17 0.96  0.35          0 7       RPS4Y1  
 4     0       2.35 0.769 0.196         0 7       PRSS23  
 5     0       1.95 0.956 0.424         0 7       HLA-DRB5
 6     0       1.18 0.998 0.473         0 7       GZMH    
 7     0       2.39 0.737 0.217         0 7       SPON2   
 8     0       1.37 0.932 0.429         0 7       KLRD1   
 9     0       2.23 0.646 0.144         0 7       ZNF683  
10     0       1.37 0.792 0.325         0 7       CX3CR1  
[1] "Cluster: 8"
# A tibble: 10 × 7
   p_val avg_log2FC pct.1 pct.2 p_val_adj cluster gene      
   <dbl>      <dbl> <dbl> <dbl>     <dbl> <fct>   <chr>     
 1     0       1.68 0.959 0.357         0 8       GZMB      
 2     0       1.45 0.93  0.352         0 8       FGFBP2    
 3     0       1.50 0.913 0.373         0 8       GNLY      
 4     0       1.48 0.993 0.476         0 8       GZMH      
 5     0       1.74 0.827 0.325         0 8       CX3CR1    
 6     0       1.61 0.746 0.29          0 8       ADGRG1    
 7     0       2.34 0.583 0.134         0 8       AC243829.2
 8     0       2.17 0.574 0.152         0 8       ZNF683    
 9     0       1.68 0.62  0.209         0 8       PRSS23    
10     0       1.48 0.818 0.408         0 8       ITGB1     
[1] "Cluster: 9"
# A tibble: 10 × 7
   p_val avg_log2FC pct.1 pct.2 p_val_adj cluster gene     
   <dbl>      <dbl> <dbl> <dbl>     <dbl> <fct>   <chr>    
 1     0       4.54 0.989 0.046         0 9       MTRNR2L12
 2     0       3.53 0.958 0.077         0 9       RPL36A   
 3     0       3.65 0.996 0.152         0 9       RPL26    
 4     0       3.55 0.9   0.124         0 9       RPL17    
 5     0       4.34 0.785 0.035         0 9       GABARAP  
 6     0       3.36 0.951 0.223         0 9       C12orf57 
 7     0       2.74 0.899 0.196         0 9       HCST     
 8     0       3.14 0.809 0.141         0 9       IER2     
 9     0       2.62 0.961 0.298         0 9       TMA7     
10     0       4.79 0.688 0.028         0 9       FLT3LG   
[1] "Cluster: 10"
# A tibble: 10 × 7
   p_val avg_log2FC pct.1 pct.2 p_val_adj cluster gene     
   <dbl>      <dbl> <dbl> <dbl>     <dbl> <fct>   <chr>    
 1     0       4.37 0.999 0.059         0 10      MTRNR2L12
 2     0       3.24 0.993 0.165         0 10      RPL26    
 3     0       2.90 0.91  0.091         0 10      RPL36A   
 4     0       3.85 0.89  0.148         0 10      IER2     
 5     0       3.38 0.944 0.204         0 10      HCST     
 6     0       3.19 0.873 0.136         0 10      RPL17    
 7     0       4.27 0.755 0.047         0 10      GABARAP  
 8     0       2.75 0.966 0.308         0 10      TMA7     
 9     0       4.09 0.71  0.053         0 10      KRTCAP2  
10     0       3.18 0.774 0.122         0 10      UQCR11   
[1] "Cluster: 11"
# A tibble: 10 × 7
   p_val avg_log2FC pct.1 pct.2 p_val_adj cluster gene   
   <dbl>      <dbl> <dbl> <dbl>     <dbl> <fct>   <chr>  
 1     0       3.52 0.873 0.148         0 11      KLRB1  
 2     0       3.10 0.722 0.097         0 11      TRAV1-2
 3     0       6.93 0.602 0.006         0 11      SLC4A10
 4     0       3.03 0.465 0.062         0 11      CXCR6  
 5     0       6.24 0.361 0.006         0 11      RORC   
 6     0       5.17 0.319 0.012         0 11      ZBTB16 
 7     0       4.97 0.262 0.01          0 11      CCR6   
 8     0       5.10 0.252 0.008         0 11      CEBPD  
 9     0       5.35 0.239 0.007         0 11      COLQ   
10     0       6.28 0.174 0.003         0 11      ME1    
[1] "Cluster: 12"
# A tibble: 10 × 7
       p_val avg_log2FC pct.1 pct.2 p_val_adj cluster gene     
       <dbl>      <dbl> <dbl> <dbl>     <dbl> <fct>   <chr>    
 1 0               5.38 0.981 0.026 0         12      TRBV12-4 
 2 0               4.95 0.974 0.051 0         12      TRAV12-2 
 3 0               3.57 0.949 0.118 0         12      TRGV9    
 4 0               3.45 0.665 0.019 0         12      TRBV7-3  
 5 0               4.58 0.566 0.017 0         12      TRAV23DV6
 6 4.57e-155       1.14 0.992 0.925 7.21e-151 12      ZFP36L2  
 7 1.78e-132       1.90 0.607 0.2   2.81e-128 12      NCR3     
 8 3.58e-125       2.00 0.568 0.179 5.65e-121 12      XCL1     
 9 4.95e-108       4.68 0.058 0.002 7.81e-104 12      GLIS1    
10 2.18e-106       2.77 0.209 0.032 3.44e-102 12      CLU      
[1] "Cluster: 13"
# A tibble: 10 × 7
   p_val avg_log2FC pct.1 pct.2 p_val_adj cluster gene   
   <dbl>      <dbl> <dbl> <dbl>     <dbl> <fct>   <chr>  
 1     0       8.21 0.996 0.056         0 13      RPS17  
 2     0       4.87 0.98  0.101         0 13      RPL36A 
 3     0       4.32 1     0.176         0 13      RPL26  
 4     0       3.36 0.848 0.147         0 13      RPL17  
 5     0       3.29 0.699 0.132         0 13      UQCR11 
 6     0       3.87 0.627 0.107         0 13      ARPC1B 
 7     0       4.89 0.447 0.03          0 13      ATP5PO 
 8     0       7.89 0.346 0.002         0 13      HBB    
 9     0       5.47 0.354 0.014         0 13      NDUFB8 
10     0       4.51 0.363 0.029         0 13      NDUFA13
[1] "Cluster: 14"
# A tibble: 10 × 7
       p_val avg_log2FC pct.1 pct.2 p_val_adj cluster gene    
       <dbl>      <dbl> <dbl> <dbl>     <dbl> <fct>   <chr>   
 1 1.14e-147       1.49 0.964 0.38  1.79e-143 14      RPS4Y1  
 2 3.96e-127       2.64 0.345 0.063 6.25e-123 14      IGLV2-14
 3 6.75e-108       1.09 0.996 0.948 1.06e-103 14      RPS26   
 4 5.39e-107       2.49 0.32  0.062 8.50e-103 14      TRGV4   
 5 2.16e- 54       1.93 0.351 0.121 3.41e- 50 14      SLAMF1  
 6 7.42e- 52       2.93 0.148 0.027 1.17e- 47 14      KLRC1   
 7 8.75e- 50       2.09 0.26  0.075 1.38e- 45 14      TRAV13-1
 8 4.26e- 44       2.42 0.217 0.06  6.72e- 40 14      TRAV13-2
 9 4.33e- 42       6.51 0.013 0     6.83e- 38 14      SDSL    
10 4.56e- 41       1.89 0.271 0.091 7.19e- 37 14      DDX3Y   
[1] "Cluster: 15"
# A tibble: 10 × 7
       p_val avg_log2FC pct.1 pct.2 p_val_adj cluster gene   
       <dbl>      <dbl> <dbl> <dbl>     <dbl> <fct>   <chr>  
 1 2.45e-149       2.96 0.22  0.021 3.86e-145 15      TSHZ2  
 2 5.91e-115       2.18 0.268 0.038 9.33e-111 15      CD40LG 
 3 8.63e- 81       1.17 0.629 0.2   1.36e- 76 15      MAL    
 4 2.47e- 67       3.69 0.063 0.004 3.90e- 63 15      CTSL   
 5 1.30e- 60       3.11 0.083 0.007 2.06e- 56 15      ANKRD55
 6 5.12e- 60       2.65 0.102 0.011 8.07e- 56 15      ADTRP  
 7 2.83e- 49       3.07 0.107 0.015 4.47e- 45 15      TRDV2  
 8 1.01e- 42       2.61 0.066 0.007 1.59e- 38 15      FBLN7  
 9 1.36e- 36       1.33 0.18  0.044 2.15e- 32 15      APP    
10 2.66e- 34       1.52 0.163 0.039 4.20e- 30 15      FHIT   
[1] "Cluster: 16"
# A tibble: 10 × 7
       p_val avg_log2FC pct.1 pct.2 p_val_adj cluster gene     
       <dbl>      <dbl> <dbl> <dbl>     <dbl> <fct>   <chr>    
 1 2.80e-210       7.08 0.1   0.002 4.41e-206 16      IGHV4-39 
 2 1.01e-161       1.45 1     1     1.60e-157 16      MALAT1   
 3 1.06e- 90       5.75 0.096 0.005 1.67e- 86 16      IGKV1-5  
 4 3.99e- 72       3.19 0.146 0.015 6.30e- 68 16      TRDV2    
 5 1.20e- 70       5.78 0.073 0.004 1.89e- 66 16      IGKV3-15 
 6 7.36e- 54       5.71 0.06  0.003 1.16e- 49 16      FCRL1    
 7 1.80e- 50       5.10 0.08  0.006 2.84e- 46 16      AFF3     
 8 4.87e- 44       9.10 0.01  0     7.69e- 40 16      LINC02161
 9 6.60e- 44       1.68 0.691 0.553 1.04e- 39 16      DDX17    
10 2.91e- 41       1.30 0.731 0.386 4.59e- 37 16      RPS4Y1   
[1] "Cluster: 17"
# A tibble: 10 × 7
   p_val avg_log2FC pct.1 pct.2 p_val_adj cluster gene  
   <dbl>      <dbl> <dbl> <dbl>     <dbl> <fct>   <chr> 
 1     0       7.48 0.818 0.017         0 17      PPBP  
 2     0       6.62 0.604 0.008         0 17      NRGN  
 3     0       8.03 0.583 0.005         0 17      TUBB1 
 4     0       7.31 0.578 0.007         0 17      CAVIN2
 5     0       7.69 0.535 0.004         0 17      SPARC 
 6     0       6.90 0.465 0.005         0 17      PF4   
 7     0       7.43 0.46  0.003         0 17      GNG11 
 8     0       7.76 0.401 0.003         0 17      F13A1 
 9     0       6.76 0.396 0.006         0 17      MPIG6B
10     0       7.21 0.385 0.004         0 17      MYL9  
[1] "Cluster: 18"
# A tibble: 10 × 7
       p_val avg_log2FC pct.1 pct.2 p_val_adj cluster gene      
       <dbl>      <dbl> <dbl> <dbl>     <dbl> <fct>   <chr>     
 1 0               4.97 0.644 0.019 0         18      SLC4A10   
 2 2.07e-232       3.53 1     0.087 3.27e-228 18      MTRNR2L12 
 3 9.66e-227       5.82 0.24  0.005 1.52e-222 18      LTK       
 4 6.76e-217       5.01 0.375 0.013 1.07e-212 18      CEBPD     
 5 4.58e-198       4.53 0.51  0.026 7.22e-194 18      CKLF      
 6 5.36e-195       4.35 0.635 0.042 8.46e-191 18      AC245014.3
 7 4.70e-194       4.69 0.365 0.013 7.41e-190 18      RORC      
 8 4.08e-183       3.62 0.788 0.068 6.44e-179 18      GABARAP   
 9 5.34e-170       5.41 0.192 0.004 8.42e-166 18      LINC01644 
10 2.07e-152       4.59 0.375 0.018 3.27e-148 18      ZBTB16    
[1] "Cluster: 0"
[1] "FGFBP2, GZMB, GZMH, FCGR3A, ADGRG1, CX3CR1, GNLY, KLRD1, PRSS23, S1PR5"

[1] "Cluster: 1"
[1] "CCR7, LEF1, ACTN1, SELL, TCF7, LDLRAP1, AIF1, MAL, NELL2, PIK3IP1"

[1] "Cluster: 2"
[1] "LTB, IL7R, GPR183, CD82, CRIP2, CAPG, PLP2, AQP3, PTGDR2, IFNG-AS1"

[1] "Cluster: 3"
[1] "CMC1, DUSP2, GZMK, CD74, CCL4, TIGIT, TRAV25, CCL4L2, HLA-DQB1, EOMES"

[1] "Cluster: 4"
[1] "KLRC3, FCGR3A, KLRD1, KIR2DL3, KLRF1, TYROBP, GNLY, KIR3DL2, GZMH, GZMB"

[1] "Cluster: 5"
[1] "RPS4Y1, CMC1, HLA-DQA2, HLA-DQA1, GZMK, CD74, DUSP2, TRBV5-6, SH2D1A, MS4A1"

[1] "Cluster: 6"
[1] "CCR7, RPS4Y1, LEF1, ACTN1, NELL2, SELL, TCF7, MAL, CD55, LRRN3"

[1] "Cluster: 7"
[1] "FGFBP2, GZMB, RPS4Y1, PRSS23, HLA-DRB5, GZMH, SPON2, KLRD1, ZNF683, CX3CR1"

[1] "Cluster: 8"
[1] "GZMB, FGFBP2, GNLY, GZMH, CX3CR1, ADGRG1, AC243829.2, ZNF683, PRSS23, ITGB1"

[1] "Cluster: 9"
[1] "MTRNR2L12, RPL36A, RPL26, RPL17, GABARAP, C12orf57, HCST, IER2, TMA7, FLT3LG"

[1] "Cluster: 10"
[1] "MTRNR2L12, RPL26, RPL36A, IER2, HCST, RPL17, GABARAP, TMA7, KRTCAP2, UQCR11"

[1] "Cluster: 11"
[1] "KLRB1, TRAV1-2, SLC4A10, CXCR6, RORC, ZBTB16, CCR6, CEBPD, COLQ, ME1"

[1] "Cluster: 12"
[1] "TRBV12-4, TRAV12-2, TRGV9, TRBV7-3, TRAV23DV6, ZFP36L2, NCR3, XCL1, GLIS1, CLU"

[1] "Cluster: 13"
[1] "RPS17, RPL36A, RPL26, RPL17, UQCR11, ARPC1B, ATP5PO, HBB, NDUFB8, NDUFA13"

[1] "Cluster: 14"
[1] "RPS4Y1, IGLV2-14, RPS26, TRGV4, SLAMF1, KLRC1, TRAV13-1, TRAV13-2, SDSL, DDX3Y"

[1] "Cluster: 15"
[1] "TSHZ2, CD40LG, MAL, CTSL, ANKRD55, ADTRP, TRDV2, FBLN7, APP, FHIT"

[1] "Cluster: 16"
[1] "IGHV4-39, MALAT1, IGKV1-5, TRDV2, IGKV3-15, FCRL1, AFF3, LINC02161, DDX17, RPS4Y1"

[1] "Cluster: 17"
[1] "PPBP, NRGN, TUBB1, CAVIN2, SPARC, PF4, GNG11, F13A1, MPIG6B, MYL9"

[1] "Cluster: 18"
[1] "SLC4A10, MTRNR2L12, LTK, CEBPD, CKLF, AC245014.3, RORC, GABARAP, LINC01644, ZBTB16"

[1] "The script has completed..."
     user    system   elapsed 
30235.447  1492.785 30643.897 
R version 4.2.0 (2022-04-22)
Platform: x86_64-pc-linux-gnu (64-bit)
Running under: CentOS Linux 7 (Core)

Matrix products: default
BLAS/LAPACK: /share/software/user/open/openblas/0.3.10/lib/libopenblas_haswellp-r0.3.10.so

locale:
 [1] LC_CTYPE=en_US.UTF-8       LC_NUMERIC=C              
 [3] LC_TIME=en_US.UTF-8        LC_COLLATE=en_US.UTF-8    
 [5] LC_MONETARY=en_US.UTF-8    LC_MESSAGES=en_US.UTF-8   
 [7] LC_PAPER=en_US.UTF-8       LC_NAME=C                 
 [9] LC_ADDRESS=C               LC_TELEPHONE=C            
[11] LC_MEASUREMENT=en_US.UTF-8 LC_IDENTIFICATION=C       

attached base packages:
[1] grid      stats4    stats     graphics  grDevices utils     datasets 
[8] methods   base     

other attached packages:
 [1] cowplot_1.1.3               ca_0.71.1                  
 [3] ComplexHeatmap_2.14.0       ComplexUpset_1.3.3         
 [5] ggbeeswarm_0.7.2            glmGamPoi_1.10.2           
 [7] ROGUE_1.0                   clustree_0.5.1             
 [9] ggraph_2.2.1                EnhancedVolcano_1.16.0     
[11] ggrepel_0.9.5               patchwork_1.2.0            
[13] data.table_1.15.4           destiny_3.12.0             
[15] scuttle_1.11.3              SingleCellExperiment_1.20.1
[17] SingleR_2.0.0               SummarizedExperiment_1.28.0
[19] Biobase_2.58.0              GenomicRanges_1.50.2       
[21] GenomeInfoDb_1.34.9         IRanges_2.32.0             
[23] S4Vectors_0.36.2            BiocGenerics_0.44.0        
[25] MatrixGenerics_1.10.0       matrixStats_1.1.0          
[27] dplyr_1.1.4                 stringr_1.5.1              
[29] ggplotify_0.1.2             ggpubr_0.6.0               
[31] ggplot2_3.5.1               Seurat_5.0.3               
[33] SeuratObject_5.0.1          sp_2.1-4                   

loaded via a namespace (and not attached):
  [1] rsvd_1.0.5                vcd_1.4-12               
  [3] ica_1.0-3                 class_7.3-22             
  [5] foreach_1.5.2             lmtest_0.9-40            
  [7] crayon_1.5.2              laeken_0.5.3             
  [9] MASS_7.3-60.0.1           nlme_3.1-164             
 [11] backports_1.4.1           rlang_1.1.3              
 [13] XVector_0.38.0            ROCR_1.0-11              
 [15] irlba_2.3.5.1             limma_3.54.2             
 [17] smoother_1.3              BiocParallel_1.32.6      
 [19] rjson_0.2.21              glue_1.7.0               
 [21] sctransform_0.4.1         parallel_4.2.0           
 [23] vipor_0.4.7               spatstat.sparse_3.0-3    
 [25] dotCall64_1.1-1           spatstat.geom_3.2-9      
 [27] tidyselect_1.2.1          fitdistrplus_1.1-11      
 [29] tidyr_1.3.1               zoo_1.8-12               
 [31] xtable_1.8-4              RcppHNSW_0.6.0           
 [33] magrittr_2.0.3            cli_3.6.2                
 [35] zlibbioc_1.44.0           miniUI_0.1.1.1           
 [37] RcppEigen_0.3.4.0.0       fastDummies_1.7.3        
 [39] shiny_1.8.1.1             BiocSingular_1.14.0      
 [41] clue_0.3-65               cluster_2.1.6            
 [43] tidygraph_1.3.1           pcaMethods_1.90.0        
 [45] tibble_3.2.1              listenv_0.9.1            
 [47] png_0.1-8                 future_1.33.2            
 [49] withr_3.0.0               bitops_1.0-7             
 [51] ggforce_0.4.2             ranger_0.16.0            
 [53] plyr_1.8.9                e1071_1.7-14             
 [55] pillar_1.9.0              GlobalOptions_0.1.2      
 [57] cachem_1.0.8              fs_1.6.4                 
 [59] scatterplot3d_0.3-44      TTR_0.24.4               
 [61] GetoptLong_1.0.5          DelayedMatrixStats_1.20.0
 [63] xts_0.13.2                vctrs_0.6.5              
 [65] generics_0.1.3            tools_4.2.0              
 [67] beeswarm_0.4.0            munsell_0.5.1            
 [69] tweenr_2.0.3              proxy_0.4-27             
 [71] DelayedArray_0.24.0       fastmap_1.1.1            
 [73] compiler_4.2.0            abind_1.4-5              
 [75] httpuv_1.6.15             plotly_4.10.4            
 [77] GenomeInfoDbData_1.2.9    gridExtra_2.3            
 [79] lattice_0.22-6            deldir_2.0-4             
 [81] utf8_1.2.4                later_1.3.2              
 [83] jsonlite_1.8.8            ggplot.multistats_1.0.0  
 [85] scales_1.3.0              ScaledMatrix_1.6.0       
 [87] pbapply_1.7-2             carData_3.0-5            
 [89] sparseMatrixStats_1.10.0  lazyeval_0.2.2           
 [91] promises_1.3.0            car_3.1-2                
 [93] doParallel_1.0.17         goftest_1.2-3            
 [95] spatstat.utils_3.0-4      reticulate_1.36.1        
 [97] checkmate_2.3.1           Rtsne_0.17               
 [99] uwot_0.2.2                igraph_2.0.3             
[101] survival_3.6-4            systemfonts_1.0.6        
[103] htmltools_0.5.8.1         memoise_2.0.1            
[105] graphlayouts_1.1.1        viridisLite_0.4.2        
[107] digest_0.6.35             mime_0.12                
[109] spam_2.10-0               yulab.utils_0.1.4        
[111] future.apply_1.11.2       splines_4.2.0            
[113] labeling_0.4.3            Cairo_1.6-2              
[115] RCurl_1.98-1.14           broom_1.0.5              
[117] colorspace_2.1-0          shape_1.4.6.1            
[119] ggrastr_1.0.2             nnet_7.3-19              
[121] Rcpp_1.0.12               RANN_2.6.1               
[123] circlize_0.4.16           fansi_1.0.6              
[125] VIM_6.2.2                 parallelly_1.37.1        
[127] R6_2.5.1                  ggridges_0.5.6           
[129] lifecycle_1.0.4           curl_5.2.1               
[131] ggsignif_0.6.4            leiden_0.4.3.1           
[133] robustbase_0.99-2         Matrix_1.6-5             
[135] RcppAnnoy_0.0.22          RColorBrewer_1.1-3       
[137] iterators_1.0.14          spatstat.explore_3.2-7   
[139] htmlwidgets_1.6.4         beachmat_2.14.2          
[141] polyclip_1.10-6           purrr_1.0.2              
[143] gridGraphics_0.5-1        globals_0.16.3           
[145] spatstat.random_3.2-3     progressr_0.14.0         
[147] codetools_0.2-20          RSpectra_0.16-1          
[149] gtable_0.3.5              tensor_1.5               
[151] httr_1.4.7                KernSmooth_2.23-20       
[153] presto_1.0.0              stringi_1.7.8            
[155] reshape2_1.4.4            farver_2.1.1             
[157] viridis_0.6.5             ggthemes_5.1.0           
[159] hexbin_1.28.3             boot_1.3-30              
[161] scattermore_1.2           DEoptimR_1.1-3           
[163] spatstat.data_3.0-4       pkgconfig_2.0.3          
[165] knn.covertree_1.0         rstatix_0.7.2            
