[1] "The script is starting..."
                       orig.ident nCount_RNA nFeature_RNA                cell
N1-AAAGATGAGCTAACAA SeuratProject       5468         1586 N1-AAAGATGAGCTAACAA
N1-AGATCTGAGTGAATTG SeuratProject       4544         1454 N1-AGATCTGAGTGAATTG
N1-CACATAGTCGCACTCT SeuratProject       4614         1584 N1-CACATAGTCGCACTCT
N1-CTCTAATTCAAGAAGT SeuratProject       7504         2145 N1-CTCTAATTCAAGAAGT
N1-GCGCAGTGTGATAAGT SeuratProject       4541         1385 N1-GCGCAGTGTGATAAGT
N1-TCAACGATCAGGTTCA SeuratProject       4066         1369 N1-TCAACGATCAGGTTCA
                    sample     sampleType clusterID
N1-AAAGATGAGCTAACAA     N1 Control(Blood)        C8
N1-AGATCTGAGTGAATTG     N1 Control(Blood)        C8
N1-CACATAGTCGCACTCT     N1 Control(Blood)        C8
N1-CTCTAATTCAAGAAGT     N1 Control(Blood)        C2
N1-GCGCAGTGTGATAAGT     N1 Control(Blood)        C8
N1-TCAACGATCAGGTTCA     N1 Control(Blood)        C8
                                        clusterAnno cellType
N1-AAAGATGAGCTAACAA          C8: Naive CD8+ T cells      CD8
N1-AGATCTGAGTGAATTG          C8: Naive CD8+ T cells      CD8
N1-CACATAGTCGCACTCT          C8: Naive CD8+ T cells      CD8
N1-CTCTAATTCAAGAAGT C2: Central memory CD4+ T cells      CD4
N1-GCGCAGTGTGATAAGT          C8: Naive CD8+ T cells      CD8
N1-TCAACGATCAGGTTCA          C8: Naive CD8+ T cells      CD8
                                      cellType2      clonotype   alpha_CDR3_aa
N1-AAAGATGAGCTAACAA          Naive CD8+ T cells clonotype13285 CGTSTWAGTASKLTF
N1-AGATCTGAGTGAATTG          Naive CD8+ T cells clonotype86747                
N1-CACATAGTCGCACTCT          Naive CD8+ T cells  clonotype9668 CVVNGRGTGANNLFF
N1-CTCTAATTCAAGAAGT Central memory CD4+ T cells clonotype69702 CAARVGGTSYGKLTF
N1-GCGCAGTGTGATAAGT          Naive CD8+ T cells clonotype38129   CATVDFNDYKLSF
N1-TCAACGATCAGGTTCA          Naive CD8+ T cells clonotype64452  CAYRLMNRDDKIIF
                         beta_CDR3_aa percent.mt    identifier
N1-AAAGATGAGCTAACAA   CASSATGYSNQPQHF   6.181419 Zenodo3993994
N1-AGATCTGAGTGAATTG CASSQDATGGMNTEAFF   6.117958 Zenodo3993994
N1-CACATAGTCGCACTCT      CSAPDSLGGYTF   5.288253 Zenodo3993994
N1-CTCTAATTCAAGAAGT     CASSLGYQETQYF   3.278252 Zenodo3993994
N1-GCGCAGTGTGATAAGT       CASSFSGELFF   5.659546 Zenodo3993994
N1-TCAACGATCAGGTTCA CASSLGLAGAVYNEQFF   5.459911 Zenodo3993994
                    percent.CARTEx_630 PFSD.CARTEx_630 percent.CARTEx_200
N1-AAAGATGAGCTAACAA          0.4572056        2.539683         0.14630578
N1-AGATCTGAGTGAATTG          0.7042254        4.126984         0.15404930
N1-CACATAGTCGCACTCT          0.6068487        3.492063         0.13003901
N1-CTCTAATTCAAGAAGT          0.5597015        3.650794         0.06663113
N1-GCGCAGTGTGATAAGT          0.5725611        3.015873         0.13212949
N1-TCAACGATCAGGTTCA          0.6148549        2.857143         0.14756517
                    PFSD.CARTEx_200 percent.CARTEx_84 PFSD.CARTEx_84
N1-AAAGATGAGCTAACAA             2.0        0.10972933       3.571429
N1-AGATCTGAGTGAATTG             2.5        0.04401408       2.380952
N1-CACATAGTCGCACTCT             2.5        0.02167317       1.190476
N1-CTCTAATTCAAGAAGT             2.0        0.02665245       2.380952
N1-GCGCAGTGTGATAAGT             1.5        0.06606474       2.380952
N1-TCAACGATCAGGTTCA             2.0        0.04918839       2.380952
                        Disease sampleSource RNA_snn_res.0 RNA_snn_res.0.2
N1-AAAGATGAGCTAACAA Control (B)        Blood             0               2
N1-AGATCTGAGTGAATTG Control (B)        Blood             0               2
N1-CACATAGTCGCACTCT Control (B)        Blood             0               2
N1-CTCTAATTCAAGAAGT Control (B)        Blood             0               0
N1-GCGCAGTGTGATAAGT Control (B)        Blood             0               2
N1-TCAACGATCAGGTTCA Control (B)        Blood             0               2
                    RNA_snn_res.0.4 RNA_snn_res.0.6 RNA_snn_res.0.8
N1-AAAGATGAGCTAACAA               0               2               1
N1-AGATCTGAGTGAATTG               0               2               1
N1-CACATAGTCGCACTCT               0               2               1
N1-CTCTAATTCAAGAAGT               3               3               2
N1-GCGCAGTGTGATAAGT               0               2               1
N1-TCAACGATCAGGTTCA               0               2               1
                    RNA_snn_res.1 seurat_clusters DC1rank DC2rank         dpt
N1-AAAGATGAGCTAACAA             1               2   14220   22631 0.005145402
N1-AGATCTGAGTGAATTG             1               2   19151   23766 0.008258672
N1-CACATAGTCGCACTCT             1               2    7452   20424 0.003277488
N1-CTCTAATTCAAGAAGT             2               3   17509   20867 0.005051721
N1-GCGCAGTGTGATAAGT             1               2    5124   21975 0.003386891
N1-TCAACGATCAGGTTCA             1               2   14113   23320 0.005722458
                         S.Score    G2M.Score Phase old.ident
N1-AAAGATGAGCTAACAA -0.020138431 -0.036892777    G1         1
N1-AGATCTGAGTGAATTG  0.103431800  0.016473659     S         1
N1-CACATAGTCGCACTCT -0.040911584 -0.068815489    G1         1
N1-CTCTAATTCAAGAAGT  0.005477459  0.006010222   G2M         2
N1-GCGCAGTGTGATAAGT -0.013429952 -0.006109898    G1         1
N1-TCAACGATCAGGTTCA -0.009594049  0.029656845   G2M         1
[1] "generating figure for  ./plots/Zenodo3993994_blood_prepare_ridgeplt"
[1] "generating figure for  ./plots/Zenodo3993994_blood_prepare_PCAplot"
[1] "generating figure for  ./plots/Zenodo3993994_blood_prepare_PCAplot_regressed"
[1] "generating figure for  ./plots/Zenodo3993994_blood_prepare_barplot_phase"
[1] "generating figure for  ./plots/Zenodo3993994_blood_prepare_umap_phase"
[1] "generating figure for  ./plots/Zenodo3993994_blood_prepare_umap_phase_highlight"
    celltype.l1       celltype.l2     N
         <fctr>            <fctr> <int>
 1:     other T               gdT   835
 2:       CD8 T           CD8 TEM  1796
 3:       CD8 T           CD8 TCM  2883
 4:     other T               dnT   181
 5:           B    B intermediate   899
 6:       CD4 T           CD4 TCM 14889
 7:          DC               pDC   284
 8:          NK                NK  1546
 9:           B           B naive   903
10:        Mono         CD14 Mono  3673
11:           B       Plasmablast   299
12:       CD4 T         CD4 Naive  1403
13:       CD4 T              Treg   298
14:        Mono         CD16 Mono   891
15:       other              HSPC   300
16:          NK  NK Proliferating   214
17:       CD4 T           CD4 TEM   703
18:       CD8 T         CD8 Naive  1148
19:     other T              MAIT   600
20:           B          B memory   597
21:          NK     NK_CD56bright   291
22:          DC              cDC2   472
23:       other          Platelet   566
24:       other             Eryth    81
25:       CD4 T           CD4 CTL   296
26:          DC              cDC1   150
27:       CD4 T CD4 Proliferating    57
28:       other               ILC   131
29:          DC              ASDC    16
30:       CD8 T CD8 Proliferating    31
    celltype.l1       celltype.l2     N
         label.main                    label.fine     N
             <char>                        <char> <int>
 1:    CD8+ T cells             Naive CD8 T cells     4
 2:    CD8+ T cells    Central memory CD8 T cells     4
 3:    CD8+ T cells   Effector memory CD8 T cells     4
 4:    CD8+ T cells Terminal effector CD8 T cells     4
 5:         T cells                    MAIT cells     4
 6:         T cells                Vd2 gd T cells     4
 7:         T cells            Non-Vd2 gd T cells     4
 8:    CD4+ T cells     Follicular helper T cells     4
 9:    CD4+ T cells            T regulatory cells     4
10:    CD4+ T cells                     Th1 cells     4
11:    CD4+ T cells                Th1/Th17 cells     4
12:    CD4+ T cells                    Th17 cells     4
13:    CD4+ T cells                     Th2 cells     4
14:    CD4+ T cells             Naive CD4 T cells     4
15:     Progenitors              Progenitor cells     4
16:         B cells                 Naive B cells     4
17:         B cells   Non-switched memory B cells     4
18:         B cells             Exhausted B cells     4
19:         B cells       Switched memory B cells     4
20:         B cells                  Plasmablasts     4
21:       Monocytes           Classical monocytes     4
22:       Monocytes        Intermediate monocytes     4
23:       Monocytes       Non classical monocytes     4
24:        NK cells          Natural killer cells     4
25: Dendritic cells  Plasmacytoid dendritic cells     4
26: Dendritic cells       Myeloid dendritic cells     4
27:     Neutrophils       Low-density neutrophils     4
28:       Basophils         Low-density basophils     4
29:    CD4+ T cells Terminal effector CD4 T cells     2
         label.main                    label.fine     N
[1] "CD8+ T cells"
       label.main                       label.fine     N
           <char>                           <char> <int>
 1:       B cells                   B cells, naive   106
 2:     Monocytes                 Monocytes, CD14+   106
 3:     Monocytes                 Monocytes, CD16+   105
 4:      NK cells                         NK cells   105
 5: T cells, CD4+       T cells, CD4+, memory TREG   104
 6: T cells, CD4+             T cells, CD4+, naive   103
 7: T cells, CD4+ T cells, CD4+, naive, stimulated   102
 8: T cells, CD4+        T cells, CD4+, naive TREG   104
 9: T cells, CD4+               T cells, CD4+, TFH   104
10: T cells, CD4+               T cells, CD4+, Th1   104
11: T cells, CD4+            T cells, CD4+, Th1_17   104
12: T cells, CD4+              T cells, CD4+, Th17   104
13: T cells, CD4+               T cells, CD4+, Th2   104
14: T cells, CD8+             T cells, CD8+, naive   104
15: T cells, CD8+ T cells, CD8+, naive, stimulated   102
[1] "T cells, CD8+"

CD8 Naive 
    26414 
                      azimuth
N1-AAAGATGAGCTAACAA CD8 Naive
[1] "generating figure for  ./plots/Zenodo3993994_blood_umap_predicted_azimuth"
ERROR : No cells found  for  CD8 Proliferating 
[1] "generating figure for  ./plots/Zenodo3993994_blood_prepare_umap_predicted_azimuth_highlight"

   Central memory CD8 T cells   Effector memory CD8 T cells 
                         5172                          3905 
            Naive CD8 T cells Terminal effector CD8 T cells 
                         6176                         11161 
                                           monaco
N1-AAAGATGAGCTAACAA             Naive CD8 T cells
N1-CTCTAATTCAAGAAGT    Central memory CD8 T cells
N1-AAATGCCAGCTGATAA   Effector memory CD8 T cells
N1-ACACCAATCTTCGGTC Terminal effector CD8 T cells
[1] "generating figure for  ./plots/Zenodo3993994_blood_prepare_umap_predicted_monaco"
[1] "generating figure for  ./plots/Zenodo3993994_blood_prepare_umap_predicted_monaco_highlight"

            T cells, CD8+, naive T cells, CD8+, naive, stimulated 
                           24921                             1493 
                                                dice
N1-AAAGATGAGCTAACAA             T cells, CD8+, naive
N1-AGAGCTTCATTGTGCA T cells, CD8+, naive, stimulated
[1] "generating figure for  ./plots/Zenodo3993994_blood_umap_predicted_dice"
[1] "generating figure for  ./plots/Zenodo3993994_blood_prepare_umap_predicted_dice_highlight"
[1] "generating figure for  ./plots/Zenodo3993994_blood_prepare_featureplot_Tcell_markers"
     azimuth                        monaco                             dice
      <fctr>                        <fctr>                           <fctr>
1: CD8 Naive             Naive CD8 T cells             T cells, CD8+, naive
2: CD8 Naive    Central memory CD8 T cells             T cells, CD8+, naive
3: CD8 Naive   Effector memory CD8 T cells             T cells, CD8+, naive
4: CD8 Naive Terminal effector CD8 T cells             T cells, CD8+, naive
5: CD8 Naive    Central memory CD8 T cells T cells, CD8+, naive, stimulated
6: CD8 Naive             Naive CD8 T cells T cells, CD8+, naive, stimulated
7: CD8 Naive Terminal effector CD8 T cells T cells, CD8+, naive, stimulated
8: CD8 Naive   Effector memory CD8 T cells T cells, CD8+, naive, stimulated
       N
   <int>
1:  6022
2:  4958
3:  3618
4: 10323
5:   214
6:   154
7:   838
8:   287
[1] "generating figure for  ./plots/Zenodo3993994_blood_prepare_barplot_azimuth_seurat_clusters"
[1] "generating figure for  ./plots/Zenodo3993994_blood_prepare_barplot_monaco_seurat_clusters"
[1] "generating figure for  ./plots/Zenodo3993994_blood_prepare_barplot_dice_seurat_clusters"
[1] "generating figure for  ./plots/Zenodo3993994_blood_prepare_barplot_azimuth_disease"
[1] "generating figure for  ./plots/Zenodo3993994_blood_prepare_barplot_monaco_disease"
[1] "generating figure for  ./plots/Zenodo3993994_blood_prepare_barplot_dice_disease"
[1] "generating figure for  ./plots/Zenodo3993994_blood_prepare_barplot_phase_disease"
[1] "generating figure for  ./plots/Zenodo3993994_blood_prepare_umap_sig_activationi"
[1] "generating figure for  ./plots/Zenodo3993994_blood_prepare_umap_sig_activationi_highlight"
[1] "generating figure for  ./plots/Zenodo3993994_blood_prepare_umap_sig_anergyi"
ERROR : No cells found  for  -4 
[1] "generating figure for  ./plots/Zenodo3993994_blood_prepare_umap_sig_anergyi_highlight"
[1] "generating figure for  ./plots/Zenodo3993994_blood_prepare_umap_sig_stemnessi"
[1] "generating figure for  ./plots/Zenodo3993994_blood_prepare_umap_sig_stemnessi_highlight"
[1] "generating figure for  ./plots/Zenodo3993994_blood_prepare_umap_sig_senescencei"
[1] "generating figure for  ./plots/Zenodo3993994_blood_prepare_umap_sig_senescencei_highlight"
[1] "generating figure for  ./plots/Zenodo3993994_blood_prepare_umap_CARTEx_84"
[1] "generating figure for  ./plots/Zenodo3993994_blood_prepare_umap_CARTEx_200"
[1] "generating figure for  ./plots/Zenodo3993994_blood_prepare_umap_CARTEx_630"
[1] "generating figure for  ./plots/Zenodo3993994_blood_prepare_umap_sig_activation"
[1] "generating figure for  ./plots/Zenodo3993994_blood_prepare_umap_sig_anergy"
[1] "generating figure for  ./plots/Zenodo3993994_blood_prepare_umap_sig_stemness"
[1] "generating figure for  ./plots/Zenodo3993994_blood_prepare_umap_sig_senescence"
[1] "generating figure for  ./plots/Zenodo3993994_blood_prepare_umap_NKlike_Tex"
[1] "generating figure for  ./plots/Zenodo3993994_blood_prepare_umap_LCMV_Tex"
[1] "generating figure for  ./plots/Zenodo3993994_blood_prepare_umap_BBD_Tex"
[1] "generating figure for  ./plots/Zenodo3993994_blood_prepare_umap_PD1_Tex"
[1] "generating figure for  ./plots/Zenodo3993994_blood_prepare_dmap_CARTEx_84"
[1] "generating figure for  ./plots/Zenodo3993994_blood_prepare_dmap_CARTEx_200"
[1] "generating figure for  ./plots/Zenodo3993994_blood_prepare_dmap_CARTEx_630"
[1] "generating figure for  ./plots/Zenodo3993994_blood_prepare_dmap_sig_activation"
[1] "generating figure for  ./plots/Zenodo3993994_blood_prepare_dmap_sig_anergy"
[1] "generating figure for  ./plots/Zenodo3993994_blood_prepare_dmap_sig_stemness"
[1] "generating figure for  ./plots/Zenodo3993994_blood_prepare_dmap_sig_senescence"
                       orig.ident nCount_RNA nFeature_RNA                cell
N1-AAAGATGAGCTAACAA SeuratProject       5468         1586 N1-AAAGATGAGCTAACAA
N1-AGATCTGAGTGAATTG SeuratProject       4544         1454 N1-AGATCTGAGTGAATTG
N1-CACATAGTCGCACTCT SeuratProject       4614         1584 N1-CACATAGTCGCACTCT
N1-CTCTAATTCAAGAAGT SeuratProject       7504         2145 N1-CTCTAATTCAAGAAGT
N1-GCGCAGTGTGATAAGT SeuratProject       4541         1385 N1-GCGCAGTGTGATAAGT
N1-TCAACGATCAGGTTCA SeuratProject       4066         1369 N1-TCAACGATCAGGTTCA
N1-AAATGCCAGCTGATAA SeuratProject       4046         1577 N1-AAATGCCAGCTGATAA
N1-AACTCCCAGGTGGGTT SeuratProject       2871         1304 N1-AACTCCCAGGTGGGTT
N1-AACTCTTCATCCTTGC SeuratProject       2664         1084 N1-AACTCTTCATCCTTGC
N1-AAGACCTCACAGCGTC SeuratProject       3777         1289 N1-AAGACCTCACAGCGTC
                    sample     sampleType clusterID
N1-AAAGATGAGCTAACAA     N1 Control(Blood)        C8
N1-AGATCTGAGTGAATTG     N1 Control(Blood)        C8
N1-CACATAGTCGCACTCT     N1 Control(Blood)        C8
N1-CTCTAATTCAAGAAGT     N1 Control(Blood)        C2
N1-GCGCAGTGTGATAAGT     N1 Control(Blood)        C8
N1-TCAACGATCAGGTTCA     N1 Control(Blood)        C8
N1-AAATGCCAGCTGATAA     N1 Control(Blood)        C4
N1-AACTCCCAGGTGGGTT     N1 Control(Blood)        C4
N1-AACTCTTCATCCTTGC     N1 Control(Blood)        C7
N1-AAGACCTCACAGCGTC     N1 Control(Blood)        C7
                                        clusterAnno cellType
N1-AAAGATGAGCTAACAA          C8: Naive CD8+ T cells      CD8
N1-AGATCTGAGTGAATTG          C8: Naive CD8+ T cells      CD8
N1-CACATAGTCGCACTCT          C8: Naive CD8+ T cells      CD8
N1-CTCTAATTCAAGAAGT C2: Central memory CD4+ T cells      CD4
N1-GCGCAGTGTGATAAGT          C8: Naive CD8+ T cells      CD8
N1-TCAACGATCAGGTTCA          C8: Naive CD8+ T cells      CD8
N1-AAATGCCAGCTGATAA   C4: Transitional CD8+ T cells      CD8
N1-AACTCCCAGGTGGGTT   C4: Transitional CD8+ T cells      CD8
N1-AACTCTTCATCCTTGC                   C7: Th2 cells      CD4
N1-AAGACCTCACAGCGTC                   C7: Th2 cells      CD4
                                      cellType2      clonotype   alpha_CDR3_aa
N1-AAAGATGAGCTAACAA          Naive CD8+ T cells clonotype13285 CGTSTWAGTASKLTF
N1-AGATCTGAGTGAATTG          Naive CD8+ T cells clonotype86747                
N1-CACATAGTCGCACTCT          Naive CD8+ T cells  clonotype9668 CVVNGRGTGANNLFF
N1-CTCTAATTCAAGAAGT Central memory CD4+ T cells clonotype69702 CAARVGGTSYGKLTF
N1-GCGCAGTGTGATAAGT          Naive CD8+ T cells clonotype38129   CATVDFNDYKLSF
N1-TCAACGATCAGGTTCA          Naive CD8+ T cells clonotype64452  CAYRLMNRDDKIIF
N1-AAATGCCAGCTGATAA   Transitional CD8+ T cells  clonotype3228    CAVSVDGQKLLF
N1-AACTCCCAGGTGGGTT   Transitional CD8+ T cells   clonotype229   CAYRSANSFKTIF
N1-AACTCTTCATCCTTGC                   Th2 cells   clonotype645   CAVKRDSSYKLIF
N1-AAGACCTCACAGCGTC                   Th2 cells clonotype32417    CVVNSGYSTLTF
                         beta_CDR3_aa percent.mt    identifier
N1-AAAGATGAGCTAACAA   CASSATGYSNQPQHF   6.181419 Zenodo3993994
N1-AGATCTGAGTGAATTG CASSQDATGGMNTEAFF   6.117958 Zenodo3993994
N1-CACATAGTCGCACTCT      CSAPDSLGGYTF   5.288253 Zenodo3993994
N1-CTCTAATTCAAGAAGT     CASSLGYQETQYF   3.278252 Zenodo3993994
N1-GCGCAGTGTGATAAGT       CASSFSGELFF   5.659546 Zenodo3993994
N1-TCAACGATCAGGTTCA CASSLGLAGAVYNEQFF   5.459911 Zenodo3993994
N1-AAATGCCAGCTGATAA   CASRRTSGSTDTQYF   5.981216 Zenodo3993994
N1-AACTCCCAGGTGGGTT     CASKPGSNEKLFF   4.702194 Zenodo3993994
N1-AACTCTTCATCCTTGC     CASSYGGNTEAFF   1.426426 Zenodo3993994
N1-AAGACCTCACAGCGTC  CASSPRGGGQEDTQYF   4.050834 Zenodo3993994
                    percent.CARTEx_630 PFSD.CARTEx_630 percent.CARTEx_200
N1-AAAGATGAGCTAACAA          0.4572056        2.539683         0.14630578
N1-AGATCTGAGTGAATTG          0.7042254        4.126984         0.15404930
N1-CACATAGTCGCACTCT          0.6068487        3.492063         0.13003901
N1-CTCTAATTCAAGAAGT          0.5597015        3.650794         0.06663113
N1-GCGCAGTGTGATAAGT          0.5725611        3.015873         0.13212949
N1-TCAACGATCAGGTTCA          0.6148549        2.857143         0.14756517
N1-AAATGCCAGCTGATAA          0.9886307        4.603175         0.27187346
N1-AACTCCCAGGTGGGTT          1.8808777        5.555556         0.73145246
N1-AACTCTTCATCCTTGC          0.6381381        1.746032         0.11261261
N1-AAGACCTCACAGCGTC          0.5030447        2.539683         0.13238020
                    PFSD.CARTEx_200 percent.CARTEx_84 PFSD.CARTEx_84
N1-AAAGATGAGCTAACAA             2.0        0.10972933       3.571429
N1-AGATCTGAGTGAATTG             2.5        0.04401408       2.380952
N1-CACATAGTCGCACTCT             2.5        0.02167317       1.190476
N1-CTCTAATTCAAGAAGT             2.0        0.02665245       2.380952
N1-GCGCAGTGTGATAAGT             1.5        0.06606474       2.380952
N1-TCAACGATCAGGTTCA             2.0        0.04918839       2.380952
N1-AAATGCCAGCTGATAA             4.0        0.14829461       3.571429
N1-AACTCCCAGGTGGGTT             6.5        0.27864855       5.952381
N1-AACTCTTCATCCTTGC             1.0        0.03753754       1.190476
N1-AAGACCTCACAGCGTC             2.0        0.05295208       2.380952
                        Disease sampleSource RNA_snn_res.0 RNA_snn_res.0.2
N1-AAAGATGAGCTAACAA Control (B)        Blood             0               2
N1-AGATCTGAGTGAATTG Control (B)        Blood             0               2
N1-CACATAGTCGCACTCT Control (B)        Blood             0               2
N1-CTCTAATTCAAGAAGT Control (B)        Blood             0               0
N1-GCGCAGTGTGATAAGT Control (B)        Blood             0               2
N1-TCAACGATCAGGTTCA Control (B)        Blood             0               2
N1-AAATGCCAGCTGATAA Control (B)        Blood             0               0
N1-AACTCCCAGGTGGGTT Control (B)        Blood             0               0
N1-AACTCTTCATCCTTGC Control (B)        Blood             0               0
N1-AAGACCTCACAGCGTC Control (B)        Blood             0               0
                    RNA_snn_res.0.4 RNA_snn_res.0.6 RNA_snn_res.0.8
N1-AAAGATGAGCTAACAA               0               2               1
N1-AGATCTGAGTGAATTG               0               2               1
N1-CACATAGTCGCACTCT               0               2               1
N1-CTCTAATTCAAGAAGT               3               3               2
N1-GCGCAGTGTGATAAGT               0               2               1
N1-TCAACGATCAGGTTCA               0               2               1
N1-AAATGCCAGCTGATAA               2               0               3
N1-AACTCCCAGGTGGGTT               2               0               3
N1-AACTCTTCATCCTTGC               3               3               2
N1-AAGACCTCACAGCGTC               3               3               2
                    RNA_snn_res.1 seurat_clusters DC1rank DC2rank         dpt
N1-AAAGATGAGCTAACAA             1               2   14220   22631 0.005145402
N1-AGATCTGAGTGAATTG             1               2   19151   23766 0.008258672
N1-CACATAGTCGCACTCT             1               2    7452   20424 0.003277488
N1-CTCTAATTCAAGAAGT             2               3   17509   20867 0.005051721
N1-GCGCAGTGTGATAAGT             1               2    5124   21975 0.003386891
N1-TCAACGATCAGGTTCA             1               2   14113   23320 0.005722458
N1-AAATGCCAGCTGATAA             3               0    8600   14262 0.001520885
N1-AACTCCCAGGTGGGTT             3               0    7255   15843 0.001556427
N1-AACTCTTCATCCTTGC             2               3   11877   18308 0.003227255
N1-AAGACCTCACAGCGTC             2               3   10310   18472 0.003112082
                         S.Score    G2M.Score Phase old.ident   azimuth
N1-AAAGATGAGCTAACAA -0.020138431 -0.036892777    G1         1 CD8 Naive
N1-AGATCTGAGTGAATTG  0.103431800  0.016473659     S         1 CD8 Naive
N1-CACATAGTCGCACTCT -0.040911584 -0.068815489    G1         1 CD8 Naive
N1-CTCTAATTCAAGAAGT  0.005477459  0.006010222   G2M         2 CD8 Naive
N1-GCGCAGTGTGATAAGT -0.013429952 -0.006109898    G1         1 CD8 Naive
N1-TCAACGATCAGGTTCA -0.009594049  0.029656845   G2M         1 CD8 Naive
N1-AAATGCCAGCTGATAA  0.003282507  0.020751404   G2M         3 CD8 Naive
N1-AACTCCCAGGTGGGTT  0.122947060 -0.008511164     S         3 CD8 Naive
N1-AACTCTTCATCCTTGC  0.085110544 -0.024031453     S         2 CD8 Naive
N1-AAGACCTCACAGCGTC  0.034619767 -0.032979315     S         2 CD8 Naive
                                         monaco                 dice CARTEx_630
N1-AAAGATGAGCTAACAA           Naive CD8 T cells T cells, CD8+, naive -1.3314183
N1-AGATCTGAGTGAATTG           Naive CD8 T cells T cells, CD8+, naive -0.2409968
N1-CACATAGTCGCACTCT           Naive CD8 T cells T cells, CD8+, naive -0.6443118
N1-CTCTAATTCAAGAAGT  Central memory CD8 T cells T cells, CD8+, naive -0.9207320
N1-GCGCAGTGTGATAAGT           Naive CD8 T cells T cells, CD8+, naive -0.8448444
N1-TCAACGATCAGGTTCA           Naive CD8 T cells T cells, CD8+, naive -1.0161364
N1-AAATGCCAGCTGATAA Effector memory CD8 T cells T cells, CD8+, naive  0.1979194
N1-AACTCCCAGGTGGGTT Effector memory CD8 T cells T cells, CD8+, naive  1.7017333
N1-AACTCTTCATCCTTGC  Central memory CD8 T cells T cells, CD8+, naive -1.3830352
N1-AAGACCTCACAGCGTC  Central memory CD8 T cells T cells, CD8+, naive -1.1398276
                    CARTEx_630i CARTEx_200 CARTEx_200i   CARTEx_84 CARTEx_84i
N1-AAAGATGAGCTAACAA          -1 -0.9838241          -1  0.01684382          0
N1-AGATCTGAGTGAATTG           0 -0.8291883          -1 -0.69016299         -1
N1-CACATAGTCGCACTCT          -1 -0.9436909          -1 -1.07671575         -1
N1-CTCTAATTCAAGAAGT          -1 -1.3038115          -1 -0.89625755         -1
N1-GCGCAGTGTGATAAGT          -1 -1.1177676          -1 -0.51748550         -1
N1-TCAACGATCAGGTTCA          -1 -0.9693799          -1 -0.63952817         -1
N1-AAATGCCAGCTGATAA           0 -0.3171385           0  0.15094327          0
N1-AACTCCCAGGTGGGTT           2  1.1263743           1  1.47319656          1
N1-AACTCTTCATCCTTGC          -1 -1.2873569          -1 -0.93454420         -1
N1-AAGACCTCACAGCGTC          -1 -1.0097361          -1 -0.62018645         -1
                     Activation      Anergy    Stemness Senescence Activationi
N1-AAAGATGAGCTAACAA -0.48687673 -0.61315518  0.06343793 -2.2655551           0
N1-AGATCTGAGTGAATTG -0.08023937 -0.15598465  0.12760976 -0.8368779           0
N1-CACATAGTCGCACTCT -0.52916504 -1.40274090  0.41835208 -0.7260812          -1
N1-CTCTAATTCAAGAAGT -1.72856916  0.46849584 -0.86545228 -0.1204874          -2
N1-GCGCAGTGTGATAAGT -1.41708133 -1.27187945  1.10866986 -0.9823458          -1
N1-TCAACGATCAGGTTCA -0.89795618 -0.22662339  0.50383637 -1.4527897          -1
N1-AAATGCCAGCTGATAA  1.07981561 -0.55883244  0.16822411  1.1774879           1
N1-AACTCCCAGGTGGGTT -0.36242010  1.87407583  0.08962726  0.1783506           0
N1-AACTCTTCATCCTTGC  0.04717518  0.22969864  0.73537622 -0.5442189           0
N1-AAGACCTCACAGCGTC -0.85087913  0.02031206 -0.76462315  0.9919373          -1
                    Anergyi Stemnessi Senescencei NKlike_Tex    LCMV_Tex
N1-AAAGATGAGCTAACAA      -1         0          -2 -1.2886414 -1.24312792
N1-AGATCTGAGTGAATTG       0         0          -1 -1.4355470 -0.54125499
N1-CACATAGTCGCACTCT      -1         0          -1 -1.0336362  0.19917018
N1-CTCTAATTCAAGAAGT       0        -1           0 -1.2699592 -0.78289839
N1-GCGCAGTGTGATAAGT      -1         1          -1 -1.0968403 -0.80650414
N1-TCAACGATCAGGTTCA       0         1          -1 -1.1949196  0.05903869
N1-AAATGCCAGCTGATAA      -1         0           1 -0.5140636  0.54220835
N1-AACTCCCAGGTGGGTT       2         0           0 -0.1744027 -0.60494058
N1-AACTCTTCATCCTTGC       0         1          -1 -0.7871168  1.31699670
N1-AAGACCTCACAGCGTC       0        -1           1 -1.2570076  1.22693955
                       BBD_Tex    PD1_Tex NKlike_Texi LCMV_Texi BBD_Texi
N1-AAAGATGAGCTAACAA -2.0940540 -0.4764406          -1        -1       -2
N1-AGATCTGAGTGAATTG -1.6290778 -1.3033371          -1        -1       -2
N1-CACATAGTCGCACTCT -0.1561947  0.1385786          -1         0        0
N1-CTCTAATTCAAGAAGT -1.0372959  0.1422298          -1        -1       -1
N1-GCGCAGTGTGATAAGT -1.4796495 -0.7874157          -1        -1       -1
N1-TCAACGATCAGGTTCA -1.0649709 -0.4692511          -1         0       -1
N1-AAATGCCAGCTGATAA  0.4477998  0.8578713          -1         1        0
N1-AACTCCCAGGTGGGTT  1.1978777  0.2374861           0        -1        1
N1-AACTCTTCATCCTTGC  0.3240235 -1.3688983          -1         1        0
N1-AAGACCTCACAGCGTC -1.3367473 -0.7032043          -1         1       -1
                    PD1_Texi
N1-AAAGATGAGCTAACAA        0
N1-AGATCTGAGTGAATTG       -1
N1-CACATAGTCGCACTCT        0
N1-CTCTAATTCAAGAAGT        0
N1-GCGCAGTGTGATAAGT       -1
N1-TCAACGATCAGGTTCA        0
N1-AAATGCCAGCTGATAA        1
N1-AACTCCCAGGTGGGTT        0
N1-AACTCTTCATCCTTGC       -1
N1-AAGACCTCACAGCGTC       -1
[1] "The script has completed..."
     user    system   elapsed 
 6361.753 13899.545  5260.604 
R version 4.2.0 (2022-04-22)
Platform: x86_64-pc-linux-gnu (64-bit)
Running under: CentOS Linux 7 (Core)

Matrix products: default
BLAS/LAPACK: /share/software/user/open/openblas/0.3.10/lib/libopenblas_haswellp-r0.3.10.so

locale:
 [1] LC_CTYPE=en_US.UTF-8       LC_NUMERIC=C              
 [3] LC_TIME=en_US.UTF-8        LC_COLLATE=en_US.UTF-8    
 [5] LC_MONETARY=en_US.UTF-8    LC_MESSAGES=en_US.UTF-8   
 [7] LC_PAPER=en_US.UTF-8       LC_NAME=C                 
 [9] LC_ADDRESS=C               LC_TELEPHONE=C            
[11] LC_MEASUREMENT=en_US.UTF-8 LC_IDENTIFICATION=C       

attached base packages:
[1] grid      stats4    stats     graphics  grDevices utils     datasets 
[8] methods   base     

other attached packages:
 [1] cowplot_1.1.3               ca_0.71.1                  
 [3] ComplexHeatmap_2.14.0       ComplexUpset_1.3.3         
 [5] ggbeeswarm_0.7.2            glmGamPoi_1.10.2           
 [7] ROGUE_1.0                   clustree_0.5.1             
 [9] ggraph_2.2.1                EnhancedVolcano_1.16.0     
[11] ggrepel_0.9.5               patchwork_1.2.0            
[13] data.table_1.15.4           destiny_3.12.0             
[15] scuttle_1.11.3              SingleCellExperiment_1.20.1
[17] SingleR_2.0.0               SummarizedExperiment_1.28.0
[19] Biobase_2.58.0              GenomicRanges_1.50.2       
[21] GenomeInfoDb_1.34.9         IRanges_2.32.0             
[23] S4Vectors_0.36.2            BiocGenerics_0.44.0        
[25] MatrixGenerics_1.10.0       matrixStats_1.1.0          
[27] dplyr_1.1.4                 stringr_1.5.1              
[29] ggplotify_0.1.2             ggpubr_0.6.0               
[31] ggplot2_3.5.1               Seurat_5.0.3               
[33] SeuratObject_5.0.1          sp_2.1-4                   

loaded via a namespace (and not attached):
  [1] rsvd_1.0.5                vcd_1.4-12               
  [3] ica_1.0-3                 class_7.3-22             
  [5] foreach_1.5.2             lmtest_0.9-40            
  [7] crayon_1.5.2              laeken_0.5.3             
  [9] MASS_7.3-60.0.1           nlme_3.1-164             
 [11] backports_1.4.1           rlang_1.1.3              
 [13] XVector_0.38.0            ROCR_1.0-11              
 [15] irlba_2.3.5.1             smoother_1.3             
 [17] BiocParallel_1.32.6       rjson_0.2.21             
 [19] glue_1.7.0                sctransform_0.4.1        
 [21] parallel_4.2.0            vipor_0.4.7              
 [23] spatstat.sparse_3.0-3     dotCall64_1.1-1          
 [25] spatstat.geom_3.2-9       tidyselect_1.2.1         
 [27] fitdistrplus_1.1-11       tidyr_1.3.1              
 [29] zoo_1.8-12                xtable_1.8-4             
 [31] RcppHNSW_0.6.0            magrittr_2.0.3           
 [33] cli_3.6.2                 zlibbioc_1.44.0          
 [35] miniUI_0.1.1.1            RcppEigen_0.3.4.0.0      
 [37] fastDummies_1.7.3         shiny_1.8.1.1            
 [39] BiocSingular_1.14.0       clue_0.3-65              
 [41] cluster_2.1.6             tidygraph_1.3.1          
 [43] pcaMethods_1.90.0         tibble_3.2.1             
 [45] listenv_0.9.1             png_0.1-8                
 [47] future_1.33.2             withr_3.0.0              
 [49] bitops_1.0-7              ggforce_0.4.2            
 [51] ranger_0.16.0             plyr_1.8.9               
 [53] e1071_1.7-14              pillar_1.9.0             
 [55] GlobalOptions_0.1.2       cachem_1.0.8             
 [57] fs_1.6.4                  scatterplot3d_0.3-44     
 [59] TTR_0.24.4                GetoptLong_1.0.5         
 [61] DelayedMatrixStats_1.20.0 xts_0.13.2               
 [63] vctrs_0.6.5               generics_0.1.3           
 [65] tools_4.2.0               beeswarm_0.4.0           
 [67] munsell_0.5.1             tweenr_2.0.3             
 [69] proxy_0.4-27              DelayedArray_0.24.0      
 [71] fastmap_1.1.1             compiler_4.2.0           
 [73] abind_1.4-5               httpuv_1.6.15            
 [75] plotly_4.10.4             GenomeInfoDbData_1.2.9   
 [77] gridExtra_2.3             lattice_0.22-6           
 [79] deldir_2.0-4              utf8_1.2.4               
 [81] later_1.3.2               jsonlite_1.8.8           
 [83] ggplot.multistats_1.0.0   scales_1.3.0             
 [85] ScaledMatrix_1.6.0        pbapply_1.7-2            
 [87] carData_3.0-5             sparseMatrixStats_1.10.0 
 [89] lazyeval_0.2.2            promises_1.3.0           
 [91] car_3.1-2                 doParallel_1.0.17        
 [93] goftest_1.2-3             spatstat.utils_3.0-4     
 [95] reticulate_1.36.1         Rtsne_0.17               
 [97] uwot_0.2.2                igraph_2.0.3             
 [99] survival_3.6-4            systemfonts_1.0.6        
[101] htmltools_0.5.8.1         memoise_2.0.1            
[103] graphlayouts_1.1.1        viridisLite_0.4.2        
[105] digest_0.6.35             mime_0.12                
[107] spam_2.10-0               yulab.utils_0.1.4        
[109] future.apply_1.11.2       splines_4.2.0            
[111] labeling_0.4.3            RCurl_1.98-1.14          
[113] broom_1.0.5               colorspace_2.1-0         
[115] shape_1.4.6.1             ggrastr_1.0.2            
[117] nnet_7.3-19               Rcpp_1.0.12              
[119] RANN_2.6.1                circlize_0.4.16          
[121] fansi_1.0.6               VIM_6.2.2                
[123] parallelly_1.37.1         R6_2.5.1                 
[125] ggridges_0.5.6            lifecycle_1.0.4          
[127] curl_5.2.1                ggsignif_0.6.4           
[129] leiden_0.4.3.1            robustbase_0.99-2        
[131] Matrix_1.6-5              RcppAnnoy_0.0.22         
[133] RColorBrewer_1.1-3        iterators_1.0.14         
[135] spatstat.explore_3.2-7    htmlwidgets_1.6.4        
[137] beachmat_2.14.2           polyclip_1.10-6          
[139] purrr_1.0.2               gridGraphics_0.5-1       
[141] globals_0.16.3            spatstat.random_3.2-3    
[143] progressr_0.14.0          codetools_0.2-20         
[145] RSpectra_0.16-1           gtable_0.3.5             
[147] tensor_1.5                httr_1.4.7               
[149] KernSmooth_2.23-20        stringi_1.7.8            
[151] reshape2_1.4.4            farver_2.1.1             
[153] viridis_0.6.5             ggthemes_5.1.0           
[155] hexbin_1.28.3             boot_1.3-30              
[157] scattermore_1.2           DEoptimR_1.1-3           
[159] spatstat.data_3.0-4       pkgconfig_2.0.3          
[161] rstatix_0.7.2            
